mode: atomic
github.com/kubepulse/kubepulse/cmd/kubepulse/main.go:11.13,15.43 2 0
github.com/kubepulse/kubepulse/cmd/kubepulse/main.go:15.43,18.3 2 0
github.com/kubepulse/kubepulse/cmd/kubepulse/commands/check.go:22.13,25.2 2 0
github.com/kubepulse/kubepulse/cmd/kubepulse/commands/check.go:27.56,29.19 2 0
github.com/kubepulse/kubepulse/cmd/kubepulse/commands/check.go:29.19,31.3 1 0
github.com/kubepulse/kubepulse/cmd/kubepulse/commands/check.go:33.2,40.19 6 0
github.com/kubepulse/kubepulse/cmd/kubepulse/commands/check.go:41.20,43.22 2 0
github.com/kubepulse/kubepulse/cmd/kubepulse/commands/check.go:43.22,46.19 1 0
github.com/kubepulse/kubepulse/cmd/kubepulse/commands/check.go:46.19,48.5 1 0
github.com/kubepulse/kubepulse/cmd/kubepulse/commands/check.go:50.3,50.41 1 0
github.com/kubepulse/kubepulse/cmd/kubepulse/commands/check.go:52.21,54.41 2 0
github.com/kubepulse/kubepulse/cmd/kubepulse/commands/check.go:56.10,57.52 1 0
github.com/kubepulse/kubepulse/cmd/kubepulse/commands/check.go:60.2,60.16 1 0
github.com/kubepulse/kubepulse/cmd/kubepulse/commands/check.go:60.16,62.3 1 0
github.com/kubepulse/kubepulse/cmd/kubepulse/commands/check.go:65.2,68.12 3 0
github.com/kubepulse/kubepulse/cmd/kubepulse/commands/diagnose.go:38.13,45.2 5 0
github.com/kubepulse/kubepulse/cmd/kubepulse/commands/diagnose.go:47.59,48.20 1 0
github.com/kubepulse/kubepulse/cmd/kubepulse/commands/diagnose.go:48.20,50.3 1 0
github.com/kubepulse/kubepulse/cmd/kubepulse/commands/diagnose.go:52.2,55.19 3 0
github.com/kubepulse/kubepulse/cmd/kubepulse/commands/diagnose.go:55.19,57.3 1 0
github.com/kubepulse/kubepulse/cmd/kubepulse/commands/diagnose.go:60.2,78.16 7 0
github.com/kubepulse/kubepulse/cmd/kubepulse/commands/diagnose.go:78.16,80.3 1 0
github.com/kubepulse/kubepulse/cmd/kubepulse/commands/diagnose.go:83.2,86.52 2 0
github.com/kubepulse/kubepulse/cmd/kubepulse/commands/diagnose.go:86.52,89.3 2 0
github.com/kubepulse/kubepulse/cmd/kubepulse/commands/diagnose.go:91.2,99.16 5 0
github.com/kubepulse/kubepulse/cmd/kubepulse/commands/diagnose.go:99.16,101.3 1 0
github.com/kubepulse/kubepulse/cmd/kubepulse/commands/diagnose.go:104.2,104.46 1 0
github.com/kubepulse/kubepulse/cmd/kubepulse/commands/diagnose.go:104.46,107.3 1 0
github.com/kubepulse/kubepulse/cmd/kubepulse/commands/diagnose.go:110.2,110.26 1 0
github.com/kubepulse/kubepulse/cmd/kubepulse/commands/diagnose.go:111.14,112.47 1 0
github.com/kubepulse/kubepulse/cmd/kubepulse/commands/diagnose.go:113.10,114.38 1 0
github.com/kubepulse/kubepulse/cmd/kubepulse/commands/diagnose.go:118.2,118.64 1 0
github.com/kubepulse/kubepulse/cmd/kubepulse/commands/diagnose.go:118.64,122.17 3 0
github.com/kubepulse/kubepulse/cmd/kubepulse/commands/diagnose.go:122.17,125.4 2 0
github.com/kubepulse/kubepulse/cmd/kubepulse/commands/diagnose.go:127.3,127.27 1 0
github.com/kubepulse/kubepulse/cmd/kubepulse/commands/diagnose.go:128.15,129.56 1 0
github.com/kubepulse/kubepulse/cmd/kubepulse/commands/diagnose.go:130.11,131.35 1 0
github.com/kubepulse/kubepulse/cmd/kubepulse/commands/diagnose.go:135.2,135.12 1 0
github.com/kubepulse/kubepulse/cmd/kubepulse/commands/diagnose.go:139.132,143.19 2 0
github.com/kubepulse/kubepulse/cmd/kubepulse/commands/diagnose.go:144.20,146.22 2 0
github.com/kubepulse/kubepulse/cmd/kubepulse/commands/diagnose.go:146.22,149.19 1 0
github.com/kubepulse/kubepulse/cmd/kubepulse/commands/diagnose.go:149.19,151.5 1 0
github.com/kubepulse/kubepulse/cmd/kubepulse/commands/diagnose.go:153.3,153.19 1 0
github.com/kubepulse/kubepulse/cmd/kubepulse/commands/diagnose.go:155.21,156.38 1 0
github.com/kubepulse/kubepulse/cmd/kubepulse/commands/diagnose.go:158.24,160.22 2 0
github.com/kubepulse/kubepulse/cmd/kubepulse/commands/diagnose.go:160.22,163.19 1 0
github.com/kubepulse/kubepulse/cmd/kubepulse/commands/diagnose.go:163.19,165.5 1 0
github.com/kubepulse/kubepulse/cmd/kubepulse/commands/diagnose.go:167.3,167.23 1 0
github.com/kubepulse/kubepulse/cmd/kubepulse/commands/diagnose.go:169.10,170.79 1 0
github.com/kubepulse/kubepulse/cmd/kubepulse/commands/diagnose.go:174.2,175.16 2 0
github.com/kubepulse/kubepulse/cmd/kubepulse/commands/diagnose.go:175.16,179.3 3 0
github.com/kubepulse/kubepulse/cmd/kubepulse/commands/diagnose.go:181.2,182.20 2 0
github.com/kubepulse/kubepulse/cmd/kubepulse/commands/diagnose.go:186.84,189.40 2 0
github.com/kubepulse/kubepulse/cmd/kubepulse/commands/diagnose.go:189.40,198.3 1 0
github.com/kubepulse/kubepulse/cmd/kubepulse/commands/diagnose.go:200.2,207.3 1 0
github.com/kubepulse/kubepulse/cmd/kubepulse/commands/diagnose.go:211.56,215.26 3 0
github.com/kubepulse/kubepulse/cmd/kubepulse/commands/diagnose.go:215.26,217.3 1 0
github.com/kubepulse/kubepulse/cmd/kubepulse/commands/diagnose.go:219.2,219.25 1 0
github.com/kubepulse/kubepulse/cmd/kubepulse/commands/diagnose.go:219.25,221.3 1 0
github.com/kubepulse/kubepulse/cmd/kubepulse/commands/diagnose.go:223.2,223.29 1 0
github.com/kubepulse/kubepulse/cmd/kubepulse/commands/diagnose.go:223.29,225.3 1 0
github.com/kubepulse/kubepulse/cmd/kubepulse/commands/diagnose.go:229.58,236.30 6 0
github.com/kubepulse/kubepulse/cmd/kubepulse/commands/diagnose.go:236.30,238.3 1 0
github.com/kubepulse/kubepulse/cmd/kubepulse/commands/diagnose.go:240.2,240.39 1 0
github.com/kubepulse/kubepulse/cmd/kubepulse/commands/diagnose.go:240.39,242.48 2 0
github.com/kubepulse/kubepulse/cmd/kubepulse/commands/diagnose.go:242.48,245.24 3 0
github.com/kubepulse/kubepulse/cmd/kubepulse/commands/diagnose.go:245.24,247.5 1 0
github.com/kubepulse/kubepulse/cmd/kubepulse/commands/diagnose.go:248.4,248.17 1 0
github.com/kubepulse/kubepulse/cmd/kubepulse/commands/diagnose.go:254.56,259.31 4 0
github.com/kubepulse/kubepulse/cmd/kubepulse/commands/diagnose.go:259.31,261.43 2 0
github.com/kubepulse/kubepulse/cmd/kubepulse/commands/diagnose.go:261.43,265.28 3 0
github.com/kubepulse/kubepulse/cmd/kubepulse/commands/diagnose.go:265.28,267.5 1 0
github.com/kubepulse/kubepulse/cmd/kubepulse/commands/diagnose.go:269.4,269.31 1 0
github.com/kubepulse/kubepulse/cmd/kubepulse/commands/diagnose.go:269.31,271.5 1 0
github.com/kubepulse/kubepulse/cmd/kubepulse/commands/diagnose.go:271.10,271.33 1 0
github.com/kubepulse/kubepulse/cmd/kubepulse/commands/diagnose.go:271.33,273.5 1 0
github.com/kubepulse/kubepulse/cmd/kubepulse/commands/diagnose.go:274.4,274.17 1 0
github.com/kubepulse/kubepulse/cmd/kubepulse/commands/diagnose.go:278.2,278.39 1 0
github.com/kubepulse/kubepulse/cmd/kubepulse/commands/diagnose.go:278.39,280.48 2 0
github.com/kubepulse/kubepulse/cmd/kubepulse/commands/diagnose.go:280.48,283.4 2 0
github.com/kubepulse/kubepulse/cmd/kubepulse/commands/diagnose.go:288.92,293.20 2 0
github.com/kubepulse/kubepulse/cmd/kubepulse/commands/diagnose.go:293.20,295.3 1 0
github.com/kubepulse/kubepulse/cmd/kubepulse/commands/diagnose.go:297.2,299.31 3 0
github.com/kubepulse/kubepulse/cmd/kubepulse/commands/diagnose.go:303.53,304.16 1 0
github.com/kubepulse/kubepulse/cmd/kubepulse/commands/diagnose.go:305.32,306.15 1 0
github.com/kubepulse/kubepulse/cmd/kubepulse/commands/diagnose.go:307.33,308.18 1 0
github.com/kubepulse/kubepulse/cmd/kubepulse/commands/diagnose.go:309.34,310.15 1 0
github.com/kubepulse/kubepulse/cmd/kubepulse/commands/diagnose.go:311.10,312.15 1 0
github.com/kubepulse/kubepulse/cmd/kubepulse/commands/diagnose.go:317.51,318.57 1 0
github.com/kubepulse/kubepulse/cmd/kubepulse/commands/diagnose.go:318.57,320.3 1 0
github.com/kubepulse/kubepulse/cmd/kubepulse/commands/diagnose.go:321.2,321.58 1 0
github.com/kubepulse/kubepulse/cmd/kubepulse/commands/diagnose.go:321.58,323.3 1 0
github.com/kubepulse/kubepulse/cmd/kubepulse/commands/diagnose.go:324.2,324.61 1 0
github.com/kubepulse/kubepulse/cmd/kubepulse/commands/diagnose.go:324.61,326.3 1 0
github.com/kubepulse/kubepulse/cmd/kubepulse/commands/diagnose.go:327.2,327.18 1 0
github.com/kubepulse/kubepulse/cmd/kubepulse/commands/diagnose.go:330.51,332.20 2 0
github.com/kubepulse/kubepulse/cmd/kubepulse/commands/diagnose.go:332.20,334.3 1 0
github.com/kubepulse/kubepulse/cmd/kubepulse/commands/diagnose.go:335.2,335.18 1 0
github.com/kubepulse/kubepulse/cmd/kubepulse/commands/diagnose.go:338.57,340.25 2 0
github.com/kubepulse/kubepulse/cmd/kubepulse/commands/diagnose.go:340.25,342.3 1 0
github.com/kubepulse/kubepulse/cmd/kubepulse/commands/diagnose.go:343.2,343.26 1 0
github.com/kubepulse/kubepulse/cmd/kubepulse/commands/diagnose.go:343.26,345.3 1 0
github.com/kubepulse/kubepulse/cmd/kubepulse/commands/diagnose.go:346.2,346.13 1 0
github.com/kubepulse/kubepulse/cmd/kubepulse/commands/diagnose.go:349.54,351.27 2 0
github.com/kubepulse/kubepulse/cmd/kubepulse/commands/diagnose.go:351.27,352.60 1 0
github.com/kubepulse/kubepulse/cmd/kubepulse/commands/diagnose.go:352.60,353.50 1 0
github.com/kubepulse/kubepulse/cmd/kubepulse/commands/diagnose.go:353.50,355.5 1 0
github.com/kubepulse/kubepulse/cmd/kubepulse/commands/diagnose.go:358.2,358.15 1 0
github.com/kubepulse/kubepulse/cmd/kubepulse/commands/diagnose.go:362.73,364.40 2 0
github.com/kubepulse/kubepulse/cmd/kubepulse/commands/diagnose.go:364.40,373.3 1 0
github.com/kubepulse/kubepulse/cmd/kubepulse/commands/diagnose.go:375.2,376.42 2 0
github.com/kubepulse/kubepulse/cmd/kubepulse/commands/diagnose.go:376.42,383.3 1 0
github.com/kubepulse/kubepulse/cmd/kubepulse/commands/diagnose.go:385.2,395.3 1 0
github.com/kubepulse/kubepulse/cmd/kubepulse/commands/monitor.go:36.13,44.2 6 0
github.com/kubepulse/kubepulse/cmd/kubepulse/commands/monitor.go:46.58,48.19 2 0
github.com/kubepulse/kubepulse/cmd/kubepulse/commands/monitor.go:48.19,50.3 1 0
github.com/kubepulse/kubepulse/cmd/kubepulse/commands/monitor.go:53.2,70.21 7 0
github.com/kubepulse/kubepulse/cmd/kubepulse/commands/monitor.go:70.21,73.18 1 0
github.com/kubepulse/kubepulse/cmd/kubepulse/commands/monitor.go:73.18,75.4 1 0
github.com/kubepulse/kubepulse/cmd/kubepulse/commands/monitor.go:77.2,77.52 1 0
github.com/kubepulse/kubepulse/cmd/kubepulse/commands/monitor.go:77.52,79.3 1 0
github.com/kubepulse/kubepulse/cmd/kubepulse/commands/monitor.go:81.2,82.53 2 0
github.com/kubepulse/kubepulse/cmd/kubepulse/commands/monitor.go:82.53,84.3 1 0
github.com/kubepulse/kubepulse/cmd/kubepulse/commands/monitor.go:87.2,87.42 1 0
github.com/kubepulse/kubepulse/cmd/kubepulse/commands/monitor.go:87.42,89.17 2 0
github.com/kubepulse/kubepulse/cmd/kubepulse/commands/monitor.go:89.17,91.12 2 0
github.com/kubepulse/kubepulse/cmd/kubepulse/commands/monitor.go:93.3,93.25 1 0
github.com/kubepulse/kubepulse/cmd/kubepulse/commands/monitor.go:97.2,110.12 7 0
github.com/kubepulse/kubepulse/cmd/kubepulse/commands/monitor.go:110.12,111.40 1 0
github.com/kubepulse/kubepulse/cmd/kubepulse/commands/monitor.go:111.40,114.4 2 0
github.com/kubepulse/kubepulse/cmd/kubepulse/commands/monitor.go:118.2,118.12 1 0
github.com/kubepulse/kubepulse/cmd/kubepulse/commands/monitor.go:118.12,123.3 3 0
github.com/kubepulse/kubepulse/cmd/kubepulse/commands/monitor.go:126.2,136.6 7 0
github.com/kubepulse/kubepulse/cmd/kubepulse/commands/monitor.go:136.6,137.10 1 0
github.com/kubepulse/kubepulse/cmd/kubepulse/commands/monitor.go:138.19,139.26 1 0
github.com/kubepulse/kubepulse/cmd/kubepulse/commands/monitor.go:140.18,143.14 3 0
github.com/kubepulse/kubepulse/cmd/kubepulse/commands/monitor.go:144.21,145.14 1 0
github.com/kubepulse/kubepulse/cmd/kubepulse/commands/monitor.go:150.42,153.22 2 0
github.com/kubepulse/kubepulse/cmd/kubepulse/commands/monitor.go:154.14,156.49 1 0
github.com/kubepulse/kubepulse/cmd/kubepulse/commands/monitor.go:157.14,159.49 1 0
github.com/kubepulse/kubepulse/cmd/kubepulse/commands/monitor.go:160.10,161.25 1 0
github.com/kubepulse/kubepulse/cmd/kubepulse/commands/monitor.go:165.48,167.11 1 0
github.com/kubepulse/kubepulse/cmd/kubepulse/commands/monitor.go:167.11,169.3 1 0
github.com/kubepulse/kubepulse/cmd/kubepulse/commands/monitor.go:172.2,185.38 10 0
github.com/kubepulse/kubepulse/cmd/kubepulse/commands/monitor.go:185.38,191.73 4 0
github.com/kubepulse/kubepulse/cmd/kubepulse/commands/monitor.go:191.73,192.79 1 0
github.com/kubepulse/kubepulse/cmd/kubepulse/commands/monitor.go:192.79,193.34 1 0
github.com/kubepulse/kubepulse/cmd/kubepulse/commands/monitor.go:193.34,194.16 1 0
github.com/kubepulse/kubepulse/cmd/kubepulse/commands/monitor.go:194.16,196.12 2 0
github.com/kubepulse/kubepulse/cmd/kubepulse/commands/monitor.go:198.6,198.39 1 0
github.com/kubepulse/kubepulse/cmd/kubepulse/commands/monitor.go:205.2,205.28 1 0
github.com/kubepulse/kubepulse/cmd/kubepulse/commands/monitor.go:205.28,209.39 4 0
github.com/kubepulse/kubepulse/cmd/kubepulse/commands/monitor.go:209.39,212.4 2 0
github.com/kubepulse/kubepulse/cmd/kubepulse/commands/monitor.go:215.2,215.15 1 0
github.com/kubepulse/kubepulse/cmd/kubepulse/commands/monitor.go:218.48,219.31 1 0
github.com/kubepulse/kubepulse/cmd/kubepulse/commands/monitor.go:219.31,222.3 1 0
github.com/kubepulse/kubepulse/cmd/kubepulse/commands/monitor.go:225.52,226.34 1 0
github.com/kubepulse/kubepulse/cmd/kubepulse/commands/monitor.go:226.34,229.3 1 0
github.com/kubepulse/kubepulse/cmd/kubepulse/commands/monitor.go:241.54,242.16 1 0
github.com/kubepulse/kubepulse/cmd/kubepulse/commands/monitor.go:243.32,244.20 1 0
github.com/kubepulse/kubepulse/cmd/kubepulse/commands/monitor.go:245.33,246.21 1 0
github.com/kubepulse/kubepulse/cmd/kubepulse/commands/monitor.go:247.34,248.18 1 0
github.com/kubepulse/kubepulse/cmd/kubepulse/commands/monitor.go:249.10,250.19 1 0
github.com/kubepulse/kubepulse/cmd/kubepulse/commands/monitor.go:254.55,255.16 1 0
github.com/kubepulse/kubepulse/cmd/kubepulse/commands/monitor.go:256.32,257.15 1 0
github.com/kubepulse/kubepulse/cmd/kubepulse/commands/monitor.go:258.33,259.15 1 0
github.com/kubepulse/kubepulse/cmd/kubepulse/commands/monitor.go:260.34,261.15 1 0
github.com/kubepulse/kubepulse/cmd/kubepulse/commands/monitor.go:262.10,263.13 1 0
github.com/kubepulse/kubepulse/cmd/kubepulse/commands/monitor.go:267.59,268.18 1 0
github.com/kubepulse/kubepulse/cmd/kubepulse/commands/monitor.go:269.34,270.18 1 0
github.com/kubepulse/kubepulse/cmd/kubepulse/commands/monitor.go:271.33,272.21 1 0
github.com/kubepulse/kubepulse/cmd/kubepulse/commands/monitor.go:273.10,274.19 1 0
github.com/kubepulse/kubepulse/cmd/kubepulse/commands/root.go:35.22,37.2 1 0
github.com/kubepulse/kubepulse/cmd/kubepulse/commands/root.go:39.13,48.102 5 0
github.com/kubepulse/kubepulse/cmd/kubepulse/commands/root.go:48.102,50.3 1 0
github.com/kubepulse/kubepulse/cmd/kubepulse/commands/root.go:51.2,51.96 1 0
github.com/kubepulse/kubepulse/cmd/kubepulse/commands/root.go:51.96,53.3 1 0
github.com/kubepulse/kubepulse/cmd/kubepulse/commands/root.go:57.19,58.19 1 0
github.com/kubepulse/kubepulse/cmd/kubepulse/commands/root.go:58.19,61.3 1 0
github.com/kubepulse/kubepulse/cmd/kubepulse/commands/root.go:61.8,64.17 2 0
github.com/kubepulse/kubepulse/cmd/kubepulse/commands/root.go:64.17,67.4 2 0
github.com/kubepulse/kubepulse/cmd/kubepulse/commands/root.go:70.3,72.36 3 0
github.com/kubepulse/kubepulse/cmd/kubepulse/commands/root.go:75.2,78.45 2 0
github.com/kubepulse/kubepulse/cmd/kubepulse/commands/root.go:78.45,80.3 1 0
github.com/kubepulse/kubepulse/cmd/kubepulse/commands/root.go:83.2,83.17 1 0
github.com/kubepulse/kubepulse/cmd/kubepulse/commands/root.go:87.22,91.55 2 0
github.com/kubepulse/kubepulse/cmd/kubepulse/commands/root.go:91.55,93.3 1 0
github.com/kubepulse/kubepulse/cmd/kubepulse/commands/root.go:93.8,93.29 1 0
github.com/kubepulse/kubepulse/cmd/kubepulse/commands/root.go:93.29,95.3 1 0
github.com/kubepulse/kubepulse/cmd/kubepulse/commands/root.go:95.8,97.44 1 0
github.com/kubepulse/kubepulse/cmd/kubepulse/commands/root.go:97.44,99.4 1 0
github.com/kubepulse/kubepulse/cmd/kubepulse/commands/root.go:103.2,110.27 5 0
github.com/kubepulse/kubepulse/cmd/kubepulse/commands/root.go:110.27,112.3 1 0
github.com/kubepulse/kubepulse/cmd/kubepulse/commands/root.go:114.2,120.16 3 0
github.com/kubepulse/kubepulse/cmd/kubepulse/commands/root.go:120.16,123.17 2 0
github.com/kubepulse/kubepulse/cmd/kubepulse/commands/root.go:123.17,126.4 2 0
github.com/kubepulse/kubepulse/cmd/kubepulse/commands/root.go:130.2,131.16 2 0
github.com/kubepulse/kubepulse/cmd/kubepulse/commands/root.go:131.16,134.3 2 0
github.com/kubepulse/kubepulse/cmd/kubepulse/commands/root.go:136.2,136.23 1 0
github.com/kubepulse/kubepulse/cmd/kubepulse/commands/root.go:140.42,142.2 1 0
github.com/kubepulse/kubepulse/cmd/kubepulse/commands/serve.go:42.13,50.2 6 0
github.com/kubepulse/kubepulse/cmd/kubepulse/commands/serve.go:52.56,54.19 2 0
github.com/kubepulse/kubepulse/cmd/kubepulse/commands/serve.go:54.19,56.3 1 0
github.com/kubepulse/kubepulse/cmd/kubepulse/commands/serve.go:59.2,61.16 3 0
github.com/kubepulse/kubepulse/cmd/kubepulse/commands/serve.go:61.16,63.3 1 0
github.com/kubepulse/kubepulse/cmd/kubepulse/commands/serve.go:66.2,67.64 2 0
github.com/kubepulse/kubepulse/cmd/kubepulse/commands/serve.go:67.64,69.3 1 0
github.com/kubepulse/kubepulse/cmd/kubepulse/commands/serve.go:72.2,76.22 3 0
github.com/kubepulse/kubepulse/cmd/kubepulse/commands/serve.go:76.22,78.3 1 0
github.com/kubepulse/kubepulse/cmd/kubepulse/commands/serve.go:78.8,80.3 1 0
github.com/kubepulse/kubepulse/cmd/kubepulse/commands/serve.go:81.2,81.16 1 0
github.com/kubepulse/kubepulse/cmd/kubepulse/commands/serve.go:81.16,83.3 1 0
github.com/kubepulse/kubepulse/cmd/kubepulse/commands/serve.go:86.2,86.33 1 0
github.com/kubepulse/kubepulse/cmd/kubepulse/commands/serve.go:86.33,88.3 1 0
github.com/kubepulse/kubepulse/cmd/kubepulse/commands/serve.go:89.2,89.32 1 0
github.com/kubepulse/kubepulse/cmd/kubepulse/commands/serve.go:89.32,91.3 1 0
github.com/kubepulse/kubepulse/cmd/kubepulse/commands/serve.go:92.2,92.37 1 0
github.com/kubepulse/kubepulse/cmd/kubepulse/commands/serve.go:92.37,94.3 1 0
github.com/kubepulse/kubepulse/cmd/kubepulse/commands/serve.go:97.2,122.21 8 0
github.com/kubepulse/kubepulse/cmd/kubepulse/commands/serve.go:122.21,125.18 1 0
github.com/kubepulse/kubepulse/cmd/kubepulse/commands/serve.go:125.18,127.4 1 0
github.com/kubepulse/kubepulse/cmd/kubepulse/commands/serve.go:129.2,129.52 1 0
github.com/kubepulse/kubepulse/cmd/kubepulse/commands/serve.go:129.52,131.3 1 0
github.com/kubepulse/kubepulse/cmd/kubepulse/commands/serve.go:134.2,135.53 2 0
github.com/kubepulse/kubepulse/cmd/kubepulse/commands/serve.go:135.53,137.3 1 0
github.com/kubepulse/kubepulse/cmd/kubepulse/commands/serve.go:140.2,141.21 2 0
github.com/kubepulse/kubepulse/cmd/kubepulse/commands/serve.go:141.21,144.18 1 0
github.com/kubepulse/kubepulse/cmd/kubepulse/commands/serve.go:144.18,146.4 1 0
github.com/kubepulse/kubepulse/cmd/kubepulse/commands/serve.go:148.2,148.56 1 0
github.com/kubepulse/kubepulse/cmd/kubepulse/commands/serve.go:148.56,150.3 1 0
github.com/kubepulse/kubepulse/cmd/kubepulse/commands/serve.go:153.2,153.40 1 0
github.com/kubepulse/kubepulse/cmd/kubepulse/commands/serve.go:153.40,155.3 1 0
github.com/kubepulse/kubepulse/cmd/kubepulse/commands/serve.go:158.2,179.12 7 0
github.com/kubepulse/kubepulse/cmd/kubepulse/commands/serve.go:179.12,181.40 2 0
github.com/kubepulse/kubepulse/cmd/kubepulse/commands/serve.go:181.40,183.4 1 0
github.com/kubepulse/kubepulse/cmd/kubepulse/commands/serve.go:187.2,188.12 2 0
github.com/kubepulse/kubepulse/cmd/kubepulse/commands/serve.go:188.12,190.43 2 0
github.com/kubepulse/kubepulse/cmd/kubepulse/commands/serve.go:190.43,192.4 1 0
github.com/kubepulse/kubepulse/cmd/kubepulse/commands/serve.go:196.2,197.12 2 0
github.com/kubepulse/kubepulse/cmd/kubepulse/commands/serve.go:197.12,202.7 4 0
github.com/kubepulse/kubepulse/cmd/kubepulse/commands/serve.go:202.7,203.11 1 0
github.com/kubepulse/kubepulse/cmd/kubepulse/commands/serve.go:204.29,206.41 2 0
github.com/kubepulse/kubepulse/cmd/kubepulse/commands/serve.go:207.22,208.11 1 0
github.com/kubepulse/kubepulse/cmd/kubepulse/commands/serve.go:214.2,234.52 11 0
github.com/kubepulse/kubepulse/cmd/kubepulse/commands/serve.go:234.52,236.3 1 0
github.com/kubepulse/kubepulse/cmd/kubepulse/commands/serve.go:239.2,243.12 3 0
github.com/kubepulse/kubepulse/cmd/kubepulse/commands/serve.go:243.12,246.3 2 0
github.com/kubepulse/kubepulse/cmd/kubepulse/commands/serve.go:248.2,248.9 1 0
github.com/kubepulse/kubepulse/cmd/kubepulse/commands/serve.go:249.14,250.57 1 0
github.com/kubepulse/kubepulse/cmd/kubepulse/commands/serve.go:251.38,252.63 1 0
github.com/kubepulse/kubepulse/cmd/kubepulse/commands/serve.go:255.2,255.12 1 0
github.com/kubepulse/kubepulse/cmd/kubepulse/commands/serve.go:258.45,281.26 19 0
github.com/kubepulse/kubepulse/cmd/kubepulse/commands/serve.go:281.26,285.3 3 0
github.com/kubepulse/kubepulse/cmd/kubepulse/commands/serve.go:287.2,287.58 1 0
github.com/kubepulse/kubepulse/cmd/kubepulse/commands/serve.go:290.53,291.13 1 0
github.com/kubepulse/kubepulse/cmd/kubepulse/commands/serve.go:291.13,293.3 1 0
github.com/kubepulse/kubepulse/cmd/kubepulse/commands/serve.go:294.2,294.16 1 0
github.com/kubepulse/kubepulse/cmd/kubepulse/commands/serve.go:294.16,296.3 1 0
github.com/kubepulse/kubepulse/cmd/kubepulse/commands/serve.go:297.2,297.29 1 0
github.com/kubepulse/kubepulse/internal/config/config.go:128.53,181.22 2 0
github.com/kubepulse/kubepulse/internal/config/config.go:181.22,182.58 1 0
github.com/kubepulse/kubepulse/internal/config/config.go:182.58,184.4 1 0
github.com/kubepulse/kubepulse/internal/config/config.go:188.2,188.44 1 0
github.com/kubepulse/kubepulse/internal/config/config.go:188.44,190.3 1 0
github.com/kubepulse/kubepulse/internal/config/config.go:193.2,193.47 1 0
github.com/kubepulse/kubepulse/internal/config/config.go:193.47,195.3 1 0
github.com/kubepulse/kubepulse/internal/config/config.go:197.2,197.20 1 0
github.com/kubepulse/kubepulse/internal/config/config.go:201.54,203.16 2 0
github.com/kubepulse/kubepulse/internal/config/config.go:203.16,205.3 1 0
github.com/kubepulse/kubepulse/internal/config/config.go:207.2,207.37 1 0
github.com/kubepulse/kubepulse/internal/config/config.go:211.40,227.42 12 0
github.com/kubepulse/kubepulse/internal/config/config.go:227.42,229.3 1 0
github.com/kubepulse/kubepulse/internal/config/config.go:230.2,230.40 1 0
github.com/kubepulse/kubepulse/internal/config/config.go:230.40,232.3 1 0
github.com/kubepulse/kubepulse/internal/config/config.go:233.2,233.31 1 0
github.com/kubepulse/kubepulse/internal/config/config.go:233.31,235.3 1 0
github.com/kubepulse/kubepulse/internal/config/config.go:236.2,236.32 1 0
github.com/kubepulse/kubepulse/internal/config/config.go:236.32,238.3 1 0
github.com/kubepulse/kubepulse/internal/config/config.go:239.2,239.32 1 0
github.com/kubepulse/kubepulse/internal/config/config.go:239.32,241.3 1 0
github.com/kubepulse/kubepulse/internal/config/config.go:242.2,242.38 1 0
github.com/kubepulse/kubepulse/internal/config/config.go:242.38,244.3 1 0
github.com/kubepulse/kubepulse/internal/config/config.go:245.2,245.40 1 0
github.com/kubepulse/kubepulse/internal/config/config.go:245.40,247.3 1 0
github.com/kubepulse/kubepulse/internal/config/config.go:248.2,248.40 1 0
github.com/kubepulse/kubepulse/internal/config/config.go:248.40,250.3 1 0
github.com/kubepulse/kubepulse/internal/config/config.go:251.2,251.29 1 0
github.com/kubepulse/kubepulse/internal/config/config.go:251.29,253.3 1 0
github.com/kubepulse/kubepulse/internal/config/config.go:255.2,255.12 1 0
github.com/kubepulse/kubepulse/internal/config/config.go:259.43,261.37 1 0
github.com/kubepulse/kubepulse/internal/config/config.go:261.37,263.3 1 0
github.com/kubepulse/kubepulse/internal/config/config.go:264.2,264.36 1 0
github.com/kubepulse/kubepulse/internal/config/config.go:264.36,266.3 1 0
github.com/kubepulse/kubepulse/internal/config/config.go:267.2,267.39 1 0
github.com/kubepulse/kubepulse/internal/config/config.go:267.39,269.3 1 0
github.com/kubepulse/kubepulse/internal/config/config.go:272.2,272.30 1 0
github.com/kubepulse/kubepulse/internal/config/config.go:272.30,274.3 1 0
github.com/kubepulse/kubepulse/internal/config/config.go:275.2,275.36 1 0
github.com/kubepulse/kubepulse/internal/config/config.go:275.36,277.3 1 0
github.com/kubepulse/kubepulse/internal/config/config.go:279.2,279.12 1 0
github.com/kubepulse/kubepulse/internal/config/config.go:283.52,285.16 2 0
github.com/kubepulse/kubepulse/internal/config/config.go:285.16,287.3 1 0
github.com/kubepulse/kubepulse/internal/config/config.go:289.2,289.39 1 0
github.com/kubepulse/kubepulse/internal/config/config.go:293.33,296.2 2 0
github.com/kubepulse/kubepulse/pkg/ai/assistant.go:54.46,64.2 1 0
github.com/kubepulse/kubepulse/pkg/ai/assistant.go:67.119,83.36 3 0
github.com/kubepulse/kubepulse/pkg/ai/assistant.go:83.36,85.3 1 0
github.com/kubepulse/kubepulse/pkg/ai/assistant.go:87.2,87.40 1 0
github.com/kubepulse/kubepulse/pkg/ai/assistant.go:87.40,89.3 1 0
github.com/kubepulse/kubepulse/pkg/ai/assistant.go:91.2,91.37 1 0
github.com/kubepulse/kubepulse/pkg/ai/assistant.go:91.37,93.3 1 0
github.com/kubepulse/kubepulse/pkg/ai/assistant.go:96.2,97.16 2 0
github.com/kubepulse/kubepulse/pkg/ai/assistant.go:97.16,99.3 1 0
github.com/kubepulse/kubepulse/pkg/ai/assistant.go:101.2,108.8 1 0
github.com/kubepulse/kubepulse/pkg/ai/assistant.go:112.113,113.13 1 0
github.com/kubepulse/kubepulse/pkg/ai/assistant.go:113.13,127.3 4 0
github.com/kubepulse/kubepulse/pkg/ai/assistant.go:131.66,133.2 1 0
github.com/kubepulse/kubepulse/pkg/ai/assistant.go:136.129,162.16 4 0
github.com/kubepulse/kubepulse/pkg/ai/assistant.go:162.16,164.3 1 0
github.com/kubepulse/kubepulse/pkg/ai/assistant.go:166.2,166.40 1 0
github.com/kubepulse/kubepulse/pkg/ai/assistant.go:170.133,173.38 2 0
github.com/kubepulse/kubepulse/pkg/ai/assistant.go:173.38,174.42 1 0
github.com/kubepulse/kubepulse/pkg/ai/assistant.go:174.42,176.4 1 0
github.com/kubepulse/kubepulse/pkg/ai/assistant.go:179.2,203.16 4 0
github.com/kubepulse/kubepulse/pkg/ai/assistant.go:203.16,205.3 1 0
github.com/kubepulse/kubepulse/pkg/ai/assistant.go:207.2,207.40 1 0
github.com/kubepulse/kubepulse/pkg/ai/assistant.go:211.130,239.16 5 0
github.com/kubepulse/kubepulse/pkg/ai/assistant.go:239.16,241.3 1 0
github.com/kubepulse/kubepulse/pkg/ai/assistant.go:243.2,243.40 1 0
github.com/kubepulse/kubepulse/pkg/ai/assistant.go:247.55,250.30 3 0
github.com/kubepulse/kubepulse/pkg/ai/assistant.go:250.30,251.30 1 0
github.com/kubepulse/kubepulse/pkg/ai/assistant.go:251.30,253.4 1 0
github.com/kubepulse/kubepulse/pkg/ai/assistant.go:255.2,255.14 1 0
github.com/kubepulse/kubepulse/pkg/ai/assistant.go:258.59,261.30 3 0
github.com/kubepulse/kubepulse/pkg/ai/assistant.go:261.30,262.30 1 0
github.com/kubepulse/kubepulse/pkg/ai/assistant.go:262.30,264.4 1 0
github.com/kubepulse/kubepulse/pkg/ai/assistant.go:266.2,266.14 1 0
github.com/kubepulse/kubepulse/pkg/ai/assistant.go:269.56,272.30 3 0
github.com/kubepulse/kubepulse/pkg/ai/assistant.go:272.30,273.30 1 0
github.com/kubepulse/kubepulse/pkg/ai/assistant.go:273.30,275.4 1 0
github.com/kubepulse/kubepulse/pkg/ai/assistant.go:277.2,277.14 1 0
github.com/kubepulse/kubepulse/pkg/ai/assistant.go:289.58,290.33 1 0
github.com/kubepulse/kubepulse/pkg/ai/assistant.go:290.33,292.3 1 0
github.com/kubepulse/kubepulse/pkg/ai/assistant.go:293.2,293.37 1 0
github.com/kubepulse/kubepulse/pkg/ai/assistant.go:293.37,295.3 1 0
github.com/kubepulse/kubepulse/pkg/ai/assistant.go:296.2,296.34 1 0
github.com/kubepulse/kubepulse/pkg/ai/assistant.go:296.34,298.3 1 0
github.com/kubepulse/kubepulse/pkg/ai/assistant.go:299.2,299.18 1 0
github.com/kubepulse/kubepulse/pkg/ai/assistant.go:302.73,304.42 2 0
github.com/kubepulse/kubepulse/pkg/ai/assistant.go:304.42,306.3 1 0
github.com/kubepulse/kubepulse/pkg/ai/assistant.go:307.2,307.16 1 0
github.com/kubepulse/kubepulse/pkg/ai/assistant.go:310.74,312.42 2 0
github.com/kubepulse/kubepulse/pkg/ai/assistant.go:312.42,313.27 1 0
github.com/kubepulse/kubepulse/pkg/ai/assistant.go:313.27,315.4 1 0
github.com/kubepulse/kubepulse/pkg/ai/assistant.go:317.2,317.17 1 0
github.com/kubepulse/kubepulse/pkg/ai/assistant.go:320.76,322.47 2 0
github.com/kubepulse/kubepulse/pkg/ai/assistant.go:322.47,324.3 1 0
github.com/kubepulse/kubepulse/pkg/ai/assistant.go:325.2,325.13 1 0
github.com/kubepulse/kubepulse/pkg/ai/assistant.go:328.101,332.43 2 0
github.com/kubepulse/kubepulse/pkg/ai/assistant.go:332.43,334.3 1 0
github.com/kubepulse/kubepulse/pkg/ai/assistant.go:336.2,336.31 1 0
github.com/kubepulse/kubepulse/pkg/ai/assistant.go:336.31,338.3 1 0
github.com/kubepulse/kubepulse/pkg/ai/assistant.go:340.2,340.31 1 0
github.com/kubepulse/kubepulse/pkg/ai/assistant.go:340.31,342.3 1 0
github.com/kubepulse/kubepulse/pkg/ai/assistant.go:344.2,344.18 1 0
github.com/kubepulse/kubepulse/pkg/ai/assistant.go:347.79,356.2 1 0
github.com/kubepulse/kubepulse/pkg/ai/assistant.go:358.68,360.38 2 0
github.com/kubepulse/kubepulse/pkg/ai/assistant.go:360.38,362.3 1 0
github.com/kubepulse/kubepulse/pkg/ai/assistant.go:363.2,363.16 1 0
github.com/kubepulse/kubepulse/pkg/ai/circuit_breaker.go:21.39,22.11 1 0
github.com/kubepulse/kubepulse/pkg/ai/circuit_breaker.go:23.21,24.18 1 0
github.com/kubepulse/kubepulse/pkg/ai/circuit_breaker.go:25.19,26.16 1 0
github.com/kubepulse/kubepulse/pkg/ai/circuit_breaker.go:27.23,28.21 1 0
github.com/kubepulse/kubepulse/pkg/ai/circuit_breaker.go:29.10,30.19 1 0
github.com/kubepulse/kubepulse/pkg/ai/circuit_breaker.go:52.69,53.29 1 0
github.com/kubepulse/kubepulse/pkg/ai/circuit_breaker.go:53.29,55.3 1 0
github.com/kubepulse/kubepulse/pkg/ai/circuit_breaker.go:56.2,56.25 1 0
github.com/kubepulse/kubepulse/pkg/ai/circuit_breaker.go:56.25,58.3 1 0
github.com/kubepulse/kubepulse/pkg/ai/circuit_breaker.go:59.2,59.30 1 0
github.com/kubepulse/kubepulse/pkg/ai/circuit_breaker.go:59.30,61.3 1 0
github.com/kubepulse/kubepulse/pkg/ai/circuit_breaker.go:63.2,66.3 1 0
github.com/kubepulse/kubepulse/pkg/ai/circuit_breaker.go:70.94,71.22 1 0
github.com/kubepulse/kubepulse/pkg/ai/circuit_breaker.go:71.22,73.3 1 0
github.com/kubepulse/kubepulse/pkg/ai/circuit_breaker.go:76.2,81.12 3 0
github.com/kubepulse/kubepulse/pkg/ai/circuit_breaker.go:85.45,89.18 3 0
github.com/kubepulse/kubepulse/pkg/ai/circuit_breaker.go:90.21,91.14 1 0
github.com/kubepulse/kubepulse/pkg/ai/circuit_breaker.go:92.19,94.54 1 0
github.com/kubepulse/kubepulse/pkg/ai/circuit_breaker.go:94.54,97.4 2 0
github.com/kubepulse/kubepulse/pkg/ai/circuit_breaker.go:98.3,98.15 1 0
github.com/kubepulse/kubepulse/pkg/ai/circuit_breaker.go:99.23,100.14 1 0
github.com/kubepulse/kubepulse/pkg/ai/circuit_breaker.go:101.10,102.15 1 0
github.com/kubepulse/kubepulse/pkg/ai/circuit_breaker.go:107.51,111.16 3 0
github.com/kubepulse/kubepulse/pkg/ai/circuit_breaker.go:111.16,115.34 3 0
github.com/kubepulse/kubepulse/pkg/ai/circuit_breaker.go:115.34,118.4 1 0
github.com/kubepulse/kubepulse/pkg/ai/circuit_breaker.go:118.9,118.50 1 0
github.com/kubepulse/kubepulse/pkg/ai/circuit_breaker.go:118.50,121.4 1 0
github.com/kubepulse/kubepulse/pkg/ai/circuit_breaker.go:122.8,124.34 1 0
github.com/kubepulse/kubepulse/pkg/ai/circuit_breaker.go:124.34,127.4 1 0
github.com/kubepulse/kubepulse/pkg/ai/circuit_breaker.go:128.3,128.18 1 0
github.com/kubepulse/kubepulse/pkg/ai/circuit_breaker.go:133.59,140.36 4 0
github.com/kubepulse/kubepulse/pkg/ai/circuit_breaker.go:140.36,142.3 1 0
github.com/kubepulse/kubepulse/pkg/ai/circuit_breaker.go:146.51,150.2 3 0
github.com/kubepulse/kubepulse/pkg/ai/circuit_breaker.go:153.45,157.2 3 0
github.com/kubepulse/kubepulse/pkg/ai/circuit_breaker.go:160.35,170.36 7 0
github.com/kubepulse/kubepulse/pkg/ai/circuit_breaker.go:170.36,172.3 1 0
github.com/kubepulse/kubepulse/pkg/ai/circuit_breaker.go:176.61,187.2 3 0
github.com/kubepulse/kubepulse/pkg/ai/client.go:35.39,36.29 1 0
github.com/kubepulse/kubepulse/pkg/ai/client.go:36.29,38.3 1 0
github.com/kubepulse/kubepulse/pkg/ai/client.go:39.2,39.26 1 0
github.com/kubepulse/kubepulse/pkg/ai/client.go:39.26,41.3 1 0
github.com/kubepulse/kubepulse/pkg/ai/client.go:42.2,42.25 1 0
github.com/kubepulse/kubepulse/pkg/ai/client.go:42.25,44.3 1 0
github.com/kubepulse/kubepulse/pkg/ai/client.go:45.2,45.31 1 0
github.com/kubepulse/kubepulse/pkg/ai/client.go:45.31,47.3 1 0
github.com/kubepulse/kubepulse/pkg/ai/client.go:50.2,54.46 1 0
github.com/kubepulse/kubepulse/pkg/ai/client.go:54.46,56.4 1 0
github.com/kubepulse/kubepulse/pkg/ai/client.go:59.2,66.3 1 0
github.com/kubepulse/kubepulse/pkg/ai/client.go:70.99,74.16 3 0
github.com/kubepulse/kubepulse/pkg/ai/client.go:74.16,76.3 1 0
github.com/kubepulse/kubepulse/pkg/ai/client.go:78.2,79.84 2 0
github.com/kubepulse/kubepulse/pkg/ai/client.go:79.84,80.24 1 0
github.com/kubepulse/kubepulse/pkg/ai/client.go:80.24,82.4 1 0
github.com/kubepulse/kubepulse/pkg/ai/client.go:83.3,83.16 1 0
github.com/kubepulse/kubepulse/pkg/ai/client.go:86.2,87.70 2 0
github.com/kubepulse/kubepulse/pkg/ai/client.go:87.70,91.3 3 0
github.com/kubepulse/kubepulse/pkg/ai/client.go:93.2,93.16 1 0
github.com/kubepulse/kubepulse/pkg/ai/client.go:93.16,95.3 1 0
github.com/kubepulse/kubepulse/pkg/ai/client.go:97.2,98.16 2 0
github.com/kubepulse/kubepulse/pkg/ai/client.go:98.16,100.3 1 0
github.com/kubepulse/kubepulse/pkg/ai/client.go:102.2,110.22 6 0
github.com/kubepulse/kubepulse/pkg/ai/client.go:114.137,126.2 2 0
github.com/kubepulse/kubepulse/pkg/ai/client.go:129.134,141.2 2 0
github.com/kubepulse/kubepulse/pkg/ai/client.go:144.109,157.16 5 0
github.com/kubepulse/kubepulse/pkg/ai/client.go:157.16,159.3 1 0
github.com/kubepulse/kubepulse/pkg/ai/client.go:162.2,173.21 2 0
github.com/kubepulse/kubepulse/pkg/ai/client.go:177.80,182.47 3 0
github.com/kubepulse/kubepulse/pkg/ai/client.go:182.47,184.3 1 0
github.com/kubepulse/kubepulse/pkg/ai/client.go:187.2,188.35 2 0
github.com/kubepulse/kubepulse/pkg/ai/client.go:188.35,190.3 1 0
github.com/kubepulse/kubepulse/pkg/ai/client.go:192.2,202.27 3 0
github.com/kubepulse/kubepulse/pkg/ai/client.go:202.27,204.3 1 0
github.com/kubepulse/kubepulse/pkg/ai/client.go:205.2,217.34 8 0
github.com/kubepulse/kubepulse/pkg/ai/client.go:217.34,218.44 1 0
github.com/kubepulse/kubepulse/pkg/ai/client.go:218.44,221.4 2 0
github.com/kubepulse/kubepulse/pkg/ai/client.go:222.3,223.87 2 0
github.com/kubepulse/kubepulse/pkg/ai/client.go:226.2,228.29 2 0
github.com/kubepulse/kubepulse/pkg/ai/client.go:232.45,240.39 2 0
github.com/kubepulse/kubepulse/pkg/ai/client.go:240.39,241.30 1 0
github.com/kubepulse/kubepulse/pkg/ai/client.go:241.30,243.4 1 0
github.com/kubepulse/kubepulse/pkg/ai/client.go:247.2,247.88 1 0
github.com/kubepulse/kubepulse/pkg/ai/client.go:247.88,249.3 1 0
github.com/kubepulse/kubepulse/pkg/ai/client.go:251.2,251.69 1 0
github.com/kubepulse/kubepulse/pkg/ai/client.go:255.55,265.36 4 0
github.com/kubepulse/kubepulse/pkg/ai/client.go:265.36,267.3 1 0
github.com/kubepulse/kubepulse/pkg/ai/client.go:269.2,269.18 1 0
github.com/kubepulse/kubepulse/pkg/ai/client.go:273.66,275.2 1 0
github.com/kubepulse/kubepulse/pkg/ai/client.go:278.40,280.2 1 0
github.com/kubepulse/kubepulse/pkg/ai/client.go:283.71,291.32 4 0
github.com/kubepulse/kubepulse/pkg/ai/client.go:291.32,296.3 4 0
github.com/kubepulse/kubepulse/pkg/ai/client.go:299.2,299.32 1 0
github.com/kubepulse/kubepulse/pkg/ai/client.go:299.32,304.3 4 0
github.com/kubepulse/kubepulse/pkg/ai/client.go:307.2,307.27 1 0
github.com/kubepulse/kubepulse/pkg/ai/client.go:307.27,312.3 4 0
github.com/kubepulse/kubepulse/pkg/ai/client.go:315.2,315.22 1 0
github.com/kubepulse/kubepulse/pkg/ai/client.go:316.30,317.50 1 0
github.com/kubepulse/kubepulse/pkg/ai/client.go:318.27,319.47 1 0
github.com/kubepulse/kubepulse/pkg/ai/client.go:320.27,321.47 1 0
github.com/kubepulse/kubepulse/pkg/ai/client.go:322.29,323.49 1 0
github.com/kubepulse/kubepulse/pkg/ai/client.go:326.2,326.29 1 0
github.com/kubepulse/kubepulse/pkg/ai/client.go:332.72,334.45 2 0
github.com/kubepulse/kubepulse/pkg/ai/client.go:334.45,335.44 1 0
github.com/kubepulse/kubepulse/pkg/ai/client.go:335.44,337.4 1 0
github.com/kubepulse/kubepulse/pkg/ai/client.go:339.2,339.14 1 0
github.com/kubepulse/kubepulse/pkg/ai/client.go:343.38,368.2 1 0
github.com/kubepulse/kubepulse/pkg/ai/client.go:374.41,391.2 1 0
github.com/kubepulse/kubepulse/pkg/ai/client.go:393.38,411.2 1 0
github.com/kubepulse/kubepulse/pkg/ai/client.go:413.38,431.2 1 0
github.com/kubepulse/kubepulse/pkg/ai/client.go:433.40,451.2 1 0
github.com/kubepulse/kubepulse/pkg/ai/executor.go:21.60,27.2 1 0
github.com/kubepulse/kubepulse/pkg/ai/executor.go:30.88,31.18 1 0
github.com/kubepulse/kubepulse/pkg/ai/executor.go:31.18,33.3 1 0
github.com/kubepulse/kubepulse/pkg/ai/executor.go:36.2,36.44 1 0
github.com/kubepulse/kubepulse/pkg/ai/executor.go:36.44,38.3 1 0
github.com/kubepulse/kubepulse/pkg/ai/executor.go:41.2,41.105 1 0
github.com/kubepulse/kubepulse/pkg/ai/executor.go:41.105,43.3 1 0
github.com/kubepulse/kubepulse/pkg/ai/executor.go:46.2,54.16 6 0
github.com/kubepulse/kubepulse/pkg/ai/executor.go:54.16,56.3 1 0
github.com/kubepulse/kubepulse/pkg/ai/executor.go:58.2,58.28 1 0
github.com/kubepulse/kubepulse/pkg/ai/executor.go:62.87,64.45 1 0
github.com/kubepulse/kubepulse/pkg/ai/executor.go:64.45,66.3 1 0
github.com/kubepulse/kubepulse/pkg/ai/executor.go:68.2,71.40 2 0
github.com/kubepulse/kubepulse/pkg/ai/executor.go:71.40,73.3 1 0
github.com/kubepulse/kubepulse/pkg/ai/executor.go:74.2,74.41 1 0
github.com/kubepulse/kubepulse/pkg/ai/executor.go:74.41,76.3 1 0
github.com/kubepulse/kubepulse/pkg/ai/executor.go:77.2,77.40 1 0
github.com/kubepulse/kubepulse/pkg/ai/executor.go:77.40,79.3 1 0
github.com/kubepulse/kubepulse/pkg/ai/executor.go:81.2,81.63 1 0
github.com/kubepulse/kubepulse/pkg/ai/executor.go:92.54,106.2 1 0
github.com/kubepulse/kubepulse/pkg/ai/executor.go:109.81,111.56 1 0
github.com/kubepulse/kubepulse/pkg/ai/executor.go:111.56,113.3 1 0
github.com/kubepulse/kubepulse/pkg/ai/executor.go:116.2,116.38 1 0
github.com/kubepulse/kubepulse/pkg/ai/executor.go:116.38,117.48 1 0
github.com/kubepulse/kubepulse/pkg/ai/executor.go:117.48,119.4 1 0
github.com/kubepulse/kubepulse/pkg/ai/executor.go:123.2,123.55 1 0
github.com/kubepulse/kubepulse/pkg/ai/executor.go:123.55,124.31 1 0
github.com/kubepulse/kubepulse/pkg/ai/executor.go:124.31,126.4 1 0
github.com/kubepulse/kubepulse/pkg/ai/executor.go:129.2,129.17 1 0
github.com/kubepulse/kubepulse/pkg/ai/executor.go:133.70,137.48 2 0
github.com/kubepulse/kubepulse/pkg/ai/executor.go:137.48,138.43 1 0
github.com/kubepulse/kubepulse/pkg/ai/executor.go:138.43,140.4 1 0
github.com/kubepulse/kubepulse/pkg/ai/executor.go:144.2,144.43 1 0
github.com/kubepulse/kubepulse/pkg/ai/executor.go:144.43,146.21 2 0
github.com/kubepulse/kubepulse/pkg/ai/executor.go:146.21,148.4 1 0
github.com/kubepulse/kubepulse/pkg/ai/executor.go:150.3,154.46 3 0
github.com/kubepulse/kubepulse/pkg/ai/executor.go:154.46,155.27 1 0
github.com/kubepulse/kubepulse/pkg/ai/executor.go:155.27,157.10 2 0
github.com/kubepulse/kubepulse/pkg/ai/executor.go:161.3,161.15 1 0
github.com/kubepulse/kubepulse/pkg/ai/executor.go:161.15,163.4 1 0
github.com/kubepulse/kubepulse/pkg/ai/executor.go:166.3,166.65 1 0
github.com/kubepulse/kubepulse/pkg/ai/executor.go:166.65,168.4 1 0
github.com/kubepulse/kubepulse/pkg/ai/executor.go:171.2,171.12 1 0
github.com/kubepulse/kubepulse/pkg/ai/predictive.go:43.64,51.2 1 0
github.com/kubepulse/kubepulse/pkg/ai/predictive.go:54.112,72.16 5 0
github.com/kubepulse/kubepulse/pkg/ai/predictive.go:72.16,74.3 1 0
github.com/kubepulse/kubepulse/pkg/ai/predictive.go:77.2,78.81 2 0
github.com/kubepulse/kubepulse/pkg/ai/predictive.go:78.81,81.3 1 0
github.com/kubepulse/kubepulse/pkg/ai/predictive.go:83.2,86.25 2 0
github.com/kubepulse/kubepulse/pkg/ai/predictive.go:90.112,104.16 4 0
github.com/kubepulse/kubepulse/pkg/ai/predictive.go:104.16,106.3 1 0
github.com/kubepulse/kubepulse/pkg/ai/predictive.go:108.2,113.8 1 0
github.com/kubepulse/kubepulse/pkg/ai/predictive.go:117.62,121.33 3 0
github.com/kubepulse/kubepulse/pkg/ai/predictive.go:121.33,135.42 5 0
github.com/kubepulse/kubepulse/pkg/ai/predictive.go:135.42,136.34 1 0
github.com/kubepulse/kubepulse/pkg/ai/predictive.go:136.34,138.5 1 0
github.com/kubepulse/kubepulse/pkg/ai/predictive.go:140.3,140.33 1 0
github.com/kubepulse/kubepulse/pkg/ai/predictive.go:145.59,148.2 2 0
github.com/kubepulse/kubepulse/pkg/ai/predictive.go:151.89,154.42 2 0
github.com/kubepulse/kubepulse/pkg/ai/predictive.go:154.42,155.64 1 0
github.com/kubepulse/kubepulse/pkg/ai/predictive.go:155.64,157.4 1 0
github.com/kubepulse/kubepulse/pkg/ai/predictive.go:160.2,164.3 1 0
github.com/kubepulse/kubepulse/pkg/ai/predictive.go:168.84,184.2 1 0
github.com/kubepulse/kubepulse/pkg/ai/predictive.go:187.84,190.47 2 0
github.com/kubepulse/kubepulse/pkg/ai/predictive.go:190.47,191.32 1 0
github.com/kubepulse/kubepulse/pkg/ai/predictive.go:191.32,193.4 1 0
github.com/kubepulse/kubepulse/pkg/ai/predictive.go:196.2,196.18 1 0
github.com/kubepulse/kubepulse/pkg/ai/predictive.go:200.89,201.27 1 0
github.com/kubepulse/kubepulse/pkg/ai/predictive.go:201.27,203.3 1 0
github.com/kubepulse/kubepulse/pkg/ai/predictive.go:205.2,206.35 2 0
github.com/kubepulse/kubepulse/pkg/ai/predictive.go:206.35,208.3 1 0
github.com/kubepulse/kubepulse/pkg/ai/predictive.go:210.2,210.40 1 0
github.com/kubepulse/kubepulse/pkg/ai/remediation.go:72.111,82.2 1 0
github.com/kubepulse/kubepulse/pkg/ai/remediation.go:85.145,130.16 5 0
github.com/kubepulse/kubepulse/pkg/ai/remediation.go:130.16,132.3 1 0
github.com/kubepulse/kubepulse/pkg/ai/remediation.go:135.2,139.33 3 0
github.com/kubepulse/kubepulse/pkg/ai/remediation.go:139.33,140.58 1 0
github.com/kubepulse/kubepulse/pkg/ai/remediation.go:140.58,142.4 1 0
github.com/kubepulse/kubepulse/pkg/ai/remediation.go:142.9,144.4 1 0
github.com/kubepulse/kubepulse/pkg/ai/remediation.go:147.2,147.30 1 0
github.com/kubepulse/kubepulse/pkg/ai/remediation.go:151.136,159.49 2 0
github.com/kubepulse/kubepulse/pkg/ai/remediation.go:159.49,164.3 4 0
github.com/kubepulse/kubepulse/pkg/ai/remediation.go:167.2,168.38 2 0
github.com/kubepulse/kubepulse/pkg/ai/remediation.go:168.38,172.13 3 0
github.com/kubepulse/kubepulse/pkg/ai/remediation.go:172.13,174.4 1 0
github.com/kubepulse/kubepulse/pkg/ai/remediation.go:174.9,176.4 1 0
github.com/kubepulse/kubepulse/pkg/ai/remediation.go:178.3,178.17 1 0
github.com/kubepulse/kubepulse/pkg/ai/remediation.go:178.17,183.43 3 0
github.com/kubepulse/kubepulse/pkg/ai/remediation.go:183.43,185.5 1 0
github.com/kubepulse/kubepulse/pkg/ai/remediation.go:187.4,188.23 2 0
github.com/kubepulse/kubepulse/pkg/ai/remediation.go:191.3,191.36 1 0
github.com/kubepulse/kubepulse/pkg/ai/remediation.go:194.2,200.21 5 0
github.com/kubepulse/kubepulse/pkg/ai/remediation.go:204.126,233.16 5 0
github.com/kubepulse/kubepulse/pkg/ai/remediation.go:233.16,235.3 1 0
github.com/kubepulse/kubepulse/pkg/ai/remediation.go:237.2,237.49 1 0
github.com/kubepulse/kubepulse/pkg/ai/remediation.go:241.117,243.19 2 0
github.com/kubepulse/kubepulse/pkg/ai/remediation.go:243.19,245.3 1 0
github.com/kubepulse/kubepulse/pkg/ai/remediation.go:248.2,276.12 4 0
github.com/kubepulse/kubepulse/pkg/ai/remediation.go:276.12,277.76 1 0
github.com/kubepulse/kubepulse/pkg/ai/remediation.go:277.76,279.4 1 0
github.com/kubepulse/kubepulse/pkg/ai/remediation.go:285.101,288.51 2 0
github.com/kubepulse/kubepulse/pkg/ai/remediation.go:288.51,301.61 2 0
github.com/kubepulse/kubepulse/pkg/ai/remediation.go:301.61,303.4 1 0
github.com/kubepulse/kubepulse/pkg/ai/remediation.go:305.3,305.36 1 0
github.com/kubepulse/kubepulse/pkg/ai/remediation.go:308.2,308.16 1 0
github.com/kubepulse/kubepulse/pkg/ai/remediation.go:311.78,312.26 1 0
github.com/kubepulse/kubepulse/pkg/ai/remediation.go:312.26,314.3 1 0
github.com/kubepulse/kubepulse/pkg/ai/remediation.go:315.2,315.25 1 0
github.com/kubepulse/kubepulse/pkg/ai/remediation.go:315.25,317.3 1 0
github.com/kubepulse/kubepulse/pkg/ai/remediation.go:318.2,318.19 1 0
github.com/kubepulse/kubepulse/pkg/ai/remediation.go:321.74,322.21 1 0
github.com/kubepulse/kubepulse/pkg/ai/remediation.go:323.42,324.20 1 0
github.com/kubepulse/kubepulse/pkg/ai/remediation.go:325.31,326.18 1 0
github.com/kubepulse/kubepulse/pkg/ai/remediation.go:327.29,328.17 1 0
github.com/kubepulse/kubepulse/pkg/ai/remediation.go:329.10,330.20 1 0
github.com/kubepulse/kubepulse/pkg/ai/remediation.go:334.73,335.21 1 0
github.com/kubepulse/kubepulse/pkg/ai/remediation.go:336.25,337.55 1 0
github.com/kubepulse/kubepulse/pkg/ai/remediation.go:338.23,339.38 1 0
github.com/kubepulse/kubepulse/pkg/ai/remediation.go:340.31,341.53 1 0
github.com/kubepulse/kubepulse/pkg/ai/remediation.go:342.10,343.35 1 0
github.com/kubepulse/kubepulse/pkg/ai/remediation.go:347.79,349.38 1 0
github.com/kubepulse/kubepulse/pkg/ai/remediation.go:349.38,350.37 1 0
github.com/kubepulse/kubepulse/pkg/ai/remediation.go:350.37,353.4 1 0
github.com/kubepulse/kubepulse/pkg/ai/remediation.go:354.3,354.41 1 0
github.com/kubepulse/kubepulse/pkg/ai/remediation.go:354.41,356.4 1 0
github.com/kubepulse/kubepulse/pkg/ai/remediation.go:357.3,357.37 1 0
github.com/kubepulse/kubepulse/pkg/ai/remediation.go:357.37,359.4 1 0
github.com/kubepulse/kubepulse/pkg/ai/remediation.go:361.2,361.11 1 0
github.com/kubepulse/kubepulse/pkg/ai/remediation.go:364.76,366.38 1 0
github.com/kubepulse/kubepulse/pkg/ai/remediation.go:366.38,367.60 1 0
github.com/kubepulse/kubepulse/pkg/ai/remediation.go:367.60,369.4 1 0
github.com/kubepulse/kubepulse/pkg/ai/remediation.go:373.2,373.56 1 0
github.com/kubepulse/kubepulse/pkg/ai/remediation.go:373.56,375.3 1 0
github.com/kubepulse/kubepulse/pkg/ai/remediation.go:377.2,377.12 1 0
github.com/kubepulse/kubepulse/pkg/ai/remediation.go:380.86,382.64 2 0
github.com/kubepulse/kubepulse/pkg/ai/remediation.go:382.64,384.3 1 0
github.com/kubepulse/kubepulse/pkg/ai/remediation.go:387.90,390.38 2 0
github.com/kubepulse/kubepulse/pkg/ai/remediation.go:390.38,391.42 1 0
github.com/kubepulse/kubepulse/pkg/ai/remediation.go:391.42,395.52 2 0
github.com/kubepulse/kubepulse/pkg/ai/remediation.go:395.52,397.5 1 0
github.com/kubepulse/kubepulse/pkg/ai/remediation.go:398.4,398.59 1 0
github.com/kubepulse/kubepulse/pkg/ai/remediation.go:398.59,400.5 1 0
github.com/kubepulse/kubepulse/pkg/ai/remediation.go:401.4,401.59 1 0
github.com/kubepulse/kubepulse/pkg/ai/remediation.go:401.59,403.5 1 0
github.com/kubepulse/kubepulse/pkg/ai/remediation.go:407.2,407.17 1 0
github.com/kubepulse/kubepulse/pkg/ai/remediation.go:410.77,412.15 2 0
github.com/kubepulse/kubepulse/pkg/ai/remediation.go:412.15,414.3 1 0
github.com/kubepulse/kubepulse/pkg/ai/remediation.go:415.2,415.34 1 0
github.com/kubepulse/kubepulse/pkg/ai/remediation.go:418.70,419.43 1 0
github.com/kubepulse/kubepulse/pkg/ai/remediation.go:419.43,420.22 1 0
github.com/kubepulse/kubepulse/pkg/ai/remediation.go:420.22,422.4 1 0
github.com/kubepulse/kubepulse/pkg/ai/remediation.go:424.2,424.12 1 0
github.com/kubepulse/kubepulse/pkg/ai/response_parser.go:28.42,41.2 1 0
github.com/kubepulse/kubepulse/pkg/ai/response_parser.go:44.105,46.59 1 0
github.com/kubepulse/kubepulse/pkg/ai/response_parser.go:46.59,48.3 1 0
github.com/kubepulse/kubepulse/pkg/ai/response_parser.go:51.2,62.30 2 0
github.com/kubepulse/kubepulse/pkg/ai/response_parser.go:62.30,64.3 1 0
github.com/kubepulse/kubepulse/pkg/ai/response_parser.go:65.2,65.29 1 0
github.com/kubepulse/kubepulse/pkg/ai/response_parser.go:65.29,67.3 1 0
github.com/kubepulse/kubepulse/pkg/ai/response_parser.go:68.2,68.28 1 0
github.com/kubepulse/kubepulse/pkg/ai/response_parser.go:68.28,70.3 1 0
github.com/kubepulse/kubepulse/pkg/ai/response_parser.go:72.2,72.22 1 0
github.com/kubepulse/kubepulse/pkg/ai/response_parser.go:76.72,78.84 1 0
github.com/kubepulse/kubepulse/pkg/ai/response_parser.go:78.84,80.73 2 0
github.com/kubepulse/kubepulse/pkg/ai/response_parser.go:80.73,82.4 1 0
github.com/kubepulse/kubepulse/pkg/ai/response_parser.go:86.2,87.66 2 0
github.com/kubepulse/kubepulse/pkg/ai/response_parser.go:87.66,89.3 1 0
github.com/kubepulse/kubepulse/pkg/ai/response_parser.go:91.2,91.12 1 0
github.com/kubepulse/kubepulse/pkg/ai/response_parser.go:95.94,105.2 1 0
github.com/kubepulse/kubepulse/pkg/ai/response_parser.go:108.61,110.81 1 0
github.com/kubepulse/kubepulse/pkg/ai/response_parser.go:110.81,112.3 1 0
github.com/kubepulse/kubepulse/pkg/ai/response_parser.go:115.2,116.29 2 0
github.com/kubepulse/kubepulse/pkg/ai/response_parser.go:116.29,118.86 2 0
github.com/kubepulse/kubepulse/pkg/ai/response_parser.go:118.86,120.23 1 0
github.com/kubepulse/kubepulse/pkg/ai/response_parser.go:120.23,122.5 1 0
github.com/kubepulse/kubepulse/pkg/ai/response_parser.go:123.4,123.15 1 0
github.com/kubepulse/kubepulse/pkg/ai/response_parser.go:128.2,129.37 2 0
github.com/kubepulse/kubepulse/pkg/ai/response_parser.go:129.37,131.25 2 0
github.com/kubepulse/kubepulse/pkg/ai/response_parser.go:131.25,133.4 1 0
github.com/kubepulse/kubepulse/pkg/ai/response_parser.go:136.2,136.32 1 0
github.com/kubepulse/kubepulse/pkg/ai/response_parser.go:140.63,142.83 1 0
github.com/kubepulse/kubepulse/pkg/ai/response_parser.go:142.83,144.3 1 0
github.com/kubepulse/kubepulse/pkg/ai/response_parser.go:147.2,148.35 2 0
github.com/kubepulse/kubepulse/pkg/ai/response_parser.go:148.35,149.74 1 0
github.com/kubepulse/kubepulse/pkg/ai/response_parser.go:149.74,151.64 2 0
github.com/kubepulse/kubepulse/pkg/ai/response_parser.go:151.64,153.5 1 0
github.com/kubepulse/kubepulse/pkg/ai/response_parser.go:158.2,159.34 2 0
github.com/kubepulse/kubepulse/pkg/ai/response_parser.go:159.34,162.69 2 0
github.com/kubepulse/kubepulse/pkg/ai/response_parser.go:162.69,164.4 1 0
github.com/kubepulse/kubepulse/pkg/ai/response_parser.go:167.2,167.13 1 0
github.com/kubepulse/kubepulse/pkg/ai/response_parser.go:171.65,173.84 1 0
github.com/kubepulse/kubepulse/pkg/ai/response_parser.go:173.84,174.65 1 0
github.com/kubepulse/kubepulse/pkg/ai/response_parser.go:174.65,175.15 1 0
github.com/kubepulse/kubepulse/pkg/ai/response_parser.go:175.15,177.5 1 0
github.com/kubepulse/kubepulse/pkg/ai/response_parser.go:178.4,178.14 1 0
github.com/kubepulse/kubepulse/pkg/ai/response_parser.go:183.2,184.79 2 0
github.com/kubepulse/kubepulse/pkg/ai/response_parser.go:184.79,186.3 1 0
github.com/kubepulse/kubepulse/pkg/ai/response_parser.go:187.2,187.76 1 0
github.com/kubepulse/kubepulse/pkg/ai/response_parser.go:187.76,189.3 1 0
github.com/kubepulse/kubepulse/pkg/ai/response_parser.go:190.2,190.75 1 0
github.com/kubepulse/kubepulse/pkg/ai/response_parser.go:190.75,192.3 1 0
github.com/kubepulse/kubepulse/pkg/ai/response_parser.go:193.2,193.78 1 0
github.com/kubepulse/kubepulse/pkg/ai/response_parser.go:193.78,195.3 1 0
github.com/kubepulse/kubepulse/pkg/ai/response_parser.go:197.2,197.12 1 0
github.com/kubepulse/kubepulse/pkg/ai/response_parser.go:201.69,203.82 1 0
github.com/kubepulse/kubepulse/pkg/ai/response_parser.go:203.82,204.38 1 0
github.com/kubepulse/kubepulse/pkg/ai/response_parser.go:205.19,206.27 1 0
github.com/kubepulse/kubepulse/pkg/ai/response_parser.go:207.15,208.23 1 0
github.com/kubepulse/kubepulse/pkg/ai/response_parser.go:209.17,210.25 1 0
github.com/kubepulse/kubepulse/pkg/ai/response_parser.go:211.14,212.22 1 0
github.com/kubepulse/kubepulse/pkg/ai/response_parser.go:217.2,222.43 5 0
github.com/kubepulse/kubepulse/pkg/ai/response_parser.go:222.43,223.38 1 0
github.com/kubepulse/kubepulse/pkg/ai/response_parser.go:223.38,225.4 1 0
github.com/kubepulse/kubepulse/pkg/ai/response_parser.go:227.2,227.39 1 0
github.com/kubepulse/kubepulse/pkg/ai/response_parser.go:227.39,228.38 1 0
github.com/kubepulse/kubepulse/pkg/ai/response_parser.go:228.38,230.4 1 0
github.com/kubepulse/kubepulse/pkg/ai/response_parser.go:232.2,232.38 1 0
github.com/kubepulse/kubepulse/pkg/ai/response_parser.go:232.38,233.38 1 0
github.com/kubepulse/kubepulse/pkg/ai/response_parser.go:233.38,235.4 1 0
github.com/kubepulse/kubepulse/pkg/ai/response_parser.go:238.2,238.23 1 0
github.com/kubepulse/kubepulse/pkg/ai/response_parser.go:242.79,247.29 4 0
github.com/kubepulse/kubepulse/pkg/ai/response_parser.go:247.29,251.83 2 0
github.com/kubepulse/kubepulse/pkg/ai/response_parser.go:251.83,262.4 3 0
github.com/kubepulse/kubepulse/pkg/ai/response_parser.go:262.9,262.90 1 0
github.com/kubepulse/kubepulse/pkg/ai/response_parser.go:262.90,273.4 3 0
github.com/kubepulse/kubepulse/pkg/ai/response_parser.go:277.2,277.50 1 0
github.com/kubepulse/kubepulse/pkg/ai/response_parser.go:277.50,286.3 1 0
github.com/kubepulse/kubepulse/pkg/ai/response_parser.go:288.2,288.24 1 0
github.com/kubepulse/kubepulse/pkg/ai/response_parser.go:292.72,298.33 4 0
github.com/kubepulse/kubepulse/pkg/ai/response_parser.go:298.33,310.3 3 0
github.com/kubepulse/kubepulse/pkg/ai/response_parser.go:312.2,312.16 1 0
github.com/kubepulse/kubepulse/pkg/ai/response_parser.go:316.67,318.21 2 0
github.com/kubepulse/kubepulse/pkg/ai/response_parser.go:318.21,320.3 1 0
github.com/kubepulse/kubepulse/pkg/ai/response_parser.go:321.2,321.45 1 0
github.com/kubepulse/kubepulse/pkg/ai/response_parser.go:325.95,326.22 1 0
github.com/kubepulse/kubepulse/pkg/ai/response_parser.go:327.30,328.55 1 0
github.com/kubepulse/kubepulse/pkg/ai/response_parser.go:329.27,330.45 1 0
github.com/kubepulse/kubepulse/pkg/ai/response_parser.go:331.30,332.41 1 0
github.com/kubepulse/kubepulse/pkg/ai/response_parser.go:333.29,334.41 1 0
github.com/kubepulse/kubepulse/pkg/ai/response_parser.go:335.10,336.46 1 0
github.com/kubepulse/kubepulse/pkg/ai/smart_alerts.go:92.62,113.2 1 0
github.com/kubepulse/kubepulse/pkg/ai/smart_alerts.go:116.102,145.88 9 0
github.com/kubepulse/kubepulse/pkg/ai/smart_alerts.go:145.88,148.3 2 0
github.com/kubepulse/kubepulse/pkg/ai/smart_alerts.go:151.2,160.25 5 0
github.com/kubepulse/kubepulse/pkg/ai/smart_alerts.go:164.91,176.2 4 0
github.com/kubepulse/kubepulse/pkg/ai/smart_alerts.go:179.102,211.16 5 0
github.com/kubepulse/kubepulse/pkg/ai/smart_alerts.go:211.16,214.3 2 0
github.com/kubepulse/kubepulse/pkg/ai/smart_alerts.go:216.2,216.45 1 0
github.com/kubepulse/kubepulse/pkg/ai/smart_alerts.go:220.75,226.20 4 0
github.com/kubepulse/kubepulse/pkg/ai/smart_alerts.go:226.20,227.40 1 0
github.com/kubepulse/kubepulse/pkg/ai/smart_alerts.go:227.40,230.4 2 0
github.com/kubepulse/kubepulse/pkg/ai/smart_alerts.go:234.2,236.40 3 0
github.com/kubepulse/kubepulse/pkg/ai/smart_alerts.go:236.40,237.26 1 0
github.com/kubepulse/kubepulse/pkg/ai/smart_alerts.go:237.26,239.4 1 0
github.com/kubepulse/kubepulse/pkg/ai/smart_alerts.go:241.2,241.28 1 0
github.com/kubepulse/kubepulse/pkg/ai/smart_alerts.go:241.28,244.3 2 0
github.com/kubepulse/kubepulse/pkg/ai/smart_alerts.go:247.2,247.61 1 0
github.com/kubepulse/kubepulse/pkg/ai/smart_alerts.go:247.61,250.3 2 0
github.com/kubepulse/kubepulse/pkg/ai/smart_alerts.go:253.2,253.31 1 0
github.com/kubepulse/kubepulse/pkg/ai/smart_alerts.go:253.31,256.3 2 0
github.com/kubepulse/kubepulse/pkg/ai/smart_alerts.go:258.2,258.18 1 0
github.com/kubepulse/kubepulse/pkg/ai/smart_alerts.go:258.18,260.3 1 0
github.com/kubepulse/kubepulse/pkg/ai/smart_alerts.go:262.2,262.33 1 0
github.com/kubepulse/kubepulse/pkg/ai/smart_alerts.go:266.69,270.24 2 0
github.com/kubepulse/kubepulse/pkg/ai/smart_alerts.go:271.18,272.17 1 0
github.com/kubepulse/kubepulse/pkg/ai/smart_alerts.go:273.15,274.17 1 0
github.com/kubepulse/kubepulse/pkg/ai/smart_alerts.go:275.17,276.17 1 0
github.com/kubepulse/kubepulse/pkg/ai/smart_alerts.go:280.2,286.68 3 0
github.com/kubepulse/kubepulse/pkg/ai/smart_alerts.go:286.68,287.31 1 0
github.com/kubepulse/kubepulse/pkg/ai/smart_alerts.go:287.31,289.4 1 0
github.com/kubepulse/kubepulse/pkg/ai/smart_alerts.go:293.2,293.18 1 0
github.com/kubepulse/kubepulse/pkg/ai/smart_alerts.go:293.18,295.3 1 0
github.com/kubepulse/kubepulse/pkg/ai/smart_alerts.go:296.2,296.20 1 0
github.com/kubepulse/kubepulse/pkg/ai/smart_alerts.go:296.20,298.3 1 0
github.com/kubepulse/kubepulse/pkg/ai/smart_alerts.go:300.2,300.17 1 0
github.com/kubepulse/kubepulse/pkg/ai/smart_alerts.go:304.104,329.16 4 0
github.com/kubepulse/kubepulse/pkg/ai/smart_alerts.go:329.16,331.3 1 0
github.com/kubepulse/kubepulse/pkg/ai/smart_alerts.go:334.2,335.53 2 0
github.com/kubepulse/kubepulse/pkg/ai/smart_alerts.go:335.53,337.3 1 0
github.com/kubepulse/kubepulse/pkg/ai/smart_alerts.go:337.8,337.62 1 0
github.com/kubepulse/kubepulse/pkg/ai/smart_alerts.go:337.62,339.3 1 0
github.com/kubepulse/kubepulse/pkg/ai/smart_alerts.go:341.2,341.39 1 0
github.com/kubepulse/kubepulse/pkg/ai/smart_alerts.go:346.61,350.60 2 0
github.com/kubepulse/kubepulse/pkg/ai/smart_alerts.go:350.60,352.3 1 0
github.com/kubepulse/kubepulse/pkg/ai/smart_alerts.go:355.62,357.13 2 0
github.com/kubepulse/kubepulse/pkg/ai/smart_alerts.go:357.13,363.3 2 0
github.com/kubepulse/kubepulse/pkg/ai/smart_alerts.go:366.2,366.31 1 0
github.com/kubepulse/kubepulse/pkg/ai/smart_alerts.go:366.31,368.3 1 0
github.com/kubepulse/kubepulse/pkg/ai/smart_alerts.go:368.8,370.3 1 0
github.com/kubepulse/kubepulse/pkg/ai/smart_alerts.go:372.2,374.40 3 0
github.com/kubepulse/kubepulse/pkg/ai/smart_alerts.go:377.80,381.55 3 0
github.com/kubepulse/kubepulse/pkg/ai/smart_alerts.go:381.55,382.55 1 0
github.com/kubepulse/kubepulse/pkg/ai/smart_alerts.go:382.55,384.4 1 0
github.com/kubepulse/kubepulse/pkg/ai/smart_alerts.go:384.9,385.9 1 0
github.com/kubepulse/kubepulse/pkg/ai/smart_alerts.go:389.2,389.15 1 0
github.com/kubepulse/kubepulse/pkg/ai/smart_alerts.go:392.100,396.51 3 0
github.com/kubepulse/kubepulse/pkg/ai/smart_alerts.go:396.51,399.42 1 0
github.com/kubepulse/kubepulse/pkg/ai/smart_alerts.go:399.42,401.4 1 0
github.com/kubepulse/kubepulse/pkg/ai/smart_alerts.go:404.2,404.16 1 0
github.com/kubepulse/kubepulse/pkg/ai/smart_alerts.go:407.69,417.44 3 0
github.com/kubepulse/kubepulse/pkg/ai/smart_alerts.go:417.44,418.41 1 0
github.com/kubepulse/kubepulse/pkg/ai/smart_alerts.go:418.41,420.4 1 0
github.com/kubepulse/kubepulse/pkg/ai/smart_alerts.go:423.2,423.14 1 0
github.com/kubepulse/kubepulse/pkg/ai/smart_alerts.go:426.67,429.22 2 0
github.com/kubepulse/kubepulse/pkg/ai/smart_alerts.go:429.22,431.3 1 0
github.com/kubepulse/kubepulse/pkg/ai/smart_alerts.go:433.2,434.28 2 0
github.com/kubepulse/kubepulse/pkg/ai/smart_alerts.go:434.28,435.20 1 0
github.com/kubepulse/kubepulse/pkg/ai/smart_alerts.go:435.20,437.4 1 0
github.com/kubepulse/kubepulse/pkg/ai/smart_alerts.go:440.2,440.58 1 0
github.com/kubepulse/kubepulse/pkg/ai/smart_alerts.go:443.63,446.50 2 0
github.com/kubepulse/kubepulse/pkg/ai/smart_alerts.go:446.50,447.30 1 0
github.com/kubepulse/kubepulse/pkg/ai/smart_alerts.go:447.30,449.4 1 0
github.com/kubepulse/kubepulse/pkg/ai/smart_alerts.go:453.2,453.43 1 0
github.com/kubepulse/kubepulse/pkg/ai/smart_alerts.go:453.43,455.3 1 0
github.com/kubepulse/kubepulse/pkg/ai/smart_alerts.go:457.2,457.17 1 0
github.com/kubepulse/kubepulse/pkg/ai/smart_alerts.go:460.88,470.2 1 0
github.com/kubepulse/kubepulse/pkg/ai/smart_alerts.go:472.108,475.35 2 0
github.com/kubepulse/kubepulse/pkg/ai/smart_alerts.go:475.35,476.41 1 0
github.com/kubepulse/kubepulse/pkg/ai/smart_alerts.go:476.41,480.4 1 0
github.com/kubepulse/kubepulse/pkg/ai/smart_alerts.go:483.2,483.24 1 0
github.com/kubepulse/kubepulse/pkg/ai/smart_alerts.go:486.63,487.37 1 0
github.com/kubepulse/kubepulse/pkg/ai/smart_alerts.go:487.37,489.3 1 0
github.com/kubepulse/kubepulse/pkg/ai/smart_alerts.go:491.2,492.58 2 0
github.com/kubepulse/kubepulse/pkg/ai/smart_alerts.go:492.58,493.23 1 0
github.com/kubepulse/kubepulse/pkg/ai/smart_alerts.go:493.23,495.4 1 0
github.com/kubepulse/kubepulse/pkg/ai/smart_alerts.go:498.2,498.66 1 0
github.com/kubepulse/kubepulse/pkg/ai/smart_alerts.go:501.66,504.58 2 0
github.com/kubepulse/kubepulse/pkg/ai/smart_alerts.go:504.58,506.3 1 0
github.com/kubepulse/kubepulse/pkg/ai/smart_alerts.go:508.2,508.14 1 0
github.com/kubepulse/kubepulse/pkg/ai/smart_alerts.go:529.53,533.65 1 0
github.com/kubepulse/kubepulse/pkg/ai/smart_alerts.go:533.65,535.44 1 0
github.com/kubepulse/kubepulse/pkg/ai/smart_alerts.go:535.44,538.54 1 0
github.com/kubepulse/kubepulse/pkg/ai/smart_alerts.go:538.54,540.7 1 0
github.com/kubepulse/kubepulse/pkg/ai/smart_alerts.go:542.5,542.17 1 0
github.com/kubepulse/kubepulse/pkg/ai/smart_alerts.go:548.65,550.5 1 0
github.com/kubepulse/kubepulse/pkg/ai/smart_alerts.go:557.87,559.31 1 0
github.com/kubepulse/kubepulse/pkg/ai/smart_alerts.go:559.31,560.37 1 0
github.com/kubepulse/kubepulse/pkg/ai/smart_alerts.go:560.37,562.4 1 0
github.com/kubepulse/kubepulse/pkg/ai/smart_alerts.go:566.2,567.44 2 0
github.com/kubepulse/kubepulse/pkg/ai/smart_alerts.go:567.44,569.3 1 0
github.com/kubepulse/kubepulse/pkg/ai/smart_alerts.go:571.2,571.14 1 0
github.com/kubepulse/kubepulse/pkg/ai/smart_alerts.go:575.93,579.37 3 0
github.com/kubepulse/kubepulse/pkg/ai/smart_alerts.go:579.37,582.39 1 0
github.com/kubepulse/kubepulse/pkg/ai/smart_alerts.go:582.39,584.4 1 0
github.com/kubepulse/kubepulse/pkg/ai/smart_alerts.go:587.2,587.19 1 0
github.com/kubepulse/kubepulse/pkg/ai/smart_alerts.go:590.65,592.32 1 0
github.com/kubepulse/kubepulse/pkg/ai/smart_alerts.go:592.32,594.3 1 0
github.com/kubepulse/kubepulse/pkg/ai/smart_alerts.go:597.2,597.56 1 0
github.com/kubepulse/kubepulse/pkg/ai/smart_alerts.go:597.56,599.3 1 0
github.com/kubepulse/kubepulse/pkg/ai/smart_alerts.go:602.2,603.22 2 0
github.com/kubepulse/kubepulse/pkg/api/ai_handlers.go:25.79,26.33 1 0
github.com/kubepulse/kubepulse/pkg/api/ai_handlers.go:26.33,29.3 2 0
github.com/kubepulse/kubepulse/pkg/api/ai_handlers.go:31.2,32.61 2 0
github.com/kubepulse/kubepulse/pkg/api/ai_handlers.go:32.61,35.3 2 0
github.com/kubepulse/kubepulse/pkg/api/ai_handlers.go:37.2,37.21 1 0
github.com/kubepulse/kubepulse/pkg/api/ai_handlers.go:37.21,40.3 2 0
github.com/kubepulse/kubepulse/pkg/api/ai_handlers.go:42.2,45.16 3 0
github.com/kubepulse/kubepulse/pkg/api/ai_handlers.go:45.16,49.3 3 0
github.com/kubepulse/kubepulse/pkg/api/ai_handlers.go:51.2,52.60 2 0
github.com/kubepulse/kubepulse/pkg/api/ai_handlers.go:52.60,54.3 1 0
github.com/kubepulse/kubepulse/pkg/api/ai_handlers.go:58.83,60.16 2 0
github.com/kubepulse/kubepulse/pkg/api/ai_handlers.go:60.16,64.3 3 0
github.com/kubepulse/kubepulse/pkg/api/ai_handlers.go:66.2,70.17 2 0
github.com/kubepulse/kubepulse/pkg/api/ai_handlers.go:70.17,72.3 1 0
github.com/kubepulse/kubepulse/pkg/api/ai_handlers.go:76.87,80.21 3 0
github.com/kubepulse/kubepulse/pkg/api/ai_handlers.go:80.21,83.3 2 0
github.com/kubepulse/kubepulse/pkg/api/ai_handlers.go:85.2,86.16 2 0
github.com/kubepulse/kubepulse/pkg/api/ai_handlers.go:86.16,87.49 1 0
github.com/kubepulse/kubepulse/pkg/api/ai_handlers.go:87.49,90.4 2 0
github.com/kubepulse/kubepulse/pkg/api/ai_handlers.go:91.3,93.9 3 0
github.com/kubepulse/kubepulse/pkg/api/ai_handlers.go:96.2,100.17 2 0
github.com/kubepulse/kubepulse/pkg/api/ai_handlers.go:100.17,102.3 1 0
github.com/kubepulse/kubepulse/pkg/api/ai_handlers.go:106.83,107.33 1 0
github.com/kubepulse/kubepulse/pkg/api/ai_handlers.go:107.33,110.3 2 0
github.com/kubepulse/kubepulse/pkg/api/ai_handlers.go:112.2,113.61 2 0
github.com/kubepulse/kubepulse/pkg/api/ai_handlers.go:113.61,116.3 2 0
github.com/kubepulse/kubepulse/pkg/api/ai_handlers.go:118.2,119.16 2 0
github.com/kubepulse/kubepulse/pkg/api/ai_handlers.go:119.16,123.3 3 0
github.com/kubepulse/kubepulse/pkg/api/ai_handlers.go:125.2,126.58 2 0
github.com/kubepulse/kubepulse/pkg/api/ai_handlers.go:126.58,128.3 1 0
github.com/kubepulse/kubepulse/pkg/api/ai_handlers.go:132.76,134.16 2 0
github.com/kubepulse/kubepulse/pkg/api/ai_handlers.go:134.16,138.3 3 0
github.com/kubepulse/kubepulse/pkg/api/ai_handlers.go:140.2,141.60 2 0
github.com/kubepulse/kubepulse/pkg/api/ai_handlers.go:141.60,143.3 1 0
github.com/kubepulse/kubepulse/pkg/api/server.go:58.39,64.22 4 0
github.com/kubepulse/kubepulse/pkg/api/server.go:64.22,66.3 1 0
github.com/kubepulse/kubepulse/pkg/api/server.go:67.2,68.23 2 0
github.com/kubepulse/kubepulse/pkg/api/server.go:68.23,70.3 1 0
github.com/kubepulse/kubepulse/pkg/api/server.go:72.2,73.23 2 0
github.com/kubepulse/kubepulse/pkg/api/server.go:73.23,75.3 1 0
github.com/kubepulse/kubepulse/pkg/api/server.go:77.2,89.44 1 0
github.com/kubepulse/kubepulse/pkg/api/server.go:89.44,90.28 1 0
github.com/kubepulse/kubepulse/pkg/api/server.go:90.28,92.6 1 0
github.com/kubepulse/kubepulse/pkg/api/server.go:93.5,93.69 1 0
github.com/kubepulse/kubepulse/pkg/api/server.go:93.69,95.6 1 0
github.com/kubepulse/kubepulse/pkg/api/server.go:97.5,98.48 2 0
github.com/kubepulse/kubepulse/pkg/api/server.go:98.48,99.27 1 0
github.com/kubepulse/kubepulse/pkg/api/server.go:99.27,101.7 1 0
github.com/kubepulse/kubepulse/pkg/api/server.go:103.5,103.17 1 0
github.com/kubepulse/kubepulse/pkg/api/server.go:115.2,120.15 3 0
github.com/kubepulse/kubepulse/pkg/api/server.go:124.32,127.2 2 0
github.com/kubepulse/kubepulse/pkg/api/server.go:130.50,133.2 2 0
github.com/kubepulse/kubepulse/pkg/api/server.go:136.32,180.74 26 0
github.com/kubepulse/kubepulse/pkg/api/server.go:180.74,184.3 2 0
github.com/kubepulse/kubepulse/pkg/api/server.go:184.8,187.3 1 0
github.com/kubepulse/kubepulse/pkg/api/server.go:191.71,198.2 2 0
github.com/kubepulse/kubepulse/pkg/api/server.go:201.78,204.29 2 0
github.com/kubepulse/kubepulse/pkg/api/server.go:204.29,205.67 1 0
github.com/kubepulse/kubepulse/pkg/api/server.go:205.67,207.4 1 0
github.com/kubepulse/kubepulse/pkg/api/server.go:210.2,211.23 2 0
github.com/kubepulse/kubepulse/pkg/api/server.go:211.23,213.3 1 0
github.com/kubepulse/kubepulse/pkg/api/server.go:215.2,216.24 2 0
github.com/kubepulse/kubepulse/pkg/api/server.go:220.77,223.2 2 0
github.com/kubepulse/kubepulse/pkg/api/server.go:226.76,231.13 4 0
github.com/kubepulse/kubepulse/pkg/api/server.go:231.13,234.3 2 0
github.com/kubepulse/kubepulse/pkg/api/server.go:236.2,236.24 1 0
github.com/kubepulse/kubepulse/pkg/api/server.go:240.71,251.2 2 0
github.com/kubepulse/kubepulse/pkg/api/server.go:254.72,259.33 3 0
github.com/kubepulse/kubepulse/pkg/api/server.go:259.33,260.41 1 0
github.com/kubepulse/kubepulse/pkg/api/server.go:260.41,263.36 2 0
github.com/kubepulse/kubepulse/pkg/api/server.go:263.36,264.21 1 0
github.com/kubepulse/kubepulse/pkg/api/server.go:264.21,266.6 1 0
github.com/kubepulse/kubepulse/pkg/api/server.go:267.5,267.43 1 0
github.com/kubepulse/kubepulse/pkg/api/server.go:269.4,269.20 1 0
github.com/kubepulse/kubepulse/pkg/api/server.go:269.20,271.5 1 0
github.com/kubepulse/kubepulse/pkg/api/server.go:273.4,278.34 2 0
github.com/kubepulse/kubepulse/pkg/api/server.go:286.65,287.71 1 0
github.com/kubepulse/kubepulse/pkg/api/server.go:287.71,288.21 1 0
github.com/kubepulse/kubepulse/pkg/api/server.go:288.21,291.4 2 0
github.com/kubepulse/kubepulse/pkg/api/server.go:294.3,294.57 1 0
github.com/kubepulse/kubepulse/pkg/api/server.go:294.57,296.4 1 0
github.com/kubepulse/kubepulse/pkg/api/server.go:296.9,298.42 2 0
github.com/kubepulse/kubepulse/pkg/api/server.go:298.42,299.26 1 0
github.com/kubepulse/kubepulse/pkg/api/server.go:299.26,301.11 2 0
github.com/kubepulse/kubepulse/pkg/api/server.go:306.3,310.28 4 0
github.com/kubepulse/kubepulse/pkg/api/server.go:310.28,313.4 2 0
github.com/kubepulse/kubepulse/pkg/api/server.go:315.3,315.23 1 0
github.com/kubepulse/kubepulse/pkg/api/server.go:320.75,322.16 2 0
github.com/kubepulse/kubepulse/pkg/api/server.go:322.16,325.3 2 0
github.com/kubepulse/kubepulse/pkg/api/server.go:326.2,326.26 1 0
github.com/kubepulse/kubepulse/pkg/api/server.go:330.74,335.13 4 0
github.com/kubepulse/kubepulse/pkg/api/server.go:335.13,338.3 2 0
github.com/kubepulse/kubepulse/pkg/api/server.go:341.2,341.27 1 0
github.com/kubepulse/kubepulse/pkg/api/server.go:341.27,342.66 1 0
github.com/kubepulse/kubepulse/pkg/api/server.go:342.66,345.4 2 0
github.com/kubepulse/kubepulse/pkg/api/server.go:349.2,354.26 2 0
github.com/kubepulse/kubepulse/pkg/api/server.go:358.71,363.13 4 0
github.com/kubepulse/kubepulse/pkg/api/server.go:363.13,366.3 2 0
github.com/kubepulse/kubepulse/pkg/api/server.go:369.2,369.27 1 0
github.com/kubepulse/kubepulse/pkg/api/server.go:369.27,370.62 1 0
github.com/kubepulse/kubepulse/pkg/api/server.go:370.62,373.4 2 0
github.com/kubepulse/kubepulse/pkg/api/server.go:377.2,382.26 2 0
github.com/kubepulse/kubepulse/pkg/api/server.go:386.73,401.2 2 0
github.com/kubepulse/kubepulse/pkg/api/server.go:404.69,406.56 2 0
github.com/kubepulse/kubepulse/pkg/api/server.go:406.56,408.3 1 0
github.com/kubepulse/kubepulse/pkg/api/server.go:412.84,420.60 4 0
github.com/kubepulse/kubepulse/pkg/api/server.go:420.60,422.3 1 0
github.com/kubepulse/kubepulse/pkg/api/server.go:426.71,432.38 3 0
github.com/kubepulse/kubepulse/pkg/api/server.go:432.38,436.3 2 0
github.com/kubepulse/kubepulse/pkg/api/server.go:439.2,439.27 1 0
github.com/kubepulse/kubepulse/pkg/api/server.go:443.74,445.16 2 0
github.com/kubepulse/kubepulse/pkg/api/server.go:445.16,448.3 2 0
github.com/kubepulse/kubepulse/pkg/api/server.go:451.2,459.15 6 0
github.com/kubepulse/kubepulse/pkg/api/server.go:459.15,462.3 2 0
github.com/kubepulse/kubepulse/pkg/api/server.go:465.2,466.41 2 0
github.com/kubepulse/kubepulse/pkg/api/server.go:466.41,469.3 2 0
github.com/kubepulse/kubepulse/pkg/api/server.go:472.2,475.6 2 0
github.com/kubepulse/kubepulse/pkg/api/server.go:475.6,476.10 1 0
github.com/kubepulse/kubepulse/pkg/api/server.go:477.23,478.10 1 0
github.com/kubepulse/kubepulse/pkg/api/server.go:479.11,481.18 2 0
github.com/kubepulse/kubepulse/pkg/api/server.go:481.18,482.104 1 0
github.com/kubepulse/kubepulse/pkg/api/server.go:482.104,484.6 1 0
github.com/kubepulse/kubepulse/pkg/api/server.go:485.5,485.11 1 0
github.com/kubepulse/kubepulse/pkg/api/server.go:492.53,496.42 3 0
github.com/kubepulse/kubepulse/pkg/api/server.go:496.42,499.3 2 0
github.com/kubepulse/kubepulse/pkg/api/server.go:503.51,507.6 3 0
github.com/kubepulse/kubepulse/pkg/api/server.go:507.6,508.10 1 0
github.com/kubepulse/kubepulse/pkg/api/server.go:509.19,511.72 2 0
github.com/kubepulse/kubepulse/pkg/api/server.go:511.72,513.5 1 0
github.com/kubepulse/kubepulse/pkg/api/server.go:514.23,515.10 1 0
github.com/kubepulse/kubepulse/pkg/api/server.go:521.35,525.6 3 0
github.com/kubepulse/kubepulse/pkg/api/server.go:525.6,526.10 1 0
github.com/kubepulse/kubepulse/pkg/api/server.go:527.19,531.32 3 0
github.com/kubepulse/kubepulse/pkg/api/server.go:531.32,534.73 2 0
github.com/kubepulse/kubepulse/pkg/api/server.go:534.73,536.6 1 0
github.com/kubepulse/kubepulse/pkg/api/server.go:540.4,540.41 1 0
github.com/kubepulse/kubepulse/pkg/api/server.go:540.41,543.5 2 0
github.com/kubepulse/kubepulse/pkg/api/server.go:545.4,545.32 1 0
github.com/kubepulse/kubepulse/pkg/api/server.go:545.32,548.5 1 0
github.com/kubepulse/kubepulse/pkg/api/server.go:549.4,549.24 1 0
github.com/kubepulse/kubepulse/pkg/api/server.go:551.23,552.10 1 0
github.com/kubepulse/kubepulse/pkg/api/server.go:558.55,562.25 3 0
github.com/kubepulse/kubepulse/pkg/api/server.go:562.25,564.3 1 0
github.com/kubepulse/kubepulse/pkg/api/server.go:566.2,568.30 2 0
github.com/kubepulse/kubepulse/pkg/api/server.go:568.30,570.46 2 0
github.com/kubepulse/kubepulse/pkg/api/server.go:570.46,573.4 2 0
github.com/kubepulse/kubepulse/pkg/api/server.go:577.2,577.30 1 0
github.com/kubepulse/kubepulse/pkg/api/server.go:577.30,578.13 1 0
github.com/kubepulse/kubepulse/pkg/api/server.go:578.13,579.41 1 0
github.com/kubepulse/kubepulse/pkg/api/server.go:579.41,582.5 2 0
github.com/kubepulse/kubepulse/pkg/api/server.go:588.77,589.29 1 0
github.com/kubepulse/kubepulse/pkg/api/server.go:589.29,592.3 2 0
github.com/kubepulse/kubepulse/pkg/api/server.go:594.2,595.16 2 0
github.com/kubepulse/kubepulse/pkg/api/server.go:595.16,598.3 2 0
github.com/kubepulse/kubepulse/pkg/api/server.go:600.2,602.4 1 0
github.com/kubepulse/kubepulse/pkg/api/server.go:606.82,607.29 1 0
github.com/kubepulse/kubepulse/pkg/api/server.go:607.29,610.3 2 0
github.com/kubepulse/kubepulse/pkg/api/server.go:612.2,613.16 2 0
github.com/kubepulse/kubepulse/pkg/api/server.go:613.16,616.3 2 0
github.com/kubepulse/kubepulse/pkg/api/server.go:618.2,618.25 1 0
github.com/kubepulse/kubepulse/pkg/api/server.go:622.78,623.29 1 0
github.com/kubepulse/kubepulse/pkg/api/server.go:623.29,626.3 2 0
github.com/kubepulse/kubepulse/pkg/api/server.go:628.2,632.61 2 0
github.com/kubepulse/kubepulse/pkg/api/server.go:632.61,635.3 2 0
github.com/kubepulse/kubepulse/pkg/api/server.go:637.2,637.27 1 0
github.com/kubepulse/kubepulse/pkg/api/server.go:637.27,640.3 2 0
github.com/kubepulse/kubepulse/pkg/api/server.go:643.2,643.72 1 0
github.com/kubepulse/kubepulse/pkg/api/server.go:643.72,646.3 2 0
github.com/kubepulse/kubepulse/pkg/api/server.go:649.2,650.16 2 0
github.com/kubepulse/kubepulse/pkg/api/server.go:650.16,653.3 2 0
github.com/kubepulse/kubepulse/pkg/api/server.go:658.2,662.16 3 0
github.com/kubepulse/kubepulse/pkg/api/server.go:662.16,665.3 2 0
github.com/kubepulse/kubepulse/pkg/api/server.go:668.2,676.4 2 0
github.com/kubepulse/kubepulse/pkg/api/server.go:680.54,688.30 4 0
github.com/kubepulse/kubepulse/pkg/api/server.go:688.30,692.3 2 0
github.com/kubepulse/kubepulse/pkg/api/server.go:693.2,697.31 3 0
github.com/kubepulse/kubepulse/pkg/alerts/manager.go:38.28,46.2 1 0
github.com/kubepulse/kubepulse/pkg/alerts/manager.go:49.64,53.2 3 0
github.com/kubepulse/kubepulse/pkg/alerts/manager.go:56.43,60.2 3 0
github.com/kubepulse/kubepulse/pkg/alerts/manager.go:63.85,67.31 3 0
github.com/kubepulse/kubepulse/pkg/alerts/manager.go:67.31,68.51 1 0
github.com/kubepulse/kubepulse/pkg/alerts/manager.go:68.51,86.40 2 0
github.com/kubepulse/kubepulse/pkg/alerts/manager.go:86.40,87.65 1 0
github.com/kubepulse/kubepulse/pkg/alerts/manager.go:87.65,89.6 1 0
github.com/kubepulse/kubepulse/pkg/alerts/manager.go:93.4,96.25 2 0
github.com/kubepulse/kubepulse/pkg/alerts/manager.go:100.2,100.12 1 0
github.com/kubepulse/kubepulse/pkg/alerts/manager.go:104.76,108.2 3 0
github.com/kubepulse/kubepulse/pkg/alerts/manager.go:111.49,115.42 3 0
github.com/kubepulse/kubepulse/pkg/alerts/manager.go:115.42,117.3 1 0
github.com/kubepulse/kubepulse/pkg/alerts/manager.go:120.2,121.26 2 0
github.com/kubepulse/kubepulse/pkg/alerts/manager.go:125.51,127.2 1 0
github.com/kubepulse/kubepulse/pkg/alerts/manager.go:130.55,132.13 2 0
github.com/kubepulse/kubepulse/pkg/alerts/manager.go:132.13,134.3 1 0
github.com/kubepulse/kubepulse/pkg/alerts/manager.go:136.2,136.37 1 0
github.com/kubepulse/kubepulse/pkg/alerts/manager.go:136.37,139.3 2 0
github.com/kubepulse/kubepulse/pkg/alerts/manager.go:141.2,141.13 1 0
github.com/kubepulse/kubepulse/pkg/alerts/manager.go:145.89,147.13 2 0
github.com/kubepulse/kubepulse/pkg/alerts/manager.go:147.13,149.3 1 0
github.com/kubepulse/kubepulse/pkg/alerts/manager.go:151.2,151.33 1 0
github.com/kubepulse/kubepulse/pkg/alerts/manager.go:155.45,158.35 2 0
github.com/kubepulse/kubepulse/pkg/alerts/manager.go:158.35,160.3 1 0
github.com/kubepulse/kubepulse/pkg/alerts/manager.go:164.77,165.20 1 0
github.com/kubepulse/kubepulse/pkg/alerts/manager.go:165.20,167.3 1 0
github.com/kubepulse/kubepulse/pkg/alerts/manager.go:170.2,172.16 3 0
github.com/kubepulse/kubepulse/pkg/alerts/manager.go:176.83,178.2 1 0
github.com/kubepulse/kubepulse/pkg/alerts/manager.go:184.34,186.2 1 0
github.com/kubepulse/kubepulse/pkg/alerts/manager.go:189.36,191.2 1 0
github.com/kubepulse/kubepulse/pkg/alerts/manager.go:194.67,197.2 2 0
github.com/kubepulse/kubepulse/pkg/alerts/manager.go:200.39,204.45 1 0
github.com/kubepulse/kubepulse/pkg/alerts/manager.go:204.45,206.5 1 0
github.com/kubepulse/kubepulse/pkg/alerts/manager.go:214.45,216.5 1 0
github.com/kubepulse/kubepulse/pkg/alerts/manager.go:224.45,226.5 1 0
github.com/kubepulse/kubepulse/pkg/slo/tracker.go:18.28,24.2 1 0
github.com/kubepulse/kubepulse/pkg/slo/tracker.go:27.35,39.2 4 0
github.com/kubepulse/kubepulse/pkg/slo/tracker.go:42.67,49.36 4 0
github.com/kubepulse/kubepulse/pkg/slo/tracker.go:49.36,51.3 1 0
github.com/kubepulse/kubepulse/pkg/slo/tracker.go:53.2,53.31 1 0
github.com/kubepulse/kubepulse/pkg/slo/tracker.go:57.67,63.2 4 0
github.com/kubepulse/kubepulse/pkg/slo/tracker.go:66.54,71.37 4 0
github.com/kubepulse/kubepulse/pkg/slo/tracker.go:71.37,73.3 1 0
github.com/kubepulse/kubepulse/pkg/slo/tracker.go:74.2,74.15 1 0
github.com/kubepulse/kubepulse/pkg/slo/tracker.go:78.54,80.13 2 0
github.com/kubepulse/kubepulse/pkg/slo/tracker.go:80.13,82.3 1 0
github.com/kubepulse/kubepulse/pkg/slo/tracker.go:84.2,87.23 3 0
github.com/kubepulse/kubepulse/pkg/slo/tracker.go:87.23,89.3 1 0
github.com/kubepulse/kubepulse/pkg/slo/tracker.go:92.2,92.17 1 0
github.com/kubepulse/kubepulse/pkg/slo/tracker.go:93.22,94.57 1 0
github.com/kubepulse/kubepulse/pkg/slo/tracker.go:95.17,96.52 1 0
github.com/kubepulse/kubepulse/pkg/slo/tracker.go:97.20,98.54 1 0
github.com/kubepulse/kubepulse/pkg/slo/tracker.go:99.10,100.52 1 0
github.com/kubepulse/kubepulse/pkg/slo/tracker.go:104.2,104.38 1 0
github.com/kubepulse/kubepulse/pkg/slo/tracker.go:104.38,107.3 2 0
github.com/kubepulse/kubepulse/pkg/slo/tracker.go:107.8,109.3 1 0
github.com/kubepulse/kubepulse/pkg/slo/tracker.go:112.2,118.25 3 0
github.com/kubepulse/kubepulse/pkg/slo/tracker.go:118.25,120.22 2 0
github.com/kubepulse/kubepulse/pkg/slo/tracker.go:120.22,122.4 1 0
github.com/kubepulse/kubepulse/pkg/slo/tracker.go:127.67,128.23 1 0
github.com/kubepulse/kubepulse/pkg/slo/tracker.go:128.23,130.3 1 0
github.com/kubepulse/kubepulse/pkg/slo/tracker.go:132.2,134.33 2 0
github.com/kubepulse/kubepulse/pkg/slo/tracker.go:134.33,135.22 1 0
github.com/kubepulse/kubepulse/pkg/slo/tracker.go:136.24,137.33 1 0
github.com/kubepulse/kubepulse/pkg/slo/tracker.go:138.26,139.38 1 0
github.com/kubepulse/kubepulse/pkg/slo/tracker.go:143.2,143.24 1 0
github.com/kubepulse/kubepulse/pkg/slo/tracker.go:143.24,145.3 1 0
github.com/kubepulse/kubepulse/pkg/slo/tracker.go:147.2,147.53 1 0
github.com/kubepulse/kubepulse/pkg/slo/tracker.go:151.62,154.33 2 0
github.com/kubepulse/kubepulse/pkg/slo/tracker.go:154.33,155.40 1 0
github.com/kubepulse/kubepulse/pkg/slo/tracker.go:155.40,157.4 1 0
github.com/kubepulse/kubepulse/pkg/slo/tracker.go:160.2,160.25 1 0
github.com/kubepulse/kubepulse/pkg/slo/tracker.go:160.25,162.3 1 0
github.com/kubepulse/kubepulse/pkg/slo/tracker.go:165.2,165.36 1 0
github.com/kubepulse/kubepulse/pkg/slo/tracker.go:169.64,172.33 2 0
github.com/kubepulse/kubepulse/pkg/slo/tracker.go:172.33,173.22 1 0
github.com/kubepulse/kubepulse/pkg/slo/tracker.go:174.24,175.33 1 0
github.com/kubepulse/kubepulse/pkg/slo/tracker.go:176.25,177.33 1 0
github.com/kubepulse/kubepulse/pkg/slo/tracker.go:181.2,181.24 1 0
github.com/kubepulse/kubepulse/pkg/slo/tracker.go:181.24,183.3 1 0
github.com/kubepulse/kubepulse/pkg/slo/tracker.go:185.2,185.52 1 0
github.com/kubepulse/kubepulse/pkg/slo/tracker.go:189.62,190.23 1 0
github.com/kubepulse/kubepulse/pkg/slo/tracker.go:190.23,192.3 1 0
github.com/kubepulse/kubepulse/pkg/slo/tracker.go:194.2,195.33 2 0
github.com/kubepulse/kubepulse/pkg/slo/tracker.go:195.33,197.3 1 0
github.com/kubepulse/kubepulse/pkg/slo/tracker.go:199.2,199.36 1 0
github.com/kubepulse/kubepulse/pkg/slo/tracker.go:203.63,204.22 1 0
github.com/kubepulse/kubepulse/pkg/slo/tracker.go:204.22,206.3 1 0
github.com/kubepulse/kubepulse/pkg/slo/tracker.go:209.2,210.21 2 0
github.com/kubepulse/kubepulse/pkg/slo/tracker.go:210.21,212.3 1 0
github.com/kubepulse/kubepulse/pkg/slo/tracker.go:215.2,216.35 2 0
github.com/kubepulse/kubepulse/pkg/slo/tracker.go:216.35,217.42 1 0
github.com/kubepulse/kubepulse/pkg/slo/tracker.go:217.42,219.4 1 0
github.com/kubepulse/kubepulse/pkg/slo/tracker.go:222.2,222.37 1 0
github.com/kubepulse/kubepulse/pkg/slo/tracker.go:226.67,227.22 1 0
github.com/kubepulse/kubepulse/pkg/slo/tracker.go:227.22,229.3 1 0
github.com/kubepulse/kubepulse/pkg/slo/tracker.go:232.2,233.26 2 0
github.com/kubepulse/kubepulse/pkg/slo/tracker.go:233.26,235.3 1 0
github.com/kubepulse/kubepulse/pkg/slo/tracker.go:237.2,237.22 1 0
github.com/kubepulse/kubepulse/pkg/health/node_check.go:23.44,30.2 1 0
github.com/kubepulse/kubepulse/pkg/health/node_check.go:33.41,35.2 1 0
github.com/kubepulse/kubepulse/pkg/health/node_check.go:38.48,40.2 1 0
github.com/kubepulse/kubepulse/pkg/health/node_check.go:43.109,53.16 3 0
github.com/kubepulse/kubepulse/pkg/health/node_check.go:53.16,55.3 1 0
github.com/kubepulse/kubepulse/pkg/health/node_check.go:57.2,61.35 4 0
[...]
github.com/kubepulse/kubepulse/pkg/health/service_check.go:77.2,77.27 1 0
github.com/kubepulse/kubepulse/pkg/health/service_check.go:77.27,80.3 2 0
github.com/kubepulse/kubepulse/pkg/health/service_check.go:80.8,82.3 1 0
github.com/kubepulse/kubepulse/pkg/health/service_check.go:85.2,88.28 4 0
github.com/kubepulse/kubepulse/pkg/health/service_check.go:88.28,90.3 1 0
github.com/kubepulse/kubepulse/pkg/health/service_check.go:93.2,109.20 3 0
github.com/kubepulse/kubepulse/pkg/health/service_check.go:113.77,114.47 1 0
github.com/kubepulse/kubepulse/pkg/health/service_check.go:114.47,116.3 1 0
github.com/kubepulse/kubepulse/pkg/health/service_check.go:117.2,117.12 1 0
github.com/kubepulse/kubepulse/pkg/health/service_check.go:121.55,123.2 1 0
github.com/kubepulse/kubepulse/pkg/health/service_check.go:126.61,128.2 1 0
github.com/kubepulse/kubepulse/pkg/health/service_check.go:131.127,134.16 2 0
github.com/kubepulse/kubepulse/pkg/health/service_check.go:134.16,136.3 1 0
github.com/kubepulse/kubepulse/pkg/health/service_check.go:139.2,139.43 1 0
github.com/kubepulse/kubepulse/pkg/health/service_check.go:139.43,140.32 1 0
github.com/kubepulse/kubepulse/pkg/health/service_check.go:140.32,142.4 1 0
github.com/kubepulse/kubepulse/pkg/health/service_check.go:145.2,145.14 1 0
github.com/kubepulse/kubepulse/pkg/health/service_check.go:149.119,150.23 1 0
github.com/kubepulse/kubepulse/pkg/health/service_check.go:150.23,152.3 1 0
github.com/kubepulse/kubepulse/pkg/health/service_check.go:155.2,156.16 2 0
github.com/kubepulse/kubepulse/pkg/health/service_check.go:156.16,158.3 1 0
github.com/kubepulse/kubepulse/pkg/health/service_check.go:160.2,161.38 2 0
github.com/kubepulse/kubepulse/pkg/health/service_check.go:161.38,163.91 1 0
github.com/kubepulse/kubepulse/pkg/health/service_check.go:163.91,165.4 1 0
github.com/kubepulse/kubepulse/pkg/health/service_check.go:168.2,168.20 1 0
github.com/kubepulse/kubepulse/pkg/plugins/registry.go:17.30,21.2 1 0
github.com/kubepulse/kubepulse/pkg/plugins/registry.go:24.59,29.41 4 0
github.com/kubepulse/kubepulse/pkg/plugins/registry.go:29.41,31.3 1 0
github.com/kubepulse/kubepulse/pkg/plugins/registry.go:33.2,34.12 2 0
github.com/kubepulse/kubepulse/pkg/plugins/registry.go:38.50,42.42 3 0
github.com/kubepulse/kubepulse/pkg/plugins/registry.go:42.42,44.3 1 0
github.com/kubepulse/kubepulse/pkg/plugins/registry.go:46.2,47.12 2 0
github.com/kubepulse/kubepulse/pkg/plugins/registry.go:51.63,56.13 4 0
github.com/kubepulse/kubepulse/pkg/plugins/registry.go:56.13,58.3 1 0
github.com/kubepulse/kubepulse/pkg/plugins/registry.go:60.2,60.19 1 0
github.com/kubepulse/kubepulse/pkg/plugins/registry.go:64.46,69.33 4 0
github.com/kubepulse/kubepulse/pkg/plugins/registry.go:69.33,71.3 1 0
github.com/kubepulse/kubepulse/pkg/plugins/registry.go:73.2,73.15 1 0
github.com/kubepulse/kubepulse/pkg/plugins/registry.go:77.42,82.29 4 0
github.com/kubepulse/kubepulse/pkg/plugins/registry.go:82.29,84.3 1 0
github.com/kubepulse/kubepulse/pkg/plugins/registry.go:86.2,86.14 1 0
github.com/kubepulse/kubepulse/pkg/plugins/registry.go:90.32,95.2 3 0
github.com/kubepulse/kubepulse/pkg/plugins/registry.go:98.28,103.2 3 0
github.com/kubepulse/kubepulse/pkg/ml/anomaly.go:25.44,31.2 1 0
github.com/kubepulse/kubepulse/pkg/ml/anomaly.go:34.95,37.33 2 0
github.com/kubepulse/kubepulse/pkg/ml/anomaly.go:37.33,38.28 1 0
github.com/kubepulse/kubepulse/pkg/ml/anomaly.go:38.28,46.4 2 0
github.com/kubepulse/kubepulse/pkg/ml/anomaly.go:49.2,49.20 1 0
github.com/kubepulse/kubepulse/pkg/ml/anomaly.go:53.59,56.25 2 0
github.com/kubepulse/kubepulse/pkg/ml/anomaly.go:56.25,60.3 2 0
github.com/kubepulse/kubepulse/pkg/ml/anomaly.go:63.2,69.20 4 0
github.com/kubepulse/kubepulse/pkg/ml/anomaly.go:73.76,74.57 1 0
github.com/kubepulse/kubepulse/pkg/ml/anomaly.go:74.57,76.3 1 0
github.com/kubepulse/kubepulse/pkg/ml/anomaly.go:78.2,85.17 3 0
github.com/kubepulse/kubepulse/pkg/ml/anomaly.go:89.77,91.32 2 0
github.com/kubepulse/kubepulse/pkg/ml/anomaly.go:91.32,93.3 1 0
github.com/kubepulse/kubepulse/pkg/ml/anomaly.go:95.2,99.36 3 0
github.com/kubepulse/kubepulse/pkg/ml/anomaly.go:99.36,101.3 1 0
github.com/kubepulse/kubepulse/pkg/ml/anomaly.go:102.2,106.36 3 0
github.com/kubepulse/kubepulse/pkg/ml/anomaly.go:106.36,108.3 1 0
github.com/kubepulse/kubepulse/pkg/ml/anomaly.go:109.2,111.26 2 0
github.com/kubepulse/kubepulse/pkg/ml/anomaly.go:111.26,113.3 1 0
github.com/kubepulse/kubepulse/pkg/ml/anomaly.go:117.71,124.2 4 0
github.com/kubepulse/kubepulse/pkg/k8s/context.go:36.72,37.26 1 0
github.com/kubepulse/kubepulse/pkg/k8s/context.go:37.26,39.3 1 0
github.com/kubepulse/kubepulse/pkg/k8s/context.go:42.2,43.16 2 0
github.com/kubepulse/kubepulse/pkg/k8s/context.go:43.16,45.3 1 0
github.com/kubepulse/kubepulse/pkg/k8s/context.go:47.2,55.29 2 0
github.com/kubepulse/kubepulse/pkg/k8s/context.go:55.29,56.60 1 0
github.com/kubepulse/kubepulse/pkg/k8s/context.go:56.60,58.4 1 0
github.com/kubepulse/kubepulse/pkg/k8s/context.go:61.2,61.16 1 0
github.com/kubepulse/kubepulse/pkg/k8s/context.go:65.65,70.48 4 0
github.com/kubepulse/kubepulse/pkg/k8s/context.go:70.48,75.22 4 0
github.com/kubepulse/kubepulse/pkg/k8s/context.go:75.22,77.4 1 0
github.com/kubepulse/kubepulse/pkg/k8s/context.go:79.3,87.21 2 0
github.com/kubepulse/kubepulse/pkg/k8s/context.go:87.21,89.4 1 0
github.com/kubepulse/kubepulse/pkg/k8s/context.go:92.3,94.36 2 0
github.com/kubepulse/kubepulse/pkg/k8s/context.go:97.2,97.22 1 0
github.com/kubepulse/kubepulse/pkg/k8s/context.go:101.68,105.29 3 0
github.com/kubepulse/kubepulse/pkg/k8s/context.go:105.29,107.3 1 0
github.com/kubepulse/kubepulse/pkg/k8s/context.go:109.2,110.16 2 0
github.com/kubepulse/kubepulse/pkg/k8s/context.go:110.16,112.3 1 0
github.com/kubepulse/kubepulse/pkg/k8s/context.go:114.2,114.31 1 0
github.com/kubepulse/kubepulse/pkg/k8s/context.go:114.31,115.36 1 0
github.com/kubepulse/kubepulse/pkg/k8s/context.go:115.36,117.4 1 0
github.com/kubepulse/kubepulse/pkg/k8s/context.go:120.2,120.85 1 0
github.com/kubepulse/kubepulse/pkg/k8s/context.go:124.67,129.59 3 0
github.com/kubepulse/kubepulse/pkg/k8s/context.go:129.59,131.3 1 0
github.com/kubepulse/kubepulse/pkg/k8s/context.go:134.2,134.61 1 0
github.com/kubepulse/kubepulse/pkg/k8s/context.go:134.61,136.3 1 0
github.com/kubepulse/kubepulse/pkg/k8s/context.go:138.2,140.12 3 0
github.com/kubepulse/kubepulse/pkg/k8s/context.go:144.87,149.2 3 0
github.com/kubepulse/kubepulse/pkg/k8s/context.go:152.76,157.23 4 0
github.com/kubepulse/kubepulse/pkg/k8s/context.go:157.23,159.3 1 0
github.com/kubepulse/kubepulse/pkg/k8s/context.go:161.2,161.34 1 0
github.com/kubepulse/kubepulse/pkg/k8s/context.go:165.95,167.55 1 0
github.com/kubepulse/kubepulse/pkg/k8s/context.go:167.55,169.3 1 0
github.com/kubepulse/kubepulse/pkg/k8s/context.go:172.2,182.16 4 0
github.com/kubepulse/kubepulse/pkg/k8s/context.go:182.16,184.3 1 0
github.com/kubepulse/kubepulse/pkg/k8s/context.go:186.2,187.16 2 0
github.com/kubepulse/kubepulse/pkg/k8s/context.go:187.16,189.3 1 0
github.com/kubepulse/kubepulse/pkg/k8s/context.go:192.2,197.16 4 0
github.com/kubepulse/kubepulse/pkg/k8s/context.go:197.16,199.3 1 0
github.com/kubepulse/kubepulse/pkg/k8s/context.go:202.2,203.20 2 0
github.com/kubepulse/kubepulse/pkg/k8s/context.go:207.51,212.16 4 0
github.com/kubepulse/kubepulse/pkg/k8s/context.go:212.16,214.3 1 0
github.com/kubepulse/kubepulse/pkg/k8s/context.go:216.2,222.62 3 0
github.com/kubepulse/kubepulse/pkg/k8s/context.go:222.62,224.3 1 0
github.com/kubepulse/kubepulse/pkg/k8s/context.go:226.2,226.12 1 0
github.com/kubepulse/kubepulse/pkg/k8s/context.go:230.67,234.64 3 0
github.com/kubepulse/kubepulse/pkg/k8s/context.go:234.64,235.30 1 0
github.com/kubepulse/kubepulse/pkg/k8s/context.go:235.30,237.4 1 0
github.com/kubepulse/kubepulse/pkg/k8s/context.go:239.2,239.18 1 0
github.com/kubepulse/kubepulse/pkg/core/engine.go:55.45,58.26 2 0
github.com/kubepulse/kubepulse/pkg/core/engine.go:58.26,60.3 1 0
github.com/kubepulse/kubepulse/pkg/core/engine.go:63.2,65.51 3 0
github.com/kubepulse/kubepulse/pkg/core/engine.go:65.51,67.3 1 0
github.com/kubepulse/kubepulse/pkg/core/engine.go:70.2,70.62 1 0
github.com/kubepulse/kubepulse/pkg/core/engine.go:70.62,71.23 1 0
github.com/kubepulse/kubepulse/pkg/core/engine.go:71.23,73.4 1 0
github.com/kubepulse/kubepulse/pkg/core/engine.go:76.2,93.21 2 0
github.com/kubepulse/kubepulse/pkg/core/engine.go:93.21,95.22 2 0
github.com/kubepulse/kubepulse/pkg/core/engine.go:95.22,97.4 1 0
github.com/kubepulse/kubepulse/pkg/core/engine.go:98.3,110.105 8 0
github.com/kubepulse/kubepulse/pkg/core/engine.go:113.2,113.15 1 0
github.com/kubepulse/kubepulse/pkg/core/engine.go:117.46,119.2 1 0
github.com/kubepulse/kubepulse/pkg/core/engine.go:122.49,123.33 1 0
github.com/kubepulse/kubepulse/pkg/core/engine.go:123.33,124.27 1 0
github.com/kubepulse/kubepulse/pkg/core/engine.go:124.27,127.4 2 0
github.com/kubepulse/kubepulse/pkg/core/engine.go:129.2,129.47 1 0
github.com/kubepulse/kubepulse/pkg/core/engine.go:133.32,143.6 5 0
github.com/kubepulse/kubepulse/pkg/core/engine.go:143.6,144.10 1 0
github.com/kubepulse/kubepulse/pkg/core/engine.go:145.19,146.17 1 0
github.com/kubepulse/kubepulse/pkg/core/engine.go:147.23,149.14 2 0
github.com/kubepulse/kubepulse/pkg/core/engine.go:155.25,158.2 2 0
github.com/kubepulse/kubepulse/pkg/core/engine.go:161.30,165.33 3 0
github.com/kubepulse/kubepulse/pkg/core/engine.go:165.33,167.27 2 0
github.com/kubepulse/kubepulse/pkg/core/engine.go:167.27,177.18 7 0
github.com/kubepulse/kubepulse/pkg/core/engine.go:177.18,190.72 5 0
github.com/kubepulse/kubepulse/pkg/core/engine.go:190.72,192.6 1 0
github.com/kubepulse/kubepulse/pkg/core/engine.go:195.4,195.25 1 0
github.com/kubepulse/kubepulse/pkg/core/engine.go:199.2,199.12 1 0
github.com/kubepulse/kubepulse/pkg/core/engine.go:199.12,202.3 2 0
github.com/kubepulse/kubepulse/pkg/core/engine.go:205.2,205.34 1 0
github.com/kubepulse/kubepulse/pkg/core/engine.go:205.34,208.3 2 0
github.com/kubepulse/kubepulse/pkg/core/engine.go:212.50,216.2 3 0
github.com/kubepulse/kubepulse/pkg/core/engine.go:219.52,221.108 1 0
github.com/kubepulse/kubepulse/pkg/core/engine.go:221.108,223.3 1 0
github.com/kubepulse/kubepulse/pkg/core/engine.go:226.2,235.78 2 0
github.com/kubepulse/kubepulse/pkg/core/engine.go:235.78,237.3 1 0
github.com/kubepulse/kubepulse/pkg/core/engine.go:240.2,240.29 1 0
github.com/kubepulse/kubepulse/pkg/core/engine.go:240.29,243.41 2 0
github.com/kubepulse/kubepulse/pkg/core/engine.go:243.41,251.4 1 0
github.com/kubepulse/kubepulse/pkg/core/engine.go:253.3,257.36 3 0
github.com/kubepulse/kubepulse/pkg/core/engine.go:257.36,264.4 1 0
github.com/kubepulse/kubepulse/pkg/core/engine.go:265.3,265.39 1 0
github.com/kubepulse/kubepulse/pkg/core/engine.go:269.2,269.85 1 0
github.com/kubepulse/kubepulse/pkg/core/engine.go:269.85,270.25 1 0
github.com/kubepulse/kubepulse/pkg/core/engine.go:270.25,282.11 2 0
github.com/kubepulse/kubepulse/pkg/core/engine.go:283.30,283.30 0 0
github.com/kubepulse/kubepulse/pkg/core/engine.go:284.35,285.55 1 0
github.com/kubepulse/kubepulse/pkg/core/engine.go:291.2,291.26 1 0
github.com/kubepulse/kubepulse/pkg/core/engine.go:291.26,292.41 1 0
github.com/kubepulse/kubepulse/pkg/core/engine.go:292.41,293.11 1 0
github.com/kubepulse/kubepulse/pkg/core/engine.go:294.33,294.33 0 0
github.com/kubepulse/kubepulse/pkg/core/engine.go:295.35,296.58 1 0
github.com/kubepulse/kubepulse/pkg/core/engine.go:303.64,304.23 1 0
github.com/kubepulse/kubepulse/pkg/core/engine.go:305.29,306.31 1 0
github.com/kubepulse/kubepulse/pkg/core/engine.go:307.28,308.30 1 0
github.com/kubepulse/kubepulse/pkg/core/engine.go:309.10,310.27 1 0
github.com/kubepulse/kubepulse/pkg/core/engine.go:315.54,320.30 4 0
github.com/kubepulse/kubepulse/pkg/core/engine.go:320.30,322.3 1 0
github.com/kubepulse/kubepulse/pkg/core/engine.go:323.2,323.16 1 0
github.com/kubepulse/kubepulse/pkg/core/engine.go:327.61,333.2 4 0
github.com/kubepulse/kubepulse/pkg/core/engine.go:336.69,346.35 8 0
github.com/kubepulse/kubepulse/pkg/core/engine.go:346.35,357.43 7 0
github.com/kubepulse/kubepulse/pkg/core/engine.go:357.43,359.4 1 0
github.com/kubepulse/kubepulse/pkg/core/engine.go:363.2,364.23 2 0
github.com/kubepulse/kubepulse/pkg/core/engine.go:364.23,366.3 1 0
github.com/kubepulse/kubepulse/pkg/core/engine.go:366.8,366.39 1 0
github.com/kubepulse/kubepulse/pkg/core/engine.go:366.39,368.3 1 0
github.com/kubepulse/kubepulse/pkg/core/engine.go:371.2,372.21 2 0
github.com/kubepulse/kubepulse/pkg/core/engine.go:372.21,374.3 1 0
github.com/kubepulse/kubepulse/pkg/core/engine.go:376.2,377.21 2 0
github.com/kubepulse/kubepulse/pkg/core/engine.go:377.21,379.3 1 0
github.com/kubepulse/kubepulse/pkg/core/engine.go:381.2,393.3 1 0
github.com/kubepulse/kubepulse/pkg/core/engine.go:397.61,398.23 1 0
github.com/kubepulse/kubepulse/pkg/core/engine.go:399.27,400.13 1 0
github.com/kubepulse/kubepulse/pkg/core/engine.go:401.28,402.13 1 0
github.com/kubepulse/kubepulse/pkg/core/engine.go:403.29,404.13 1 0
github.com/kubepulse/kubepulse/pkg/core/engine.go:405.10,406.14 1 0
github.com/kubepulse/kubepulse/pkg/core/engine.go:411.56,415.2 1 0
github.com/kubepulse/kubepulse/pkg/core/engine.go:418.52,419.23 1 0
github.com/kubepulse/kubepulse/pkg/core/engine.go:419.23,421.3 1 0
github.com/kubepulse/kubepulse/pkg/core/engine.go:423.2,431.16 5 0
github.com/kubepulse/kubepulse/pkg/core/engine.go:431.16,434.3 2 0
github.com/kubepulse/kubepulse/pkg/core/engine.go:436.2,440.36 2 0
github.com/kubepulse/kubepulse/pkg/core/engine.go:440.36,442.17 2 0
github.com/kubepulse/kubepulse/pkg/core/engine.go:442.17,445.4 2 0
github.com/kubepulse/kubepulse/pkg/core/engine.go:447.3,451.61 2 0
github.com/kubepulse/kubepulse/pkg/core/engine.go:456.82,462.40 4 0
github.com/kubepulse/kubepulse/pkg/core/engine.go:462.40,463.38 1 0
github.com/kubepulse/kubepulse/pkg/core/engine.go:463.38,465.4 1 0
github.com/kubepulse/kubepulse/pkg/core/engine.go:469.2,470.40 2 0
github.com/kubepulse/kubepulse/pkg/core/engine.go:470.40,479.3 1 0
github.com/kubepulse/kubepulse/pkg/core/engine.go:482.2,492.16 2 0
github.com/kubepulse/kubepulse/pkg/core/engine.go:496.114,500.52 3 0
github.com/kubepulse/kubepulse/pkg/core/engine.go:500.52,502.28 1 0
github.com/kubepulse/kubepulse/pkg/core/engine.go:502.28,504.4 1 0
github.com/kubepulse/kubepulse/pkg/core/engine.go:506.3,510.32 4 0
github.com/kubepulse/kubepulse/pkg/core/engine.go:515.62,516.23 1 0
github.com/kubepulse/kubepulse/pkg/core/engine.go:516.23,518.3 1 0
github.com/kubepulse/kubepulse/pkg/core/engine.go:520.2,522.59 3 0
github.com/kubepulse/kubepulse/pkg/core/engine.go:526.74,527.24 1 0
github.com/kubepulse/kubepulse/pkg/core/engine.go:527.24,529.3 1 0
github.com/kubepulse/kubepulse/pkg/core/engine.go:531.2,533.58 3 0
github.com/kubepulse/kubepulse/pkg/core/engine.go:537.74,538.33 1 0
github.com/kubepulse/kubepulse/pkg/core/engine.go:538.33,540.3 1 0
github.com/kubepulse/kubepulse/pkg/core/engine.go:543.2,545.35 3 0
github.com/kubepulse/kubepulse/pkg/core/engine.go:545.35,546.41 1 0
github.com/kubepulse/kubepulse/pkg/core/engine.go:546.41,555.4 1 0
github.com/kubepulse/kubepulse/pkg/core/engine.go:557.2,559.59 2 0
github.com/kubepulse/kubepulse/pkg/core/engine.go:563.94,564.32 1 0
github.com/kubepulse/kubepulse/pkg/core/engine.go:564.32,566.3 1 0
github.com/kubepulse/kubepulse/pkg/core/engine.go:568.2,569.13 2 0
github.com/kubepulse/kubepulse/pkg/core/engine.go:569.13,571.3 1 0
github.com/kubepulse/kubepulse/pkg/core/engine.go:573.2,573.42 1 0
github.com/kubepulse/kubepulse/pkg/core/engine.go:573.42,575.3 1 0
github.com/kubepulse/kubepulse/pkg/core/engine.go:578.2,581.74 3 0
github.com/kubepulse/kubepulse/pkg/core/engine.go:585.98,586.32 1 0
github.com/kubepulse/kubepulse/pkg/core/engine.go:586.32,588.3 1 0
github.com/kubepulse/kubepulse/pkg/core/engine.go:592.2,592.60 1 0
github.com/kubepulse/kubepulse/pkg/core/engine.go:596.69,597.32 1 0
github.com/kubepulse/kubepulse/pkg/core/engine.go:597.32,599.3 1 0
github.com/kubepulse/kubepulse/pkg/core/engine.go:601.2,601.52 1 0
github.com/kubepulse/kubepulse/pkg/core/engine.go:605.51,606.57 1 0
github.com/kubepulse/kubepulse/pkg/core/engine.go:606.57,608.3 1 0
github.com/kubepulse/kubepulse/pkg/core/engine.go:609.2,609.58 1 0
github.com/kubepulse/kubepulse/pkg/core/engine.go:609.58,611.3 1 0
github.com/kubepulse/kubepulse/pkg/core/engine.go:612.2,612.61 1 0
github.com/kubepulse/kubepulse/pkg/core/engine.go:612.61,614.3 1 0
github.com/kubepulse/kubepulse/pkg/core/engine.go:615.2,615.18 1 0
github.com/kubepulse/kubepulse/pkg/core/engine.go:618.51,621.20 2 0
github.com/kubepulse/kubepulse/pkg/core/engine.go:621.20,623.3 1 0
github.com/kubepulse/kubepulse/pkg/core/engine.go:624.2,624.18 1 0
github.com/kubepulse/kubepulse/pkg/core/engine.go:627.52,629.25 2 0
github.com/kubepulse/kubepulse/pkg/core/engine.go:629.25,631.3 1 0
github.com/kubepulse/kubepulse/pkg/core/engine.go:632.2,632.26 1 0
github.com/kubepulse/kubepulse/pkg/core/engine.go:632.26,634.3 1 0
github.com/kubepulse/kubepulse/pkg/core/engine.go:635.2,635.13 1 0
github.com/kubepulse/kubepulse/pkg/core/engine.go:638.49,640.27 2 0
github.com/kubepulse/kubepulse/pkg/core/engine.go:640.27,641.60 1 0
github.com/kubepulse/kubepulse/pkg/core/engine.go:641.60,642.50 1 0
github.com/kubepulse/kubepulse/pkg/core/engine.go:642.50,644.5 1 0
github.com/kubepulse/kubepulse/pkg/core/engine.go:647.2,647.15 1 0
github.com/kubepulse/kubepulse/pkg/core/engine.go:653.76,655.40 2 0
github.com/kubepulse/kubepulse/pkg/core/engine.go:655.40,664.3 1 0
github.com/kubepulse/kubepulse/pkg/core/engine.go:666.2,667.42 2 0
github.com/kubepulse/kubepulse/pkg/core/engine.go:667.42,674.3 1 0
github.com/kubepulse/kubepulse/pkg/core/engine.go:676.2,686.3 1 0
github.com/kubepulse/kubepulse/pkg/core/engine.go:690.89,692.45 2 0
github.com/kubepulse/kubepulse/pkg/core/engine.go:692.45,694.3 1 0
github.com/kubepulse/kubepulse/pkg/core/engine.go:696.2,708.3 1 0
github.com/kubepulse/kubepulse/pkg/core/errors.go:46.38,47.20 1 3
github.com/kubepulse/kubepulse/pkg/core/errors.go:47.20,50.3 1 1
github.com/kubepulse/kubepulse/pkg/core/errors.go:51.2,52.51 1 2
github.com/kubepulse/kubepulse/pkg/core/errors.go:56.38,58.2 1 1
github.com/kubepulse/kubepulse/pkg/core/errors.go:61.140,74.2 1 4
github.com/kubepulse/kubepulse/pkg/core/errors.go:77.79,80.2 2 0
github.com/kubepulse/kubepulse/pkg/core/errors.go:83.62,86.2 2 0
github.com/kubepulse/kubepulse/pkg/core/errors.go:89.44,91.2 1 4
github.com/kubepulse/kubepulse/pkg/core/errors.go:94.41,96.2 1 6
github.com/kubepulse/kubepulse/pkg/core/errors.go:106.79,112.2 1 1
github.com/kubepulse/kubepulse/pkg/core/errors.go:115.55,120.28 2 2
github.com/kubepulse/kubepulse/pkg/core/errors.go:120.28,122.3 1 2
github.com/kubepulse/kubepulse/pkg/core/errors.go:125.2,125.22 1 2
github.com/kubepulse/kubepulse/pkg/core/errors.go:125.22,127.3 1 1
github.com/kubepulse/kubepulse/pkg/core/errors.go:130.2,130.12 1 1
github.com/kubepulse/kubepulse/pkg/core/errors.go:134.65,135.27 1 0
github.com/kubepulse/kubepulse/pkg/core/errors.go:135.27,137.3 1 0
github.com/kubepulse/kubepulse/pkg/core/errors.go:139.2,140.15 2 0
github.com/kubepulse/kubepulse/pkg/core/errors.go:140.15,142.3 1 0
github.com/kubepulse/kubepulse/pkg/core/errors.go:144.2,144.25 1 0
github.com/kubepulse/kubepulse/pkg/core/errors.go:148.82,150.31 2 0
github.com/kubepulse/kubepulse/pkg/core/errors.go:150.31,151.31 1 0
github.com/kubepulse/kubepulse/pkg/core/errors.go:151.31,153.4 1 0
github.com/kubepulse/kubepulse/pkg/core/errors.go:155.2,155.17 1 0
github.com/kubepulse/kubepulse/pkg/core/errors.go:159.50,163.33 2 2
github.com/kubepulse/kubepulse/pkg/core/errors.go:163.33,165.3 1 0
github.com/kubepulse/kubepulse/pkg/core/errors.go:169.31,171.2 1 4
github.com/kubepulse/kubepulse/pkg/core/errors.go:176.90,185.2 1 1
github.com/kubepulse/kubepulse/pkg/core/errors.go:188.70,197.2 1 0
github.com/kubepulse/kubepulse/pkg/core/errors.go:200.78,209.2 1 0
github.com/kubepulse/kubepulse/pkg/core/errors.go:212.81,221.2 1 0
