mode: atomic
github.com/kubepulse/kubepulse/pkg/health/node_check.go:23.44,30.2 1 0
github.com/kubepulse/kubepulse/pkg/health/node_check.go:33.41,35.2 1 0
github.com/kubepulse/kubepulse/pkg/health/node_check.go:38.48,40.2 1 0
github.com/kubepulse/kubepulse/pkg/health/node_check.go:43.109,53.16 3 0
github.com/kubepulse/kubepulse/pkg/health/node_check.go:53.16,55.3 1 0
github.com/kubepulse/kubepulse/pkg/health/node_check.go:57.2,61.35 4 0
github.com/kubepulse/kubepulse/pkg/health/node_check.go:61.35,68.52 3 0
github.com/kubepulse/kubepulse/pkg/health/node_check.go:68.52,69.42 1 0
github.com/kubepulse/kubepulse/pkg/health/node_check.go:69.42,71.16 2 0
github.com/kubepulse/kubepulse/pkg/health/node_check.go:71.16,73.6 1 0
github.com/kubepulse/kubepulse/pkg/health/node_check.go:73.11,76.6 2 0
github.com/kubepulse/kubepulse/pkg/health/node_check.go:80.4,80.95 1 0
github.com/kubepulse/kubepulse/pkg/health/node_check.go:80.95,82.5 1 0
github.com/kubepulse/kubepulse/pkg/health/node_check.go:83.4,83.93 1 0
github.com/kubepulse/kubepulse/pkg/health/node_check.go:83.93,85.5 1 0
github.com/kubepulse/kubepulse/pkg/health/node_check.go:86.4,86.92 1 0
github.com/kubepulse/kubepulse/pkg/health/node_check.go:86.92,88.5 1 0
github.com/kubepulse/kubepulse/pkg/health/node_check.go:92.3,113.34 15 0
github.com/kubepulse/kubepulse/pkg/health/node_check.go:113.34,115.4 1 0
github.com/kubepulse/kubepulse/pkg/health/node_check.go:116.3,116.40 1 0
github.com/kubepulse/kubepulse/pkg/health/node_check.go:116.40,118.4 1 0
github.com/kubepulse/kubepulse/pkg/health/node_check.go:120.3,142.4 2 0
github.com/kubepulse/kubepulse/pkg/health/node_check.go:146.2,147.23 2 0
github.com/kubepulse/kubepulse/pkg/health/node_check.go:147.23,150.3 2 0
github.com/kubepulse/kubepulse/pkg/health/node_check.go:150.8,150.32 1 0
github.com/kubepulse/kubepulse/pkg/health/node_check.go:150.32,153.3 2 0
github.com/kubepulse/kubepulse/pkg/health/node_check.go:153.8,155.3 1 0
github.com/kubepulse/kubepulse/pkg/health/node_check.go:158.2,162.25 5 0
github.com/kubepulse/kubepulse/pkg/health/node_check.go:162.25,164.3 1 0
github.com/kubepulse/kubepulse/pkg/health/node_check.go:167.2,184.20 3 0
github.com/kubepulse/kubepulse/pkg/health/node_check.go:188.74,189.52 1 0
github.com/kubepulse/kubepulse/pkg/health/node_check.go:189.52,191.3 1 0
github.com/kubepulse/kubepulse/pkg/health/node_check.go:192.2,192.55 1 0
github.com/kubepulse/kubepulse/pkg/health/node_check.go:192.55,194.3 1 0
github.com/kubepulse/kubepulse/pkg/health/node_check.go:195.2,195.53 1 0
github.com/kubepulse/kubepulse/pkg/health/node_check.go:195.53,197.3 1 0
github.com/kubepulse/kubepulse/pkg/health/node_check.go:198.2,198.12 1 0
github.com/kubepulse/kubepulse/pkg/health/node_check.go:202.52,204.2 1 0
github.com/kubepulse/kubepulse/pkg/health/node_check.go:207.58,209.2 1 0
github.com/kubepulse/kubepulse/pkg/health/node_check.go:213.152,224.2 1 0
github.com/kubepulse/kubepulse/pkg/health/pod_check.go:25.42,32.2 1 0
github.com/kubepulse/kubepulse/pkg/health/pod_check.go:35.40,37.2 1 0
github.com/kubepulse/kubepulse/pkg/health/pod_check.go:40.47,42.2 1 0
github.com/kubepulse/kubepulse/pkg/health/pod_check.go:45.108,56.16 3 0
github.com/kubepulse/kubepulse/pkg/health/pod_check.go:56.16,58.3 1 0
github.com/kubepulse/kubepulse/pkg/health/pod_check.go:60.2,65.32 4 0
github.com/kubepulse/kubepulse/pkg/health/pod_check.go:65.32,67.17 2 0
github.com/kubepulse/kubepulse/pkg/health/pod_check.go:67.17,69.4 1 0
github.com/kubepulse/kubepulse/pkg/health/pod_check.go:71.3,71.34 1 0
github.com/kubepulse/kubepulse/pkg/health/pod_check.go:71.34,76.28 3 0
github.com/kubepulse/kubepulse/pkg/health/pod_check.go:77.27,78.27 1 0
github.com/kubepulse/kubepulse/pkg/health/pod_check.go:78.27,80.6 1 0
github.com/kubepulse/kubepulse/pkg/health/pod_check.go:80.11,82.6 1 0
github.com/kubepulse/kubepulse/pkg/health/pod_check.go:83.26,84.17 1 0
github.com/kubepulse/kubepulse/pkg/health/pod_check.go:85.27,87.33 1 0
github.com/kubepulse/kubepulse/pkg/health/pod_check.go:87.33,89.6 1 0
github.com/kubepulse/kubepulse/pkg/health/pod_check.go:89.11,91.6 1 0
github.com/kubepulse/kubepulse/pkg/health/pod_check.go:95.4,96.37 2 0
github.com/kubepulse/kubepulse/pkg/health/pod_check.go:96.37,98.5 1 0
github.com/kubepulse/kubepulse/pkg/health/pod_check.go:103.2,106.23 3 0
github.com/kubepulse/kubepulse/pkg/health/pod_check.go:106.23,109.3 2 0
github.com/kubepulse/kubepulse/pkg/health/pod_check.go:109.8,109.80 1 0
github.com/kubepulse/kubepulse/pkg/health/pod_check.go:109.80,112.21 3 0
github.com/kubepulse/kubepulse/pkg/health/pod_check.go:112.21,114.4 1 0
github.com/kubepulse/kubepulse/pkg/health/pod_check.go:115.3,115.31 1 0
github.com/kubepulse/kubepulse/pkg/health/pod_check.go:115.31,117.4 1 0
github.com/kubepulse/kubepulse/pkg/health/pod_check.go:118.3,118.22 1 0
github.com/kubepulse/kubepulse/pkg/health/pod_check.go:118.22,120.4 1 0
github.com/kubepulse/kubepulse/pkg/health/pod_check.go:121.3,121.86 1 0
github.com/kubepulse/kubepulse/pkg/health/pod_check.go:122.8,124.3 1 0
github.com/kubepulse/kubepulse/pkg/health/pod_check.go:127.2,132.30 6 0
github.com/kubepulse/kubepulse/pkg/health/pod_check.go:132.30,134.3 1 0
github.com/kubepulse/kubepulse/pkg/health/pod_check.go:137.2,166.20 3 0
github.com/kubepulse/kubepulse/pkg/health/pod_check.go:170.73,171.47 1 0
github.com/kubepulse/kubepulse/pkg/health/pod_check.go:171.47,173.3 1 0
github.com/kubepulse/kubepulse/pkg/health/pod_check.go:174.2,174.52 1 0
github.com/kubepulse/kubepulse/pkg/health/pod_check.go:174.52,176.3 1 0
github.com/kubepulse/kubepulse/pkg/health/pod_check.go:177.2,177.58 1 0
github.com/kubepulse/kubepulse/pkg/health/pod_check.go:177.58,179.3 1 0
github.com/kubepulse/kubepulse/pkg/health/pod_check.go:180.2,180.63 1 0
github.com/kubepulse/kubepulse/pkg/health/pod_check.go:180.63,182.3 1 0
github.com/kubepulse/kubepulse/pkg/health/pod_check.go:183.2,183.12 1 0
github.com/kubepulse/kubepulse/pkg/health/pod_check.go:187.51,189.2 1 0
github.com/kubepulse/kubepulse/pkg/health/pod_check.go:192.57,194.2 1 0
github.com/kubepulse/kubepulse/pkg/health/pod_check.go:197.115,199.38 1 0
github.com/kubepulse/kubepulse/pkg/health/pod_check.go:199.38,201.3 1 0
github.com/kubepulse/kubepulse/pkg/health/pod_check.go:204.2,204.23 1 0
github.com/kubepulse/kubepulse/pkg/health/pod_check.go:204.23,206.3 1 0
github.com/kubepulse/kubepulse/pkg/health/pod_check.go:209.2,210.16 2 0
github.com/kubepulse/kubepulse/pkg/health/pod_check.go:210.16,212.3 1 0
github.com/kubepulse/kubepulse/pkg/health/pod_check.go:214.2,216.41 3 0
github.com/kubepulse/kubepulse/pkg/health/pod_check.go:216.41,218.3 1 0
github.com/kubepulse/kubepulse/pkg/health/pod_check.go:220.2,220.38 1 0
github.com/kubepulse/kubepulse/pkg/health/pod_check.go:220.38,221.27 1 0
github.com/kubepulse/kubepulse/pkg/health/pod_check.go:221.27,223.4 1 0
github.com/kubepulse/kubepulse/pkg/health/pod_check.go:226.2,226.20 1 0
github.com/kubepulse/kubepulse/pkg/health/pod_check.go:230.59,231.50 1 0
github.com/kubepulse/kubepulse/pkg/health/pod_check.go:231.50,232.40 1 0
github.com/kubepulse/kubepulse/pkg/health/pod_check.go:232.40,234.4 1 0
github.com/kubepulse/kubepulse/pkg/health/pod_check.go:236.2,236.14 1 0
github.com/kubepulse/kubepulse/pkg/health/pod_check.go:240.65,242.63 2 0
github.com/kubepulse/kubepulse/pkg/health/pod_check.go:242.63,244.3 1 0
github.com/kubepulse/kubepulse/pkg/health/pod_check.go:245.2,245.17 1 0
github.com/kubepulse/kubepulse/pkg/health/pod_check.go:249.65,251.63 1 0
github.com/kubepulse/kubepulse/pkg/health/pod_check.go:251.63,252.43 1 0
github.com/kubepulse/kubepulse/pkg/health/pod_check.go:252.43,255.18 2 0
github.com/kubepulse/kubepulse/pkg/health/pod_check.go:257.69,258.16 1 0
github.com/kubepulse/kubepulse/pkg/health/pod_check.go:264.2,264.62 1 0
github.com/kubepulse/kubepulse/pkg/health/pod_check.go:264.62,265.38 1 0
github.com/kubepulse/kubepulse/pkg/health/pod_check.go:265.38,267.18 2 0
github.com/kubepulse/kubepulse/pkg/health/pod_check.go:269.69,270.16 1 0
github.com/kubepulse/kubepulse/pkg/health/pod_check.go:276.2,276.50 1 0
github.com/kubepulse/kubepulse/pkg/health/pod_check.go:276.50,277.89 1 0
github.com/kubepulse/kubepulse/pkg/health/pod_check.go:277.89,279.43 1 0
github.com/kubepulse/kubepulse/pkg/health/pod_check.go:279.43,281.5 1 0
github.com/kubepulse/kubepulse/pkg/health/pod_check.go:285.2,285.14 1 0
github.com/kubepulse/kubepulse/pkg/health/service_check.go:21.50,26.2 1 0
github.com/kubepulse/kubepulse/pkg/health/service_check.go:29.44,31.2 1 0
github.com/kubepulse/kubepulse/pkg/health/service_check.go:34.51,36.2 1 0
github.com/kubepulse/kubepulse/pkg/health/service_check.go:39.112,50.16 3 0
github.com/kubepulse/kubepulse/pkg/health/service_check.go:50.16,52.3 1 0
github.com/kubepulse/kubepulse/pkg/health/service_check.go:54.2,57.32 3 0
github.com/kubepulse/kubepulse/pkg/health/service_check.go:57.32,59.17 2 0
github.com/kubepulse/kubepulse/pkg/health/service_check.go:59.17,61.4 1 0
github.com/kubepulse/kubepulse/pkg/health/service_check.go:63.3,63.42 1 0
github.com/kubepulse/kubepulse/pkg/health/service_check.go:63.42,66.49 2 0
github.com/kubepulse/kubepulse/pkg/health/service_check.go:66.49,68.5 1 0
github.com/kubepulse/kubepulse/pkg/health/service_check.go:68.10,72.5 2 0
github.com/kubepulse/kubepulse/pkg/health/service_check.go:77.2,77.27 1 0
github.com/kubepulse/kubepulse/pkg/health/service_check.go:77.27,80.3 2 0
github.com/kubepulse/kubepulse/pkg/health/service_check.go:80.8,82.3 1 0
github.com/kubepulse/kubepulse/pkg/health/service_check.go:85.2,88.28 4 0
github.com/kubepulse/kubepulse/pkg/health/service_check.go:88.28,90.3 1 0
github.com/kubepulse/kubepulse/pkg/health/service_check.go:93.2,109.20 3 0
github.com/kubepulse/kubepulse/pkg/health/service_check.go:113.77,114.47 1 0
github.com/kubepulse/kubepulse/pkg/health/service_check.go:114.47,116.3 1 0
github.com/kubepulse/kubepulse/pkg/health/service_check.go:117.2,117.12 1 0
github.com/kubepulse/kubepulse/pkg/health/service_check.go:121.55,123.2 1 0
github.com/kubepulse/kubepulse/pkg/health/service_check.go:126.61,128.2 1 0
github.com/kubepulse/kubepulse/pkg/health/service_check.go:131.127,134.16 2 0
github.com/kubepulse/kubepulse/pkg/health/service_check.go:134.16,136.3 1 0
github.com/kubepulse/kubepulse/pkg/health/service_check.go:139.2,139.43 1 0
github.com/kubepulse/kubepulse/pkg/health/service_check.go:139.43,140.32 1 0
github.com/kubepulse/kubepulse/pkg/health/service_check.go:140.32,142.4 1 0
github.com/kubepulse/kubepulse/pkg/health/service_check.go:145.2,145.14 1 0
github.com/kubepulse/kubepulse/pkg/health/service_check.go:149.119,150.23 1 0
github.com/kubepulse/kubepulse/pkg/health/service_check.go:150.23,152.3 1 0
github.com/kubepulse/kubepulse/pkg/health/service_check.go:155.2,156.16 2 0
github.com/kubepulse/kubepulse/pkg/health/service_check.go:156.16,158.3 1 0
github.com/kubepulse/kubepulse/pkg/health/service_check.go:160.2,161.38 2 0
github.com/kubepulse/kubepulse/pkg/health/service_check.go:161.38,163.91 1 0
github.com/kubepulse/kubepulse/pkg/health/service_check.go:163.91,165.4 1 0
github.com/kubepulse/kubepulse/pkg/health/service_check.go:168.2,168.20 1 0
github.com/kubepulse/kubepulse/pkg/slo/tracker.go:18.28,24.2 1 0
github.com/kubepulse/kubepulse/pkg/slo/tracker.go:27.35,39.2 4 0
github.com/kubepulse/kubepulse/pkg/slo/tracker.go:42.67,49.36 4 0
github.com/kubepulse/kubepulse/pkg/slo/tracker.go:49.36,51.3 1 0
github.com/kubepulse/kubepulse/pkg/slo/tracker.go:53.2,53.31 1 0
github.com/kubepulse/kubepulse/pkg/slo/tracker.go:57.67,63.2 4 0
github.com/kubepulse/kubepulse/pkg/slo/tracker.go:66.54,71.37 4 0
github.com/kubepulse/kubepulse/pkg/slo/tracker.go:71.37,73.3 1 0
github.com/kubepulse/kubepulse/pkg/slo/tracker.go:74.2,74.15 1 0
github.com/kubepulse/kubepulse/pkg/slo/tracker.go:78.54,80.13 2 0
github.com/kubepulse/kubepulse/pkg/slo/tracker.go:80.13,82.3 1 0
github.com/kubepulse/kubepulse/pkg/slo/tracker.go:84.2,87.23 3 0
github.com/kubepulse/kubepulse/pkg/slo/tracker.go:87.23,89.3 1 0
github.com/kubepulse/kubepulse/pkg/slo/tracker.go:92.2,92.17 1 0
github.com/kubepulse/kubepulse/pkg/slo/tracker.go:93.22,94.57 1 0
github.com/kubepulse/kubepulse/pkg/slo/tracker.go:95.17,96.52 1 0
github.com/kubepulse/kubepulse/pkg/slo/tracker.go:97.20,98.54 1 0
github.com/kubepulse/kubepulse/pkg/slo/tracker.go:99.10,100.52 1 0
github.com/kubepulse/kubepulse/pkg/slo/tracker.go:104.2,104.38 1 0
github.com/kubepulse/kubepulse/pkg/slo/tracker.go:104.38,107.3 2 0
github.com/kubepulse/kubepulse/pkg/slo/tracker.go:107.8,109.3 1 0
github.com/kubepulse/kubepulse/pkg/slo/tracker.go:112.2,118.25 3 0
github.com/kubepulse/kubepulse/pkg/slo/tracker.go:118.25,120.22 2 0
github.com/kubepulse/kubepulse/pkg/slo/tracker.go:120.22,122.4 1 0
github.com/kubepulse/kubepulse/pkg/slo/tracker.go:127.67,128.23 1 0
github.com/kubepulse/kubepulse/pkg/slo/tracker.go:128.23,130.3 1 0
github.com/kubepulse/kubepulse/pkg/slo/tracker.go:132.2,134.33 2 0
github.com/kubepulse/kubepulse/pkg/slo/tracker.go:134.33,135.22 1 0
github.com/kubepulse/kubepulse/pkg/slo/tracker.go:136.24,137.33 1 0
github.com/kubepulse/kubepulse/pkg/slo/tracker.go:138.26,139.38 1 0
github.com/kubepulse/kubepulse/pkg/slo/tracker.go:143.2,143.24 1 0
github.com/kubepulse/kubepulse/pkg/slo/tracker.go:143.24,145.3 1 0
github.com/kubepulse/kubepulse/pkg/slo/tracker.go:147.2,147.53 1 0
github.com/kubepulse/kubepulse/pkg/slo/tracker.go:151.62,154.33 2 0
github.com/kubepulse/kubepulse/pkg/slo/tracker.go:154.33,155.40 1 0
github.com/kubepulse/kubepulse/pkg/slo/tracker.go:155.40,157.4 1 0
github.com/kubepulse/kubepulse/pkg/slo/tracker.go:160.2,160.25 1 0
github.com/kubepulse/kubepulse/pkg/slo/tracker.go:160.25,162.3 1 0
github.com/kubepulse/kubepulse/pkg/slo/tracker.go:165.2,165.36 1 0
github.com/kubepulse/kubepulse/pkg/slo/tracker.go:169.64,172.33 2 0
github.com/kubepulse/kubepulse/pkg/slo/tracker.go:172.33,173.22 1 0
github.com/kubepulse/kubepulse/pkg/slo/tracker.go:174.24,175.33 1 0
github.com/kubepulse/kubepulse/pkg/slo/tracker.go:176.25,177.33 1 0
github.com/kubepulse/kubepulse/pkg/slo/tracker.go:181.2,181.24 1 0
github.com/kubepulse/kubepulse/pkg/slo/tracker.go:181.24,183.3 1 0
github.com/kubepulse/kubepulse/pkg/slo/tracker.go:185.2,185.52 1 0
github.com/kubepulse/kubepulse/pkg/slo/tracker.go:189.62,190.23 1 0
github.com/kubepulse/kubepulse/pkg/slo/tracker.go:190.23,192.3 1 0
github.com/kubepulse/kubepulse/pkg/slo/tracker.go:194.2,195.33 2 0
github.com/kubepulse/kubepulse/pkg/slo/tracker.go:195.33,197.3 1 0
github.com/kubepulse/kubepulse/pkg/slo/tracker.go:199.2,199.36 1 0
github.com/kubepulse/kubepulse/pkg/slo/tracker.go:203.63,204.22 1 0
github.com/kubepulse/kubepulse/pkg/slo/tracker.go:204.22,206.3 1 0
github.com/kubepulse/kubepulse/pkg/slo/tracker.go:209.2,210.21 2 0
github.com/kubepulse/kubepulse/pkg/slo/tracker.go:210.21,212.3 1 0
github.com/kubepulse/kubepulse/pkg/slo/tracker.go:215.2,216.35 2 0
github.com/kubepulse/kubepulse/pkg/slo/tracker.go:216.35,217.42 1 0
github.com/kubepulse/kubepulse/pkg/slo/tracker.go:217.42,219.4 1 0
github.com/kubepulse/kubepulse/pkg/slo/tracker.go:222.2,222.37 1 0
github.com/kubepulse/kubepulse/pkg/slo/tracker.go:226.67,227.22 1 0
github.com/kubepulse/kubepulse/pkg/slo/tracker.go:227.22,229.3 1 0
github.com/kubepulse/kubepulse/pkg/slo/tracker.go:232.2,233.26 2 0
github.com/kubepulse/kubepulse/pkg/slo/tracker.go:233.26,235.3 1 0
github.com/kubepulse/kubepulse/pkg/slo/tracker.go:237.2,237.22 1 0
github.com/kubepulse/kubepulse/pkg/plugins/registry.go:17.30,21.2 1 0
github.com/kubepulse/kubepulse/pkg/plugins/registry.go:24.59,29.41 4 0
github.com/kubepulse/kubepulse/pkg/plugins/registry.go:29.41,31.3 1 0
github.com/kubepulse/kubepulse/pkg/plugins/registry.go:33.2,34.12 2 0
github.com/kubepulse/kubepulse/pkg/plugins/registry.go:38.50,42.42 3 0
github.com/kubepulse/kubepulse/pkg/plugins/registry.go:42.42,44.3 1 0
github.com/kubepulse/kubepulse/pkg/plugins/registry.go:46.2,47.12 2 0
github.com/kubepulse/kubepulse/pkg/plugins/registry.go:51.63,56.13 4 0
github.com/kubepulse/kubepulse/pkg/plugins/registry.go:56.13,58.3 1 0
github.com/kubepulse/kubepulse/pkg/plugins/registry.go:60.2,60.19 1 0
github.com/kubepulse/kubepulse/pkg/plugins/registry.go:64.46,69.33 4 0
github.com/kubepulse/kubepulse/pkg/plugins/registry.go:69.33,71.3 1 0
github.com/kubepulse/kubepulse/pkg/plugins/registry.go:73.2,73.15 1 0
github.com/kubepulse/kubepulse/pkg/plugins/registry.go:77.42,82.29 4 0
github.com/kubepulse/kubepulse/pkg/plugins/registry.go:82.29,84.3 1 0
github.com/kubepulse/kubepulse/pkg/plugins/registry.go:86.2,86.14 1 0
github.com/kubepulse/kubepulse/pkg/plugins/registry.go:90.32,95.2 3 0
github.com/kubepulse/kubepulse/pkg/plugins/registry.go:98.28,103.2 3 0
github.com/kubepulse/kubepulse/pkg/ml/anomaly.go:25.44,31.2 1 0
github.com/kubepulse/kubepulse/pkg/ml/anomaly.go:34.95,37.33 2 0
github.com/kubepulse/kubepulse/pkg/ml/anomaly.go:37.33,38.28 1 0
github.com/kubepulse/kubepulse/pkg/ml/anomaly.go:38.28,46.4 2 0
github.com/kubepulse/kubepulse/pkg/ml/anomaly.go:49.2,49.20 1 0
github.com/kubepulse/kubepulse/pkg/ml/anomaly.go:53.59,56.25 2 0
github.com/kubepulse/kubepulse/pkg/ml/anomaly.go:56.25,60.3 2 0
github.com/kubepulse/kubepulse/pkg/ml/anomaly.go:63.2,69.20 4 0
github.com/kubepulse/kubepulse/pkg/ml/anomaly.go:73.76,74.57 1 0
github.com/kubepulse/kubepulse/pkg/ml/anomaly.go:74.57,76.3 1 0
github.com/kubepulse/kubepulse/pkg/ml/anomaly.go:78.2,85.17 3 0
github.com/kubepulse/kubepulse/pkg/ml/anomaly.go:89.77,91.32 2 0
github.com/kubepulse/kubepulse/pkg/ml/anomaly.go:91.32,93.3 1 0
github.com/kubepulse/kubepulse/pkg/ml/anomaly.go:95.2,99.36 3 0
github.com/kubepulse/kubepulse/pkg/ml/anomaly.go:99.36,101.3 1 0
github.com/kubepulse/kubepulse/pkg/ml/anomaly.go:102.2,106.36 3 0
github.com/kubepulse/kubepulse/pkg/ml/anomaly.go:106.36,108.3 1 0
github.com/kubepulse/kubepulse/pkg/ml/anomaly.go:109.2,111.26 2 0
github.com/kubepulse/kubepulse/pkg/ml/anomaly.go:111.26,113.3 1 0
github.com/kubepulse/kubepulse/pkg/ml/anomaly.go:117.71,124.2 4 0
github.com/kubepulse/kubepulse/internal/config/config.go:128.53,181.22 2 0
github.com/kubepulse/kubepulse/internal/config/config.go:181.22,182.58 1 0
github.com/kubepulse/kubepulse/internal/config/config.go:182.58,184.4 1 0
github.com/kubepulse/kubepulse/internal/config/config.go:188.2,188.44 1 0
github.com/kubepulse/kubepulse/internal/config/config.go:188.44,190.3 1 0
github.com/kubepulse/kubepulse/internal/config/config.go:193.2,193.47 1 0
github.com/kubepulse/kubepulse/internal/config/config.go:193.47,195.3 1 0
github.com/kubepulse/kubepulse/internal/config/config.go:197.2,197.20 1 0
github.com/kubepulse/kubepulse/internal/config/config.go:201.54,203.16 2 0
github.com/kubepulse/kubepulse/internal/config/config.go:203.16,205.3 1 0
github.com/kubepulse/kubepulse/internal/config/config.go:207.2,207.37 1 0
github.com/kubepulse/kubepulse/internal/config/config.go:211.40,227.42 12 0
github.com/kubepulse/kubepulse/internal/config/config.go:227.42,229.3 1 0
github.com/kubepulse/kubepulse/internal/config/config.go:230.2,230.40 1 0
github.com/kubepulse/kubepulse/internal/config/config.go:230.40,232.3 1 0
github.com/kubepulse/kubepulse/internal/config/config.go:233.2,233.31 1 0
github.com/kubepulse/kubepulse/internal/config/config.go:233.31,235.3 1 0
github.com/kubepulse/kubepulse/internal/config/config.go:236.2,236.32 1 0
github.com/kubepulse/kubepulse/internal/config/config.go:236.32,238.3 1 0
github.com/kubepulse/kubepulse/internal/config/config.go:239.2,239.32 1 0
github.com/kubepulse/kubepulse/internal/config/config.go:239.32,241.3 1 0
github.com/kubepulse/kubepulse/internal/config/config.go:242.2,242.38 1 0
github.com/kubepulse/kubepulse/internal/config/config.go:242.38,244.3 1 0
github.com/kubepulse/kubepulse/internal/config/config.go:245.2,245.40 1 0
github.com/kubepulse/kubepulse/internal/config/config.go:245.40,247.3 1 0
github.com/kubepulse/kubepulse/internal/config/config.go:248.2,248.40 1 0
github.com/kubepulse/kubepulse/internal/config/config.go:248.40,250.3 1 0
github.com/kubepulse/kubepulse/internal/config/config.go:251.2,251.29 1 0
github.com/kubepulse/kubepulse/internal/config/config.go:251.29,253.3 1 0
github.com/kubepulse/kubepulse/internal/config/config.go:255.2,255.12 1 0
github.com/kubepulse/kubepulse/internal/config/config.go:259.43,261.37 1 0
github.com/kubepulse/kubepulse/internal/config/config.go:261.37,263.3 1 0
github.com/kubepulse/kubepulse/internal/config/config.go:264.2,264.36 1 0
github.com/kubepulse/kubepulse/internal/config/config.go:264.36,266.3 1 0
github.com/kubepulse/kubepulse/internal/config/config.go:267.2,267.39 1 0
github.com/kubepulse/kubepulse/internal/config/config.go:267.39,269.3 1 0
github.com/kubepulse/kubepulse/internal/config/config.go:272.2,272.30 1 0
github.com/kubepulse/kubepulse/internal/config/config.go:272.30,274.3 1 0
github.com/kubepulse/kubepulse/internal/config/config.go:275.2,275.36 1 0
github.com/kubepulse/kubepulse/internal/config/config.go:275.36,277.3 1 0
github.com/kubepulse/kubepulse/internal/config/config.go:279.2,279.12 1 0
github.com/kubepulse/kubepulse/internal/config/config.go:283.52,285.16 2 0
github.com/kubepulse/kubepulse/internal/config/config.go:285.16,287.3 1 0
github.com/kubepulse/kubepulse/internal/config/config.go:289.2,289.39 1 0
github.com/kubepulse/kubepulse/internal/config/config.go:293.33,296.2 2 0
github.com/kubepulse/kubepulse/pkg/alerts/manager.go:38.28,46.2 1 0
github.com/kubepulse/kubepulse/pkg/alerts/manager.go:49.64,53.2 3 0
github.com/kubepulse/kubepulse/pkg/alerts/manager.go:56.43,60.2 3 0
github.com/kubepulse/kubepulse/pkg/alerts/manager.go:63.85,67.31 3 0
github.com/kubepulse/kubepulse/pkg/alerts/manager.go:67.31,68.51 1 0
github.com/kubepulse/kubepulse/pkg/alerts/manager.go:68.51,86.40 2 0
github.com/kubepulse/kubepulse/pkg/alerts/manager.go:86.40,87.65 1 0
github.com/kubepulse/kubepulse/pkg/alerts/manager.go:87.65,89.6 1 0
github.com/kubepulse/kubepulse/pkg/alerts/manager.go:93.4,96.25 2 0
github.com/kubepulse/kubepulse/pkg/alerts/manager.go:100.2,100.12 1 0
github.com/kubepulse/kubepulse/pkg/alerts/manager.go:104.76,108.2 3 0
github.com/kubepulse/kubepulse/pkg/alerts/manager.go:111.49,115.42 3 0
github.com/kubepulse/kubepulse/pkg/alerts/manager.go:115.42,117.3 1 0
github.com/kubepulse/kubepulse/pkg/alerts/manager.go:120.2,121.26 2 0
github.com/kubepulse/kubepulse/pkg/alerts/manager.go:125.51,127.2 1 0
github.com/kubepulse/kubepulse/pkg/alerts/manager.go:130.55,132.13 2 0
github.com/kubepulse/kubepulse/pkg/alerts/manager.go:132.13,134.3 1 0
github.com/kubepulse/kubepulse/pkg/alerts/manager.go:136.2,136.37 1 0
github.com/kubepulse/kubepulse/pkg/alerts/manager.go:136.37,139.3 2 0
github.com/kubepulse/kubepulse/pkg/alerts/manager.go:141.2,141.13 1 0
github.com/kubepulse/kubepulse/pkg/alerts/manager.go:145.89,147.13 2 0
github.com/kubepulse/kubepulse/pkg/alerts/manager.go:147.13,149.3 1 0
github.com/kubepulse/kubepulse/pkg/alerts/manager.go:151.2,151.33 1 0
github.com/kubepulse/kubepulse/pkg/alerts/manager.go:155.45,158.35 2 0
github.com/kubepulse/kubepulse/pkg/alerts/manager.go:158.35,160.3 1 0
github.com/kubepulse/kubepulse/pkg/alerts/manager.go:164.77,165.20 1 0
github.com/kubepulse/kubepulse/pkg/alerts/manager.go:165.20,167.3 1 0
github.com/kubepulse/kubepulse/pkg/alerts/manager.go:170.2,172.16 3 0
github.com/kubepulse/kubepulse/pkg/alerts/manager.go:176.83,178.2 1 0
github.com/kubepulse/kubepulse/pkg/alerts/manager.go:184.34,186.2 1 0
github.com/kubepulse/kubepulse/pkg/alerts/manager.go:189.36,191.2 1 0
github.com/kubepulse/kubepulse/pkg/alerts/manager.go:194.67,197.2 2 0
github.com/kubepulse/kubepulse/pkg/alerts/manager.go:200.39,204.45 1 0
github.com/kubepulse/kubepulse/pkg/alerts/manager.go:204.45,206.5 1 0
github.com/kubepulse/kubepulse/pkg/alerts/manager.go:214.45,216.5 1 0
github.com/kubepulse/kubepulse/pkg/alerts/manager.go:224.45,226.5 1 0
github.com/kubepulse/kubepulse/pkg/ai/assistant.go:54.46,64.2 1 0
github.com/kubepulse/kubepulse/pkg/ai/assistant.go:67.119,83.36 3 0
github.com/kubepulse/kubepulse/pkg/ai/assistant.go:83.36,85.3 1 0
github.com/kubepulse/kubepulse/pkg/ai/assistant.go:87.2,87.40 1 0
github.com/kubepulse/kubepulse/pkg/ai/assistant.go:87.40,89.3 1 0
github.com/kubepulse/kubepulse/pkg/ai/assistant.go:91.2,91.37 1 0
github.com/kubepulse/kubepulse/pkg/ai/assistant.go:91.37,93.3 1 0
github.com/kubepulse/kubepulse/pkg/ai/assistant.go:96.2,97.16 2 0
github.com/kubepulse/kubepulse/pkg/ai/assistant.go:97.16,99.3 1 0
github.com/kubepulse/kubepulse/pkg/ai/assistant.go:101.2,108.8 1 0
github.com/kubepulse/kubepulse/pkg/ai/assistant.go:112.113,113.13 1 0
github.com/kubepulse/kubepulse/pkg/ai/assistant.go:113.13,127.3 4 0
github.com/kubepulse/kubepulse/pkg/ai/assistant.go:131.66,133.2 1 0
github.com/kubepulse/kubepulse/pkg/ai/assistant.go:136.129,162.16 4 0
github.com/kubepulse/kubepulse/pkg/ai/assistant.go:162.16,164.3 1 0
github.com/kubepulse/kubepulse/pkg/ai/assistant.go:166.2,166.40 1 0
github.com/kubepulse/kubepulse/pkg/ai/assistant.go:170.133,173.38 2 0
github.com/kubepulse/kubepulse/pkg/ai/assistant.go:173.38,174.42 1 0
github.com/kubepulse/kubepulse/pkg/ai/assistant.go:174.42,176.4 1 0
github.com/kubepulse/kubepulse/pkg/ai/assistant.go:179.2,203.16 4 0
github.com/kubepulse/kubepulse/pkg/ai/assistant.go:203.16,205.3 1 0
github.com/kubepulse/kubepulse/pkg/ai/assistant.go:207.2,207.40 1 0
github.com/kubepulse/kubepulse/pkg/ai/assistant.go:211.130,239.16 5 0
github.com/kubepulse/kubepulse/pkg/ai/assistant.go:239.16,241.3 1 0
github.com/kubepulse/kubepulse/pkg/ai/assistant.go:243.2,243.40 1 0
github.com/kubepulse/kubepulse/pkg/ai/assistant.go:247.55,250.30 3 0
github.com/kubepulse/kubepulse/pkg/ai/assistant.go:250.30,251.30 1 0
github.com/kubepulse/kubepulse/pkg/ai/assistant.go:251.30,253.4 1 0
github.com/kubepulse/kubepulse/pkg/ai/assistant.go:255.2,255.14 1 0
github.com/kubepulse/kubepulse/pkg/ai/assistant.go:258.59,261.30 3 0
github.com/kubepulse/kubepulse/pkg/ai/assistant.go:261.30,262.30 1 0
github.com/kubepulse/kubepulse/pkg/ai/assistant.go:262.30,264.4 1 0
github.com/kubepulse/kubepulse/pkg/ai/assistant.go:266.2,266.14 1 0
github.com/kubepulse/kubepulse/pkg/ai/assistant.go:269.56,272.30 3 0
github.com/kubepulse/kubepulse/pkg/ai/assistant.go:272.30,273.30 1 0
github.com/kubepulse/kubepulse/pkg/ai/assistant.go:273.30,275.4 1 0
github.com/kubepulse/kubepulse/pkg/ai/assistant.go:277.2,277.14 1 0
github.com/kubepulse/kubepulse/pkg/ai/assistant.go:289.58,290.33 1 0
github.com/kubepulse/kubepulse/pkg/ai/assistant.go:290.33,292.3 1 0
github.com/kubepulse/kubepulse/pkg/ai/assistant.go:293.2,293.37 1 0
github.com/kubepulse/kubepulse/pkg/ai/assistant.go:293.37,295.3 1 0
github.com/kubepulse/kubepulse/pkg/ai/assistant.go:296.2,296.34 1 0
github.com/kubepulse/kubepulse/pkg/ai/assistant.go:296.34,298.3 1 0
github.com/kubepulse/kubepulse/pkg/ai/assistant.go:299.2,299.18 1 0
github.com/kubepulse/kubepulse/pkg/ai/assistant.go:302.73,304.42 2 0
github.com/kubepulse/kubepulse/pkg/ai/assistant.go:304.42,306.3 1 0
github.com/kubepulse/kubepulse/pkg/ai/assistant.go:307.2,307.16 1 0
github.com/kubepulse/kubepulse/pkg/ai/assistant.go:310.74,312.42 2 0
github.com/kubepulse/kubepulse/pkg/ai/assistant.go:312.42,313.27 1 0
github.com/kubepulse/kubepulse/pkg/ai/assistant.go:313.27,315.4 1 0
github.com/kubepulse/kubepulse/pkg/ai/assistant.go:317.2,317.17 1 0
github.com/kubepulse/kubepulse/pkg/ai/assistant.go:320.76,322.47 2 0
github.com/kubepulse/kubepulse/pkg/ai/assistant.go:322.47,324.3 1 0
github.com/kubepulse/kubepulse/pkg/ai/assistant.go:325.2,325.13 1 0
github.com/kubepulse/kubepulse/pkg/ai/assistant.go:328.101,332.43 2 0
github.com/kubepulse/kubepulse/pkg/ai/assistant.go:332.43,334.3 1 0
github.com/kubepulse/kubepulse/pkg/ai/assistant.go:336.2,336.31 1 0
github.com/kubepulse/kubepulse/pkg/ai/assistant.go:336.31,338.3 1 0
github.com/kubepulse/kubepulse/pkg/ai/assistant.go:340.2,340.31 1 0
github.com/kubepulse/kubepulse/pkg/ai/assistant.go:340.31,342.3 1 0
github.com/kubepulse/kubepulse/pkg/ai/assistant.go:344.2,344.18 1 0
github.com/kubepulse/kubepulse/pkg/ai/assistant.go:347.79,356.2 1 0
github.com/kubepulse/kubepulse/pkg/ai/assistant.go:358.68,360.38 2 0
github.com/kubepulse/kubepulse/pkg/ai/assistant.go:360.38,362.3 1 0
github.com/kubepulse/kubepulse/pkg/ai/assistant.go:363.2,363.16 1 0
github.com/kubepulse/kubepulse/pkg/ai/circuit_breaker.go:21.39,22.11 1 0
github.com/kubepulse/kubepulse/pkg/ai/circuit_breaker.go:23.21,24.18 1 0
github.com/kubepulse/kubepulse/pkg/ai/circuit_breaker.go:25.19,26.16 1 0
github.com/kubepulse/kubepulse/pkg/ai/circuit_breaker.go:27.23,28.21 1 0
github.com/kubepulse/kubepulse/pkg/ai/circuit_breaker.go:29.10,30.19 1 0
github.com/kubepulse/kubepulse/pkg/ai/circuit_breaker.go:52.69,53.29 1 0
github.com/kubepulse/kubepulse/pkg/ai/circuit_breaker.go:53.29,55.3 1 0
github.com/kubepulse/kubepulse/pkg/ai/circuit_breaker.go:56.2,56.25 1 0
github.com/kubepulse/kubepulse/pkg/ai/circuit_breaker.go:56.25,58.3 1 0
github.com/kubepulse/kubepulse/pkg/ai/circuit_breaker.go:59.2,59.30 1 0
github.com/kubepulse/kubepulse/pkg/ai/circuit_breaker.go:59.30,61.3 1 0
github.com/kubepulse/kubepulse/pkg/ai/circuit_breaker.go:63.2,66.3 1 0
github.com/kubepulse/kubepulse/pkg/ai/circuit_breaker.go:70.94,71.22 1 0
github.com/kubepulse/kubepulse/pkg/ai/circuit_breaker.go:71.22,73.3 1 0
github.com/kubepulse/kubepulse/pkg/ai/circuit_breaker.go:76.2,81.12 3 0
github.com/kubepulse/kubepulse/pkg/ai/circuit_breaker.go:85.45,89.18 3 0
github.com/kubepulse/kubepulse/pkg/ai/circuit_breaker.go:90.21,91.14 1 0
github.com/kubepulse/kubepulse/pkg/ai/circuit_breaker.go:92.19,94.54 1 0
github.com/kubepulse/kubepulse/pkg/ai/circuit_breaker.go:94.54,97.4 2 0
github.com/kubepulse/kubepulse/pkg/ai/circuit_breaker.go:98.3,98.15 1 0
github.com/kubepulse/kubepulse/pkg/ai/circuit_breaker.go:99.23,100.14 1 0
github.com/kubepulse/kubepulse/pkg/ai/circuit_breaker.go:101.10,102.15 1 0
github.com/kubepulse/kubepulse/pkg/ai/circuit_breaker.go:107.51,111.16 3 0
github.com/kubepulse/kubepulse/pkg/ai/circuit_breaker.go:111.16,115.34 3 0
github.com/kubepulse/kubepulse/pkg/ai/circuit_breaker.go:115.34,118.4 1 0
github.com/kubepulse/kubepulse/pkg/ai/circuit_breaker.go:118.9,118.50 1 0
github.com/kubepulse/kubepulse/pkg/ai/circuit_breaker.go:118.50,121.4 1 0
github.com/kubepulse/kubepulse/pkg/ai/circuit_breaker.go:122.8,124.34 1 0
github.com/kubepulse/kubepulse/pkg/ai/circuit_breaker.go:124.34,127.4 1 0
github.com/kubepulse/kubepulse/pkg/ai/circuit_breaker.go:128.3,128.18 1 0
github.com/kubepulse/kubepulse/pkg/ai/circuit_breaker.go:133.59,140.36 4 0
github.com/kubepulse/kubepulse/pkg/ai/circuit_breaker.go:140.36,142.3 1 0
github.com/kubepulse/kubepulse/pkg/ai/circuit_breaker.go:146.51,150.2 3 0
github.com/kubepulse/kubepulse/pkg/ai/circuit_breaker.go:153.45,157.2 3 0
github.com/kubepulse/kubepulse/pkg/ai/circuit_breaker.go:160.35,170.36 7 0
github.com/kubepulse/kubepulse/pkg/ai/circuit_breaker.go:170.36,172.3 1 0
github.com/kubepulse/kubepulse/pkg/ai/circuit_breaker.go:176.61,187.2 3 0
github.com/kubepulse/kubepulse/pkg/ai/client.go:35.39,36.29 1 0
github.com/kubepulse/kubepulse/pkg/ai/client.go:36.29,38.3 1 0
github.com/kubepulse/kubepulse/pkg/ai/client.go:39.2,39.26 1 0
github.com/kubepulse/kubepulse/pkg/ai/client.go:39.26,41.3 1 0
github.com/kubepulse/kubepulse/pkg/ai/client.go:42.2,42.25 1 0
github.com/kubepulse/kubepulse/pkg/ai/client.go:42.25,44.3 1 0
github.com/kubepulse/kubepulse/pkg/ai/client.go:45.2,45.31 1 0
github.com/kubepulse/kubepulse/pkg/ai/client.go:45.31,47.3 1 0
github.com/kubepulse/kubepulse/pkg/ai/client.go:50.2,54.46 1 0
github.com/kubepulse/kubepulse/pkg/ai/client.go:54.46,56.4 1 0
github.com/kubepulse/kubepulse/pkg/ai/client.go:59.2,66.3 1 0
github.com/kubepulse/kubepulse/pkg/ai/client.go:70.99,74.16 3 0
github.com/kubepulse/kubepulse/pkg/ai/client.go:74.16,76.3 1 0
github.com/kubepulse/kubepulse/pkg/ai/client.go:78.2,79.84 2 0
github.com/kubepulse/kubepulse/pkg/ai/client.go:79.84,80.24 1 0
github.com/kubepulse/kubepulse/pkg/ai/client.go:80.24,82.4 1 0
github.com/kubepulse/kubepulse/pkg/ai/client.go:83.3,83.16 1 0
github.com/kubepulse/kubepulse/pkg/ai/client.go:86.2,87.70 2 0
github.com/kubepulse/kubepulse/pkg/ai/client.go:87.70,91.3 3 0
github.com/kubepulse/kubepulse/pkg/ai/client.go:93.2,93.16 1 0
github.com/kubepulse/kubepulse/pkg/ai/client.go:93.16,95.3 1 0
github.com/kubepulse/kubepulse/pkg/ai/client.go:97.2,98.16 2 0
github.com/kubepulse/kubepulse/pkg/ai/client.go:98.16,100.3 1 0
github.com/kubepulse/kubepulse/pkg/ai/client.go:102.2,110.22 6 0
github.com/kubepulse/kubepulse/pkg/ai/client.go:114.137,126.2 2 0
github.com/kubepulse/kubepulse/pkg/ai/client.go:129.134,141.2 2 0
github.com/kubepulse/kubepulse/pkg/ai/client.go:144.109,157.16 5 0
github.com/kubepulse/kubepulse/pkg/ai/client.go:157.16,159.3 1 0
github.com/kubepulse/kubepulse/pkg/ai/client.go:162.2,173.21 2 0
github.com/kubepulse/kubepulse/pkg/ai/client.go:177.80,182.47 3 0
github.com/kubepulse/kubepulse/pkg/ai/client.go:182.47,184.3 1 0
github.com/kubepulse/kubepulse/pkg/ai/client.go:187.2,188.35 2 0
github.com/kubepulse/kubepulse/pkg/ai/client.go:188.35,190.3 1 0
github.com/kubepulse/kubepulse/pkg/ai/client.go:192.2,202.27 3 0
github.com/kubepulse/kubepulse/pkg/ai/client.go:202.27,204.3 1 0
github.com/kubepulse/kubepulse/pkg/ai/client.go:205.2,217.34 8 0
github.com/kubepulse/kubepulse/pkg/ai/client.go:217.34,218.44 1 0
github.com/kubepulse/kubepulse/pkg/ai/client.go:218.44,221.4 2 0
github.com/kubepulse/kubepulse/pkg/ai/client.go:222.3,223.87 2 0
github.com/kubepulse/kubepulse/pkg/ai/client.go:226.2,228.29 2 0
github.com/kubepulse/kubepulse/pkg/ai/client.go:232.45,240.39 2 0
github.com/kubepulse/kubepulse/pkg/ai/client.go:240.39,241.30 1 0
github.com/kubepulse/kubepulse/pkg/ai/client.go:241.30,243.4 1 0
github.com/kubepulse/kubepulse/pkg/ai/client.go:247.2,247.88 1 0
github.com/kubepulse/kubepulse/pkg/ai/client.go:247.88,249.3 1 0
github.com/kubepulse/kubepulse/pkg/ai/client.go:251.2,251.69 1 0
github.com/kubepulse/kubepulse/pkg/ai/client.go:255.55,265.36 4 0
github.com/kubepulse/kubepulse/pkg/ai/client.go:265.36,267.3 1 0
github.com/kubepulse/kubepulse/pkg/ai/client.go:269.2,269.18 1 0
github.com/kubepulse/kubepulse/pkg/ai/client.go:273.66,275.2 1 0
github.com/kubepulse/kubepulse/pkg/ai/client.go:278.40,280.2 1 0
github.com/kubepulse/kubepulse/pkg/ai/client.go:283.71,291.32 4 0
github.com/kubepulse/kubepulse/pkg/ai/client.go:291.32,296.3 4 0
github.com/kubepulse/kubepulse/pkg/ai/client.go:299.2,299.32 1 0
github.com/kubepulse/kubepulse/pkg/ai/client.go:299.32,304.3 4 0
github.com/kubepulse/kubepulse/pkg/ai/client.go:307.2,307.27 1 0
github.com/kubepulse/kubepulse/pkg/ai/client.go:307.27,312.3 4 0
github.com/kubepulse/kubepulse/pkg/ai/client.go:315.2,315.22 1 0
github.com/kubepulse/kubepulse/pkg/ai/client.go:316.30,317.50 1 0
github.com/kubepulse/kubepulse/pkg/ai/client.go:318.27,319.47 1 0
github.com/kubepulse/kubepulse/pkg/ai/client.go:320.27,321.47 1 0
github.com/kubepulse/kubepulse/pkg/ai/client.go:322.29,323.49 1 0
github.com/kubepulse/kubepulse/pkg/ai/client.go:326.2,326.29 1 0
github.com/kubepulse/kubepulse/pkg/ai/client.go:332.72,334.45 2 0
github.com/kubepulse/kubepulse/pkg/ai/client.go:334.45,335.44 1 0
github.com/kubepulse/kubepulse/pkg/ai/client.go:335.44,337.4 1 0
github.com/kubepulse/kubepulse/pkg/ai/client.go:339.2,339.14 1 0
github.com/kubepulse/kubepulse/pkg/ai/client.go:343.38,368.2 1 0
github.com/kubepulse/kubepulse/pkg/ai/client.go:374.41,391.2 1 0
github.com/kubepulse/kubepulse/pkg/ai/client.go:393.38,411.2 1 0
github.com/kubepulse/kubepulse/pkg/ai/client.go:413.38,431.2 1 0
github.com/kubepulse/kubepulse/pkg/ai/client.go:433.40,451.2 1 0
github.com/kubepulse/kubepulse/pkg/ai/executor.go:21.60,27.2 1 0
github.com/kubepulse/kubepulse/pkg/ai/executor.go:30.88,31.18 1 0
github.com/kubepulse/kubepulse/pkg/ai/executor.go:31.18,33.3 1 0
github.com/kubepulse/kubepulse/pkg/ai/executor.go:36.2,36.44 1 0
github.com/kubepulse/kubepulse/pkg/ai/executor.go:36.44,38.3 1 0
github.com/kubepulse/kubepulse/pkg/ai/executor.go:41.2,41.105 1 0
github.com/kubepulse/kubepulse/pkg/ai/executor.go:41.105,43.3 1 0
github.com/kubepulse/kubepulse/pkg/ai/executor.go:46.2,54.16 6 0
github.com/kubepulse/kubepulse/pkg/ai/executor.go:54.16,56.3 1 0
github.com/kubepulse/kubepulse/pkg/ai/executor.go:58.2,58.28 1 0
github.com/kubepulse/kubepulse/pkg/ai/executor.go:62.87,64.45 1 0
github.com/kubepulse/kubepulse/pkg/ai/executor.go:64.45,66.3 1 0
github.com/kubepulse/kubepulse/pkg/ai/executor.go:68.2,71.40 2 0
github.com/kubepulse/kubepulse/pkg/ai/executor.go:71.40,73.3 1 0
github.com/kubepulse/kubepulse/pkg/ai/executor.go:74.2,74.41 1 0
github.com/kubepulse/kubepulse/pkg/ai/executor.go:74.41,76.3 1 0
github.com/kubepulse/kubepulse/pkg/ai/executor.go:77.2,77.40 1 0
github.com/kubepulse/kubepulse/pkg/ai/executor.go:77.40,79.3 1 0
github.com/kubepulse/kubepulse/pkg/ai/executor.go:81.2,81.63 1 0
github.com/kubepulse/kubepulse/pkg/ai/executor.go:92.54,106.2 1 0
github.com/kubepulse/kubepulse/pkg/ai/executor.go:109.81,111.56 1 0
github.com/kubepulse/kubepulse/pkg/ai/executor.go:111.56,113.3 1 0
github.com/kubepulse/kubepulse/pkg/ai/executor.go:116.2,116.38 1 0
github.com/kubepulse/kubepulse/pkg/ai/executor.go:116.38,117.48 1 0
github.com/kubepulse/kubepulse/pkg/ai/executor.go:117.48,119.4 1 0
github.com/kubepulse/kubepulse/pkg/ai/executor.go:123.2,123.55 1 0
github.com/kubepulse/kubepulse/pkg/ai/executor.go:123.55,124.31 1 0
github.com/kubepulse/kubepulse/pkg/ai/executor.go:124.31,126.4 1 0
github.com/kubepulse/kubepulse/pkg/ai/executor.go:129.2,129.17 1 0
github.com/kubepulse/kubepulse/pkg/ai/executor.go:133.70,137.48 2 0
github.com/kubepulse/kubepulse/pkg/ai/executor.go:137.48,138.43 1 0
github.com/kubepulse/kubepulse/pkg/ai/executor.go:138.43,140.4 1 0
github.com/kubepulse/kubepulse/pkg/ai/executor.go:144.2,144.43 1 0
github.com/kubepulse/kubepulse/pkg/ai/executor.go:144.43,146.21 2 0
github.com/kubepulse/kubepulse/pkg/ai/executor.go:146.21,148.4 1 0
github.com/kubepulse/kubepulse/pkg/ai/executor.go:150.3,154.46 3 0
github.com/kubepulse/kubepulse/pkg/ai/executor.go:154.46,155.27 1 0
github.com/kubepulse/kubepulse/pkg/ai/executor.go:155.27,157.10 2 0
github.com/kubepulse/kubepulse/pkg/ai/executor.go:161.3,161.15 1 0
github.com/kubepulse/kubepulse/pkg/ai/executor.go:161.15,163.4 1 0
github.com/kubepulse/kubepulse/pkg/ai/executor.go:166.3,166.65 1 0
github.com/kubepulse/kubepulse/pkg/ai/executor.go:166.65,168.4 1 0
github.com/kubepulse/kubepulse/pkg/ai/executor.go:171.2,171.12 1 0
github.com/kubepulse/kubepulse/pkg/ai/predictive.go:43.64,51.2 1 0
github.com/kubepulse/kubepulse/pkg/ai/predictive.go:54.112,72.16 5 0
github.com/kubepulse/kubepulse/pkg/ai/predictive.go:72.16,74.3 1 0
github.com/kubepulse/kubepulse/pkg/ai/predictive.go:77.2,78.81 2 0
github.com/kubepulse/kubepulse/pkg/ai/predictive.go:78.81,81.3 1 0
github.com/kubepulse/kubepulse/pkg/ai/predictive.go:83.2,86.25 2 0
github.com/kubepulse/kubepulse/pkg/ai/predictive.go:90.112,104.16 4 0
github.com/kubepulse/kubepulse/pkg/ai/predictive.go:104.16,106.3 1 0
github.com/kubepulse/kubepulse/pkg/ai/predictive.go:108.2,113.8 1 0
github.com/kubepulse/kubepulse/pkg/ai/predictive.go:117.62,121.33 3 0
github.com/kubepulse/kubepulse/pkg/ai/predictive.go:121.33,135.42 5 0
github.com/kubepulse/kubepulse/pkg/ai/predictive.go:135.42,136.34 1 0
github.com/kubepulse/kubepulse/pkg/ai/predictive.go:136.34,138.5 1 0
github.com/kubepulse/kubepulse/pkg/ai/predictive.go:140.3,140.33 1 0
github.com/kubepulse/kubepulse/pkg/ai/predictive.go:145.59,148.2 2 0
github.com/kubepulse/kubepulse/pkg/ai/predictive.go:151.89,154.42 2 0
github.com/kubepulse/kubepulse/pkg/ai/predictive.go:154.42,155.64 1 0
github.com/kubepulse/kubepulse/pkg/ai/predictive.go:155.64,157.4 1 0
github.com/kubepulse/kubepulse/pkg/ai/predictive.go:160.2,164.3 1 0
github.com/kubepulse/kubepulse/pkg/ai/predictive.go:168.84,184.2 1 0
github.com/kubepulse/kubepulse/pkg/ai/predictive.go:187.84,190.47 2 0
github.com/kubepulse/kubepulse/pkg/ai/predictive.go:190.47,191.32 1 0
github.com/kubepulse/kubepulse/pkg/ai/predictive.go:191.32,193.4 1 0
github.com/kubepulse/kubepulse/pkg/ai/predictive.go:196.2,196.18 1 0
github.com/kubepulse/kubepulse/pkg/ai/predictive.go:200.89,201.27 1 0
github.com/kubepulse/kubepulse/pkg/ai/predictive.go:201.27,203.3 1 0
github.com/kubepulse/kubepulse/pkg/ai/predictive.go:205.2,206.35 2 0
github.com/kubepulse/kubepulse/pkg/ai/predictive.go:206.35,208.3 1 0
github.com/kubepulse/kubepulse/pkg/ai/predictive.go:210.2,210.40 1 0
github.com/kubepulse/kubepulse/pkg/ai/remediation.go:72.111,82.2 1 0
github.com/kubepulse/kubepulse/pkg/ai/remediation.go:85.145,130.16 5 0
github.com/kubepulse/kubepulse/pkg/ai/remediation.go:130.16,132.3 1 0
github.com/kubepulse/kubepulse/pkg/ai/remediation.go:135.2,139.33 3 0
github.com/kubepulse/kubepulse/pkg/ai/remediation.go:139.33,140.58 1 0
github.com/kubepulse/kubepulse/pkg/ai/remediation.go:140.58,142.4 1 0
github.com/kubepulse/kubepulse/pkg/ai/remediation.go:142.9,144.4 1 0
github.com/kubepulse/kubepulse/pkg/ai/remediation.go:147.2,147.30 1 0
github.com/kubepulse/kubepulse/pkg/ai/remediation.go:151.136,159.49 2 0
github.com/kubepulse/kubepulse/pkg/ai/remediation.go:159.49,164.3 4 0
github.com/kubepulse/kubepulse/pkg/ai/remediation.go:167.2,168.38 2 0
github.com/kubepulse/kubepulse/pkg/ai/remediation.go:168.38,172.13 3 0
github.com/kubepulse/kubepulse/pkg/ai/remediation.go:172.13,174.4 1 0
github.com/kubepulse/kubepulse/pkg/ai/remediation.go:174.9,176.4 1 0
github.com/kubepulse/kubepulse/pkg/ai/remediation.go:178.3,178.17 1 0
github.com/kubepulse/kubepulse/pkg/ai/remediation.go:178.17,183.43 3 0
github.com/kubepulse/kubepulse/pkg/ai/remediation.go:183.43,185.5 1 0
github.com/kubepulse/kubepulse/pkg/ai/remediation.go:187.4,188.23 2 0
github.com/kubepulse/kubepulse/pkg/ai/remediation.go:191.3,191.36 1 0
github.com/kubepulse/kubepulse/pkg/ai/remediation.go:194.2,200.21 5 0
github.com/kubepulse/kubepulse/pkg/ai/remediation.go:204.126,233.16 5 0
github.com/kubepulse/kubepulse/pkg/ai/remediation.go:233.16,235.3 1 0
github.com/kubepulse/kubepulse/pkg/ai/remediation.go:237.2,237.49 1 0
github.com/kubepulse/kubepulse/pkg/ai/remediation.go:241.117,243.19 2 0
github.com/kubepulse/kubepulse/pkg/ai/remediation.go:243.19,245.3 1 0
github.com/kubepulse/kubepulse/pkg/ai/remediation.go:248.2,276.12 4 0
github.com/kubepulse/kubepulse/pkg/ai/remediation.go:276.12,277.76 1 0
github.com/kubepulse/kubepulse/pkg/ai/remediation.go:277.76,279.4 1 0
github.com/kubepulse/kubepulse/pkg/ai/remediation.go:285.101,288.51 2 0
github.com/kubepulse/kubepulse/pkg/ai/remediation.go:288.51,301.61 2 0
github.com/kubepulse/kubepulse/pkg/ai/remediation.go:301.61,303.4 1 0
github.com/kubepulse/kubepulse/pkg/ai/remediation.go:305.3,305.36 1 0
github.com/kubepulse/kubepulse/pkg/ai/remediation.go:308.2,308.16 1 0
github.com/kubepulse/kubepulse/pkg/ai/remediation.go:311.78,312.26 1 0
github.com/kubepulse/kubepulse/pkg/ai/remediation.go:312.26,314.3 1 0
github.com/kubepulse/kubepulse/pkg/ai/remediation.go:315.2,315.25 1 0
github.com/kubepulse/kubepulse/pkg/ai/remediation.go:315.25,317.3 1 0
github.com/kubepulse/kubepulse/pkg/ai/remediation.go:318.2,318.19 1 0
github.com/kubepulse/kubepulse/pkg/ai/remediation.go:321.74,322.21 1 0
github.com/kubepulse/kubepulse/pkg/ai/remediation.go:323.42,324.20 1 0
github.com/kubepulse/kubepulse/pkg/ai/remediation.go:325.31,326.18 1 0
github.com/kubepulse/kubepulse/pkg/ai/remediation.go:327.29,328.17 1 0
github.com/kubepulse/kubepulse/pkg/ai/remediation.go:329.10,330.20 1 0
github.com/kubepulse/kubepulse/pkg/ai/remediation.go:334.73,335.21 1 0
github.com/kubepulse/kubepulse/pkg/ai/remediation.go:336.25,337.55 1 0
github.com/kubepulse/kubepulse/pkg/ai/remediation.go:338.23,339.38 1 0
github.com/kubepulse/kubepulse/pkg/ai/remediation.go:340.31,341.53 1 0
github.com/kubepulse/kubepulse/pkg/ai/remediation.go:342.10,343.35 1 0
github.com/kubepulse/kubepulse/pkg/ai/remediation.go:347.79,349.38 1 0
github.com/kubepulse/kubepulse/pkg/ai/remediation.go:349.38,350.37 1 0
github.com/kubepulse/kubepulse/pkg/ai/remediation.go:350.37,353.4 1 0
github.com/kubepulse/kubepulse/pkg/ai/remediation.go:354.3,354.41 1 0
github.com/kubepulse/kubepulse/pkg/ai/remediation.go:354.41,356.4 1 0
github.com/kubepulse/kubepulse/pkg/ai/remediation.go:357.3,357.37 1 0
github.com/kubepulse/kubepulse/pkg/ai/remediation.go:357.37,359.4 1 0
github.com/kubepulse/kubepulse/pkg/ai/remediation.go:361.2,361.11 1 0
github.com/kubepulse/kubepulse/pkg/ai/remediation.go:364.76,366.38 1 0
github.com/kubepulse/kubepulse/pkg/ai/remediation.go:366.38,367.60 1 0
github.com/kubepulse/kubepulse/pkg/ai/remediation.go:367.60,369.4 1 0
github.com/kubepulse/kubepulse/pkg/ai/remediation.go:373.2,373.56 1 0
github.com/kubepulse/kubepulse/pkg/ai/remediation.go:373.56,375.3 1 0
github.com/kubepulse/kubepulse/pkg/ai/remediation.go:377.2,377.12 1 0
github.com/kubepulse/kubepulse/pkg/ai/remediation.go:380.86,382.64 2 0
github.com/kubepulse/kubepulse/pkg/ai/remediation.go:382.64,384.3 1 0
github.com/kubepulse/kubepulse/pkg/ai/remediation.go:387.90,390.38 2 0
github.com/kubepulse/kubepulse/pkg/ai/remediation.go:390.38,391.42 1 0
github.com/kubepulse/kubepulse/pkg/ai/remediation.go:391.42,395.52 2 0
github.com/kubepulse/kubepulse/pkg/ai/remediation.go:395.52,397.5 1 0
github.com/kubepulse/kubepulse/pkg/ai/remediation.go:398.4,398.59 1 0
github.com/kubepulse/kubepulse/pkg/ai/remediation.go:398.59,400.5 1 0
github.com/kubepulse/kubepulse/pkg/ai/remediation.go:401.4,401.59 1 0
github.com/kubepulse/kubepulse/pkg/ai/remediation.go:401.59,403.5 1 0
github.com/kubepulse/kubepulse/pkg/ai/remediation.go:407.2,407.17 1 0
github.com/kubepulse/kubepulse/pkg/ai/remediation.go:410.77,412.15 2 0
github.com/kubepulse/kubepulse/pkg/ai/remediation.go:412.15,414.3 1 0
github.com/kubepulse/kubepulse/pkg/ai/remediation.go:415.2,415.34 1 0
github.com/kubepulse/kubepulse/pkg/ai/remediation.go:418.70,419.43 1 0
github.com/kubepulse/kubepulse/pkg/ai/remediation.go:419.43,420.22 1 0
github.com/kubepulse/kubepulse/pkg/ai/remediation.go:420.22,422.4 1 0
github.com/kubepulse/kubepulse/pkg/ai/remediation.go:424.2,424.12 1 0
github.com/kubepulse/kubepulse/pkg/ai/response_parser.go:28.42,41.2 1 0
github.com/kubepulse/kubepulse/pkg/ai/response_parser.go:44.105,46.59 1 0
github.com/kubepulse/kubepulse/pkg/ai/response_parser.go:46.59,48.3 1 0
github.com/kubepulse/kubepulse/pkg/ai/response_parser.go:51.2,62.30 2 0
github.com/kubepulse/kubepulse/pkg/ai/response_parser.go:62.30,64.3 1 0
github.com/kubepulse/kubepulse/pkg/ai/response_parser.go:65.2,65.29 1 0
github.com/kubepulse/kubepulse/pkg/ai/response_parser.go:65.29,67.3 1 0
github.com/kubepulse/kubepulse/pkg/ai/response_parser.go:68.2,68.28 1 0
github.com/kubepulse/kubepulse/pkg/ai/response_parser.go:68.28,70.3 1 0
github.com/kubepulse/kubepulse/pkg/ai/response_parser.go:72.2,72.22 1 0
github.com/kubepulse/kubepulse/pkg/ai/response_parser.go:76.72,78.84 1 0
github.com/kubepulse/kubepulse/pkg/ai/response_parser.go:78.84,80.73 2 0
github.com/kubepulse/kubepulse/pkg/ai/response_parser.go:80.73,82.4 1 0
github.com/kubepulse/kubepulse/pkg/ai/response_parser.go:86.2,87.66 2 0
github.com/kubepulse/kubepulse/pkg/ai/response_parser.go:87.66,89.3 1 0
github.com/kubepulse/kubepulse/pkg/ai/response_parser.go:91.2,91.12 1 0
github.com/kubepulse/kubepulse/pkg/ai/response_parser.go:95.94,105.2 1 0
github.com/kubepulse/kubepulse/pkg/ai/response_parser.go:108.61,110.81 1 0
github.com/kubepulse/kubepulse/pkg/ai/response_parser.go:110.81,112.3 1 0
github.com/kubepulse/kubepulse/pkg/ai/response_parser.go:115.2,116.29 2 0
github.com/kubepulse/kubepulse/pkg/ai/response_parser.go:116.29,118.86 2 0
github.com/kubepulse/kubepulse/pkg/ai/response_parser.go:118.86,120.23 1 0
github.com/kubepulse/kubepulse/pkg/ai/response_parser.go:120.23,122.5 1 0
github.com/kubepulse/kubepulse/pkg/ai/response_parser.go:123.4,123.15 1 0
github.com/kubepulse/kubepulse/pkg/ai/response_parser.go:128.2,129.37 2 0
github.com/kubepulse/kubepulse/pkg/ai/response_parser.go:129.37,131.25 2 0
github.com/kubepulse/kubepulse/pkg/ai/response_parser.go:131.25,133.4 1 0
github.com/kubepulse/kubepulse/pkg/ai/response_parser.go:136.2,136.32 1 0
github.com/kubepulse/kubepulse/pkg/ai/response_parser.go:140.63,142.83 1 0
github.com/kubepulse/kubepulse/pkg/ai/response_parser.go:142.83,144.3 1 0
github.com/kubepulse/kubepulse/pkg/ai/response_parser.go:147.2,148.35 2 0
github.com/kubepulse/kubepulse/pkg/ai/response_parser.go:148.35,149.74 1 0
github.com/kubepulse/kubepulse/pkg/ai/response_parser.go:149.74,151.64 2 0
github.com/kubepulse/kubepulse/pkg/ai/response_parser.go:151.64,153.5 1 0
github.com/kubepulse/kubepulse/pkg/ai/response_parser.go:158.2,159.34 2 0
github.com/kubepulse/kubepulse/pkg/ai/response_parser.go:159.34,162.69 2 0
github.com/kubepulse/kubepulse/pkg/ai/response_parser.go:162.69,164.4 1 0
github.com/kubepulse/kubepulse/pkg/ai/response_parser.go:167.2,167.13 1 0
github.com/kubepulse/kubepulse/pkg/ai/response_parser.go:171.65,173.84 1 0
github.com/kubepulse/kubepulse/pkg/ai/response_parser.go:173.84,174.65 1 0
github.com/kubepulse/kubepulse/pkg/ai/response_parser.go:174.65,175.15 1 0
github.com/kubepulse/kubepulse/pkg/ai/response_parser.go:175.15,177.5 1 0
github.com/kubepulse/kubepulse/pkg/ai/response_parser.go:178.4,178.14 1 0
github.com/kubepulse/kubepulse/pkg/ai/response_parser.go:183.2,184.79 2 0
github.com/kubepulse/kubepulse/pkg/ai/response_parser.go:184.79,186.3 1 0
github.com/kubepulse/kubepulse/pkg/ai/response_parser.go:187.2,187.76 1 0
github.com/kubepulse/kubepulse/pkg/ai/response_parser.go:187.76,189.3 1 0
github.com/kubepulse/kubepulse/pkg/ai/response_parser.go:190.2,190.75 1 0
github.com/kubepulse/kubepulse/pkg/ai/response_parser.go:190.75,192.3 1 0
github.com/kubepulse/kubepulse/pkg/ai/response_parser.go:193.2,193.78 1 0
github.com/kubepulse/kubepulse/pkg/ai/response_parser.go:193.78,195.3 1 0
github.com/kubepulse/kubepulse/pkg/ai/response_parser.go:197.2,197.12 1 0
github.com/kubepulse/kubepulse/pkg/ai/response_parser.go:201.69,203.82 1 0
github.com/kubepulse/kubepulse/pkg/ai/response_parser.go:203.82,204.38 1 0
github.com/kubepulse/kubepulse/pkg/ai/response_parser.go:205.19,206.27 1 0
github.com/kubepulse/kubepulse/pkg/ai/response_parser.go:207.15,208.23 1 0
github.com/kubepulse/kubepulse/pkg/ai/response_parser.go:209.17,210.25 1 0
github.com/kubepulse/kubepulse/pkg/ai/response_parser.go:211.14,212.22 1 0
github.com/kubepulse/kubepulse/pkg/ai/response_parser.go:217.2,222.43 5 0
github.com/kubepulse/kubepulse/pkg/ai/response_parser.go:222.43,223.38 1 0
github.com/kubepulse/kubepulse/pkg/ai/response_parser.go:223.38,225.4 1 0
github.com/kubepulse/kubepulse/pkg/ai/response_parser.go:227.2,227.39 1 0
github.com/kubepulse/kubepulse/pkg/ai/response_parser.go:227.39,228.38 1 0
github.com/kubepulse/kubepulse/pkg/ai/response_parser.go:228.38,230.4 1 0
github.com/kubepulse/kubepulse/pkg/ai/response_parser.go:232.2,232.38 1 0
github.com/kubepulse/kubepulse/pkg/ai/response_parser.go:232.38,233.38 1 0
github.com/kubepulse/kubepulse/pkg/ai/response_parser.go:233.38,235.4 1 0
github.com/kubepulse/kubepulse/pkg/ai/response_parser.go:238.2,238.23 1 0
github.com/kubepulse/kubepulse/pkg/ai/response_parser.go:242.79,247.29 4 0
github.com/kubepulse/kubepulse/pkg/ai/response_parser.go:247.29,251.83 2 0
github.com/kubepulse/kubepulse/pkg/ai/response_parser.go:251.83,262.4 3 0
github.com/kubepulse/kubepulse/pkg/ai/response_parser.go:262.9,262.90 1 0
github.com/kubepulse/kubepulse/pkg/ai/response_parser.go:262.90,273.4 3 0
github.com/kubepulse/kubepulse/pkg/ai/response_parser.go:277.2,277.50 1 0
github.com/kubepulse/kubepulse/pkg/ai/response_parser.go:277.50,286.3 1 0
github.com/kubepulse/kubepulse/pkg/ai/response_parser.go:288.2,288.24 1 0
github.com/kubepulse/kubepulse/pkg/ai/response_parser.go:292.72,298.33 4 0
github.com/kubepulse/kubepulse/pkg/ai/response_parser.go:298.33,310.3 3 0
github.com/kubepulse/kubepulse/pkg/ai/response_parser.go:312.2,312.16 1 0
github.com/kubepulse/kubepulse/pkg/ai/response_parser.go:316.67,318.21 2 0
github.com/kubepulse/kubepulse/pkg/ai/response_parser.go:318.21,320.3 1 0
github.com/kubepulse/kubepulse/pkg/ai/response_parser.go:321.2,321.45 1 0
github.com/kubepulse/kubepulse/pkg/ai/response_parser.go:325.95,326.22 1 0
github.com/kubepulse/kubepulse/pkg/ai/response_parser.go:327.30,328.55 1 0
github.com/kubepulse/kubepulse/pkg/ai/response_parser.go:329.27,330.45 1 0
github.com/kubepulse/kubepulse/pkg/ai/response_parser.go:331.30,332.41 1 0
github.com/kubepulse/kubepulse/pkg/ai/response_parser.go:333.29,334.41 1 0
github.com/kubepulse/kubepulse/pkg/ai/response_parser.go:335.10,336.46 1 0
github.com/kubepulse/kubepulse/pkg/ai/smart_alerts.go:92.62,113.2 1 0
github.com/kubepulse/kubepulse/pkg/ai/smart_alerts.go:116.102,145.88 9 0
github.com/kubepulse/kubepulse/pkg/ai/smart_alerts.go:145.88,148.3 2 0
github.com/kubepulse/kubepulse/pkg/ai/smart_alerts.go:151.2,160.25 5 0
github.com/kubepulse/kubepulse/pkg/ai/smart_alerts.go:164.91,176.2 4 0
github.com/kubepulse/kubepulse/pkg/ai/smart_alerts.go:179.102,211.16 5 0
github.com/kubepulse/kubepulse/pkg/ai/smart_alerts.go:211.16,214.3 2 0
github.com/kubepulse/kubepulse/pkg/ai/smart_alerts.go:216.2,216.45 1 0
github.com/kubepulse/kubepulse/pkg/ai/smart_alerts.go:220.75,226.20 4 0
github.com/kubepulse/kubepulse/pkg/ai/smart_alerts.go:226.20,227.40 1 0
github.com/kubepulse/kubepulse/pkg/ai/smart_alerts.go:227.40,230.4 2 0
github.com/kubepulse/kubepulse/pkg/ai/smart_alerts.go:234.2,236.40 3 0
github.com/kubepulse/kubepulse/pkg/ai/smart_alerts.go:236.40,237.26 1 0
github.com/kubepulse/kubepulse/pkg/ai/smart_alerts.go:237.26,239.4 1 0
github.com/kubepulse/kubepulse/pkg/ai/smart_alerts.go:241.2,241.28 1 0
github.com/kubepulse/kubepulse/pkg/ai/smart_alerts.go:241.28,244.3 2 0
github.com/kubepulse/kubepulse/pkg/ai/smart_alerts.go:247.2,247.61 1 0
github.com/kubepulse/kubepulse/pkg/ai/smart_alerts.go:247.61,250.3 2 0
github.com/kubepulse/kubepulse/pkg/ai/smart_alerts.go:253.2,253.31 1 0
github.com/kubepulse/kubepulse/pkg/ai/smart_alerts.go:253.31,256.3 2 0
github.com/kubepulse/kubepulse/pkg/ai/smart_alerts.go:258.2,258.18 1 0
github.com/kubepulse/kubepulse/pkg/ai/smart_alerts.go:258.18,260.3 1 0
github.com/kubepulse/kubepulse/pkg/ai/smart_alerts.go:262.2,262.33 1 0
github.com/kubepulse/kubepulse/pkg/ai/smart_alerts.go:266.69,270.24 2 0
github.com/kubepulse/kubepulse/pkg/ai/smart_alerts.go:271.18,272.17 1 0
github.com/kubepulse/kubepulse/pkg/ai/smart_alerts.go:273.15,274.17 1 0
github.com/kubepulse/kubepulse/pkg/ai/smart_alerts.go:275.17,276.17 1 0
github.com/kubepulse/kubepulse/pkg/ai/smart_alerts.go:280.2,286.68 3 0
github.com/kubepulse/kubepulse/pkg/ai/smart_alerts.go:286.68,287.31 1 0
github.com/kubepulse/kubepulse/pkg/ai/smart_alerts.go:287.31,289.4 1 0
github.com/kubepulse/kubepulse/pkg/ai/smart_alerts.go:293.2,293.18 1 0
github.com/kubepulse/kubepulse/pkg/ai/smart_alerts.go:293.18,295.3 1 0
github.com/kubepulse/kubepulse/pkg/ai/smart_alerts.go:296.2,296.20 1 0
github.com/kubepulse/kubepulse/pkg/ai/smart_alerts.go:296.20,298.3 1 0
github.com/kubepulse/kubepulse/pkg/ai/smart_alerts.go:300.2,300.17 1 0
github.com/kubepulse/kubepulse/pkg/ai/smart_alerts.go:304.104,329.16 4 0
github.com/kubepulse/kubepulse/pkg/ai/smart_alerts.go:329.16,331.3 1 0
github.com/kubepulse/kubepulse/pkg/ai/smart_alerts.go:334.2,335.53 2 0
github.com/kubepulse/kubepulse/pkg/ai/smart_alerts.go:335.53,337.3 1 0
github.com/kubepulse/kubepulse/pkg/ai/smart_alerts.go:337.8,337.62 1 0
github.com/kubepulse/kubepulse/pkg/ai/smart_alerts.go:337.62,339.3 1 0
github.com/kubepulse/kubepulse/pkg/ai/smart_alerts.go:341.2,341.39 1 0
github.com/kubepulse/kubepulse/pkg/ai/smart_alerts.go:346.61,350.60 2 0
github.com/kubepulse/kubepulse/pkg/ai/smart_alerts.go:350.60,352.3 1 0
github.com/kubepulse/kubepulse/pkg/ai/smart_alerts.go:355.62,357.13 2 0
github.com/kubepulse/kubepulse/pkg/ai/smart_alerts.go:357.13,363.3 2 0
github.com/kubepulse/kubepulse/pkg/ai/smart_alerts.go:366.2,366.31 1 0
github.com/kubepulse/kubepulse/pkg/ai/smart_alerts.go:366.31,368.3 1 0
github.com/kubepulse/kubepulse/pkg/ai/smart_alerts.go:368.8,370.3 1 0
github.com/kubepulse/kubepulse/pkg/ai/smart_alerts.go:372.2,374.40 3 0
github.com/kubepulse/kubepulse/pkg/ai/smart_alerts.go:377.80,381.55 3 0
github.com/kubepulse/kubepulse/pkg/ai/smart_alerts.go:381.55,382.55 1 0
github.com/kubepulse/kubepulse/pkg/ai/smart_alerts.go:382.55,384.4 1 0
github.com/kubepulse/kubepulse/pkg/ai/smart_alerts.go:384.9,385.9 1 0
github.com/kubepulse/kubepulse/pkg/ai/smart_alerts.go:389.2,389.15 1 0
github.com/kubepulse/kubepulse/pkg/ai/smart_alerts.go:392.100,396.51 3 0
github.com/kubepulse/kubepulse/pkg/ai/smart_alerts.go:396.51,399.42 1 0
github.com/kubepulse/kubepulse/pkg/ai/smart_alerts.go:399.42,401.4 1 0
github.com/kubepulse/kubepulse/pkg/ai/smart_alerts.go:404.2,404.16 1 0
github.com/kubepulse/kubepulse/pkg/ai/smart_alerts.go:407.69,417.44 3 0
github.com/kubepulse/kubepulse/pkg/ai/smart_alerts.go:417.44,418.41 1 0
github.com/kubepulse/kubepulse/pkg/ai/smart_alerts.go:418.41,420.4 1 0
github.com/kubepulse/kubepulse/pkg/ai/smart_alerts.go:423.2,423.14 1 0
github.com/kubepulse/kubepulse/pkg/ai/smart_alerts.go:426.67,429.22 2 0
github.com/kubepulse/kubepulse/pkg/ai/smart_alerts.go:429.22,431.3 1 0
github.com/kubepulse/kubepulse/pkg/ai/smart_alerts.go:433.2,434.28 2 0
github.com/kubepulse/kubepulse/pkg/ai/smart_alerts.go:434.28,435.20 1 0
github.com/kubepulse/kubepulse/pkg/ai/smart_alerts.go:435.20,437.4 1 0
github.com/kubepulse/kubepulse/pkg/ai/smart_alerts.go:440.2,440.58 1 0
github.com/kubepulse/kubepulse/pkg/ai/smart_alerts.go:443.63,446.50 2 0
github.com/kubepulse/kubepulse/pkg/ai/smart_alerts.go:446.50,447.30 1 0
github.com/kubepulse/kubepulse/pkg/ai/smart_alerts.go:447.30,449.4 1 0
github.com/kubepulse/kubepulse/pkg/ai/smart_alerts.go:453.2,453.43 1 0
github.com/kubepulse/kubepulse/pkg/ai/smart_alerts.go:453.43,455.3 1 0
github.com/kubepulse/kubepulse/pkg/ai/smart_alerts.go:457.2,457.17 1 0
github.com/kubepulse/kubepulse/pkg/ai/smart_alerts.go:460.88,470.2 1 0
github.com/kubepulse/kubepulse/pkg/ai/smart_alerts.go:472.108,475.35 2 0
github.com/kubepulse/kubepulse/pkg/ai/smart_alerts.go:475.35,476.41 1 0
github.com/kubepulse/kubepulse/pkg/ai/smart_alerts.go:476.41,480.4 1 0
github.com/kubepulse/kubepulse/pkg/ai/smart_alerts.go:483.2,483.24 1 0
github.com/kubepulse/kubepulse/pkg/ai/smart_alerts.go:486.63,487.37 1 0
github.com/kubepulse/kubepulse/pkg/ai/smart_alerts.go:487.37,489.3 1 0
github.com/kubepulse/kubepulse/pkg/ai/smart_alerts.go:491.2,492.58 2 0
github.com/kubepulse/kubepulse/pkg/ai/smart_alerts.go:492.58,493.23 1 0
github.com/kubepulse/kubepulse/pkg/ai/smart_alerts.go:493.23,495.4 1 0
github.com/kubepulse/kubepulse/pkg/ai/smart_alerts.go:498.2,498.66 1 0
github.com/kubepulse/kubepulse/pkg/ai/smart_alerts.go:501.66,504.58 2 0
github.com/kubepulse/kubepulse/pkg/ai/smart_alerts.go:504.58,506.3 1 0
github.com/kubepulse/kubepulse/pkg/ai/smart_alerts.go:508.2,508.14 1 0
github.com/kubepulse/kubepulse/pkg/ai/smart_alerts.go:529.53,533.65 1 0
github.com/kubepulse/kubepulse/pkg/ai/smart_alerts.go:533.65,535.44 1 0
github.com/kubepulse/kubepulse/pkg/ai/smart_alerts.go:535.44,538.54 1 0
github.com/kubepulse/kubepulse/pkg/ai/smart_alerts.go:538.54,540.7 1 0
github.com/kubepulse/kubepulse/pkg/ai/smart_alerts.go:542.5,542.17 1 0
github.com/kubepulse/kubepulse/pkg/ai/smart_alerts.go:548.65,550.5 1 0
github.com/kubepulse/kubepulse/pkg/ai/smart_alerts.go:557.87,559.31 1 0
github.com/kubepulse/kubepulse/pkg/ai/smart_alerts.go:559.31,560.37 1 0
github.com/kubepulse/kubepulse/pkg/ai/smart_alerts.go:560.37,562.4 1 0
github.com/kubepulse/kubepulse/pkg/ai/smart_alerts.go:566.2,567.44 2 0
github.com/kubepulse/kubepulse/pkg/ai/smart_alerts.go:567.44,569.3 1 0
github.com/kubepulse/kubepulse/pkg/ai/smart_alerts.go:571.2,571.14 1 0
github.com/kubepulse/kubepulse/pkg/ai/smart_alerts.go:575.93,579.37 3 0
github.com/kubepulse/kubepulse/pkg/ai/smart_alerts.go:579.37,582.39 1 0
github.com/kubepulse/kubepulse/pkg/ai/smart_alerts.go:582.39,584.4 1 0
github.com/kubepulse/kubepulse/pkg/ai/smart_alerts.go:587.2,587.19 1 0
github.com/kubepulse/kubepulse/pkg/ai/smart_alerts.go:590.65,592.32 1 0
github.com/kubepulse/kubepulse/pkg/ai/smart_alerts.go:592.32,594.3 1 0
github.com/kubepulse/kubepulse/pkg/ai/smart_alerts.go:597.2,597.56 1 0
github.com/kubepulse/kubepulse/pkg/ai/smart_alerts.go:597.56,599.3 1 0
github.com/kubepulse/kubepulse/pkg/ai/smart_alerts.go:602.2,603.22 2 0
github.com/kubepulse/kubepulse/pkg/core/engine.go:55.45,58.26 2 0
github.com/kubepulse/kubepulse/pkg/core/engine.go:58.26,60.3 1 0
github.com/kubepulse/kubepulse/pkg/core/engine.go:63.2,65.51 3 0
github.com/kubepulse/kubepulse/pkg/core/engine.go:65.51,67.3 1 0
github.com/kubepulse/kubepulse/pkg/core/engine.go:70.2,70.62 1 0
github.com/kubepulse/kubepulse/pkg/core/engine.go:70.62,71.23 1 0
github.com/kubepulse/kubepulse/pkg/core/engine.go:71.23,73.4 1 0
github.com/kubepulse/kubepulse/pkg/core/engine.go:76.2,93.21 2 0
github.com/kubepulse/kubepulse/pkg/core/engine.go:93.21,95.22 2 0
github.com/kubepulse/kubepulse/pkg/core/engine.go:95.22,97.4 1 0
github.com/kubepulse/kubepulse/pkg/core/engine.go:98.3,110.105 8 0
github.com/kubepulse/kubepulse/pkg/core/engine.go:113.2,113.15 1 0
github.com/kubepulse/kubepulse/pkg/core/engine.go:117.46,119.2 1 0
github.com/kubepulse/kubepulse/pkg/core/engine.go:122.49,123.33 1 0
github.com/kubepulse/kubepulse/pkg/core/engine.go:123.33,124.27 1 0
github.com/kubepulse/kubepulse/pkg/core/engine.go:124.27,127.4 2 0
github.com/kubepulse/kubepulse/pkg/core/engine.go:129.2,129.47 1 0
github.com/kubepulse/kubepulse/pkg/core/engine.go:133.32,143.6 5 0
github.com/kubepulse/kubepulse/pkg/core/engine.go:143.6,144.10 1 0
github.com/kubepulse/kubepulse/pkg/core/engine.go:145.19,146.17 1 0
github.com/kubepulse/kubepulse/pkg/core/engine.go:147.23,149.14 2 0
github.com/kubepulse/kubepulse/pkg/core/engine.go:155.25,158.2 2 0
github.com/kubepulse/kubepulse/pkg/core/engine.go:161.30,165.33 3 0
github.com/kubepulse/kubepulse/pkg/core/engine.go:165.33,167.27 2 0
github.com/kubepulse/kubepulse/pkg/core/engine.go:167.27,177.18 7 0
github.com/kubepulse/kubepulse/pkg/core/engine.go:177.18,190.72 5 0
github.com/kubepulse/kubepulse/pkg/core/engine.go:190.72,192.6 1 0
github.com/kubepulse/kubepulse/pkg/core/engine.go:195.4,195.25 1 0
github.com/kubepulse/kubepulse/pkg/core/engine.go:199.2,199.12 1 0
github.com/kubepulse/kubepulse/pkg/core/engine.go:199.12,202.3 2 0
github.com/kubepulse/kubepulse/pkg/core/engine.go:205.2,205.34 1 0
github.com/kubepulse/kubepulse/pkg/core/engine.go:205.34,208.3 2 0
github.com/kubepulse/kubepulse/pkg/core/engine.go:212.50,216.2 3 0
github.com/kubepulse/kubepulse/pkg/core/engine.go:219.52,221.108 1 0
github.com/kubepulse/kubepulse/pkg/core/engine.go:221.108,223.3 1 0
github.com/kubepulse/kubepulse/pkg/core/engine.go:226.2,235.78 2 0
github.com/kubepulse/kubepulse/pkg/core/engine.go:235.78,237.3 1 0
github.com/kubepulse/kubepulse/pkg/core/engine.go:240.2,240.29 1 0
github.com/kubepulse/kubepulse/pkg/core/engine.go:240.29,243.41 2 0
github.com/kubepulse/kubepulse/pkg/core/engine.go:243.41,251.4 1 0
github.com/kubepulse/kubepulse/pkg/core/engine.go:253.3,257.36 3 0
github.com/kubepulse/kubepulse/pkg/core/engine.go:257.36,264.4 1 0
github.com/kubepulse/kubepulse/pkg/core/engine.go:265.3,265.39 1 0
github.com/kubepulse/kubepulse/pkg/core/engine.go:269.2,269.85 1 0
github.com/kubepulse/kubepulse/pkg/core/engine.go:269.85,270.25 1 0
github.com/kubepulse/kubepulse/pkg/core/engine.go:270.25,282.11 2 0
github.com/kubepulse/kubepulse/pkg/core/engine.go:283.30,283.30 0 0
github.com/kubepulse/kubepulse/pkg/core/engine.go:284.35,285.55 1 0
github.com/kubepulse/kubepulse/pkg/core/engine.go:291.2,291.26 1 0
github.com/kubepulse/kubepulse/pkg/core/engine.go:291.26,292.41 1 0
github.com/kubepulse/kubepulse/pkg/core/engine.go:292.41,293.11 1 0
github.com/kubepulse/kubepulse/pkg/core/engine.go:294.33,294.33 0 0
github.com/kubepulse/kubepulse/pkg/core/engine.go:295.35,296.58 1 0
github.com/kubepulse/kubepulse/pkg/core/engine.go:303.64,304.23 1 0
github.com/kubepulse/kubepulse/pkg/core/engine.go:305.29,306.31 1 0
github.com/kubepulse/kubepulse/pkg/core/engine.go:307.28,308.30 1 0
github.com/kubepulse/kubepulse/pkg/core/engine.go:309.10,310.27 1 0
github.com/kubepulse/kubepulse/pkg/core/engine.go:315.54,320.30 4 0
github.com/kubepulse/kubepulse/pkg/core/engine.go:320.30,322.3 1 0
github.com/kubepulse/kubepulse/pkg/core/engine.go:323.2,323.16 1 0
github.com/kubepulse/kubepulse/pkg/core/engine.go:327.61,333.2 4 0
github.com/kubepulse/kubepulse/pkg/core/engine.go:336.69,346.35 8 0
github.com/kubepulse/kubepulse/pkg/core/engine.go:346.35,357.43 7 0
github.com/kubepulse/kubepulse/pkg/core/engine.go:357.43,359.4 1 0
github.com/kubepulse/kubepulse/pkg/core/engine.go:363.2,364.23 2 0
github.com/kubepulse/kubepulse/pkg/core/engine.go:364.23,366.3 1 0
github.com/kubepulse/kubepulse/pkg/core/engine.go:366.8,366.39 1 0
github.com/kubepulse/kubepulse/pkg/core/engine.go:366.39,368.3 1 0
github.com/kubepulse/kubepulse/pkg/core/engine.go:371.2,372.21 2 0
github.com/kubepulse/kubepulse/pkg/core/engine.go:372.21,374.3 1 0
github.com/kubepulse/kubepulse/pkg/core/engine.go:376.2,377.21 2 0
github.com/kubepulse/kubepulse/pkg/core/engine.go:377.21,379.3 1 0
github.com/kubepulse/kubepulse/pkg/core/engine.go:381.2,393.3 1 0
github.com/kubepulse/kubepulse/pkg/core/engine.go:397.61,398.23 1 0
github.com/kubepulse/kubepulse/pkg/core/engine.go:399.27,400.13 1 0
github.com/kubepulse/kubepulse/pkg/core/engine.go:401.28,402.13 1 0
github.com/kubepulse/kubepulse/pkg/core/engine.go:403.29,404.13 1 0
github.com/kubepulse/kubepulse/pkg/core/engine.go:405.10,406.14 1 0
github.com/kubepulse/kubepulse/pkg/core/engine.go:411.56,415.2 1 0
github.com/kubepulse/kubepulse/pkg/core/engine.go:418.52,419.23 1 0
github.com/kubepulse/kubepulse/pkg/core/engine.go:419.23,421.3 1 0
github.com/kubepulse/kubepulse/pkg/core/engine.go:423.2,431.16 5 0
github.com/kubepulse/kubepulse/pkg/core/engine.go:431.16,434.3 2 0
github.com/kubepulse/kubepulse/pkg/core/engine.go:436.2,440.36 2 0
github.com/kubepulse/kubepulse/pkg/core/engine.go:440.36,442.17 2 0
github.com/kubepulse/kubepulse/pkg/core/engine.go:442.17,445.4 2 0
github.com/kubepulse/kubepulse/pkg/core/engine.go:447.3,451.61 2 0
github.com/kubepulse/kubepulse/pkg/core/engine.go:456.82,462.40 4 0
github.com/kubepulse/kubepulse/pkg/core/engine.go:462.40,463.38 1 0
github.com/kubepulse/kubepulse/pkg/core/engine.go:463.38,465.4 1 0
github.com/kubepulse/kubepulse/pkg/core/engine.go:469.2,470.40 2 0
github.com/kubepulse/kubepulse/pkg/core/engine.go:470.40,479.3 1 0
github.com/kubepulse/kubepulse/pkg/core/engine.go:482.2,492.16 2 0
github.com/kubepulse/kubepulse/pkg/core/engine.go:496.114,500.52 3 0
github.com/kubepulse/kubepulse/pkg/core/engine.go:500.52,502.28 1 0
github.com/kubepulse/kubepulse/pkg/core/engine.go:502.28,504.4 1 0
github.com/kubepulse/kubepulse/pkg/core/engine.go:506.3,510.32 4 0
github.com/kubepulse/kubepulse/pkg/core/engine.go:515.62,516.23 1 0
github.com/kubepulse/kubepulse/pkg/core/engine.go:516.23,518.3 1 0
github.com/kubepulse/kubepulse/pkg/core/engine.go:520.2,522.59 3 0
github.com/kubepulse/kubepulse/pkg/core/engine.go:526.74,527.24 1 0
github.com/kubepulse/kubepulse/pkg/core/engine.go:527.24,529.3 1 0
github.com/kubepulse/kubepulse/pkg/core/engine.go:531.2,533.58 3 0
github.com/kubepulse/kubepulse/pkg/core/engine.go:537.74,538.33 1 0
github.com/kubepulse/kubepulse/pkg/core/engine.go:538.33,540.3 1 0
github.com/kubepulse/kubepulse/pkg/core/engine.go:543.2,545.35 3 0
github.com/kubepulse/kubepulse/pkg/core/engine.go:545.35,546.41 1 0
github.com/kubepulse/kubepulse/pkg/core/engine.go:546.41,555.4 1 0
github.com/kubepulse/kubepulse/pkg/core/engine.go:557.2,559.59 2 0
github.com/kubepulse/kubepulse/pkg/core/engine.go:563.94,564.32 1 0
github.com/kubepulse/kubepulse/pkg/core/engine.go:564.32,566.3 1 0
github.com/kubepulse/kubepulse/pkg/core/engine.go:568.2,569.13 2 0
github.com/kubepulse/kubepulse/pkg/core/engine.go:569.13,571.3 1 0
github.com/kubepulse/kubepulse/pkg/core/engine.go:573.2,573.42 1 0
github.com/kubepulse/kubepulse/pkg/core/engine.go:573.42,575.3 1 0
github.com/kubepulse/kubepulse/pkg/core/engine.go:578.2,581.74 3 0
github.com/kubepulse/kubepulse/pkg/core/engine.go:585.98,586.32 1 0
github.com/kubepulse/kubepulse/pkg/core/engine.go:586.32,588.3 1 0
github.com/kubepulse/kubepulse/pkg/core/engine.go:592.2,592.60 1 0
github.com/kubepulse/kubepulse/pkg/core/engine.go:596.69,597.32 1 0
github.com/kubepulse/kubepulse/pkg/core/engine.go:597.32,599.3 1 0
github.com/kubepulse/kubepulse/pkg/core/engine.go:601.2,601.52 1 0
github.com/kubepulse/kubepulse/pkg/core/engine.go:605.51,606.57 1 0
github.com/kubepulse/kubepulse/pkg/core/engine.go:606.57,608.3 1 0
github.com/kubepulse/kubepulse/pkg/core/engine.go:609.2,609.58 1 0
github.com/kubepulse/kubepulse/pkg/core/engine.go:609.58,611.3 1 0
github.com/kubepulse/kubepulse/pkg/core/engine.go:612.2,612.61 1 0
github.com/kubepulse/kubepulse/pkg/core/engine.go:612.61,614.3 1 0
github.com/kubepulse/kubepulse/pkg/core/engine.go:615.2,615.18 1 0
github.com/kubepulse/kubepulse/pkg/core/engine.go:618.51,621.20 2 0
github.com/kubepulse/kubepulse/pkg/core/engine.go:621.20,623.3 1 0
github.com/kubepulse/kubepulse/pkg/core/engine.go:624.2,624.18 1 0
github.com/kubepulse/kubepulse/pkg/core/engine.go:627.52,629.25 2 0
github.com/kubepulse/kubepulse/pkg/core/engine.go:629.25,631.3 1 0
github.com/kubepulse/kubepulse/pkg/core/engine.go:632.2,632.26 1 0
github.com/kubepulse/kubepulse/pkg/core/engine.go:632.26,634.3 1 0
github.com/kubepulse/kubepulse/pkg/core/engine.go:635.2,635.13 1 0
github.com/kubepulse/kubepulse/pkg/core/engine.go:638.49,640.27 2 0
github.com/kubepulse/kubepulse/pkg/core/engine.go:640.27,641.60 1 0
github.com/kubepulse/kubepulse/pkg/core/engine.go:641.60,642.50 1 0
github.com/kubepulse/kubepulse/pkg/core/engine.go:642.50,644.5 1 0
github.com/kubepulse/kubepulse/pkg/core/engine.go:647.2,647.15 1 0
github.com/kubepulse/kubepulse/pkg/core/engine.go:653.76,655.40 2 0
github.com/kubepulse/kubepulse/pkg/core/engine.go:655.40,664.3 1 0
github.com/kubepulse/kubepulse/pkg/core/engine.go:666.2,667.42 2 0
github.com/kubepulse/kubepulse/pkg/core/engine.go:667.42,674.3 1 0
github.com/kubepulse/kubepulse/pkg/core/engine.go:676.2,686.3 1 0
github.com/kubepulse/kubepulse/pkg/core/engine.go:690.89,692.45 2 0
github.com/kubepulse/kubepulse/pkg/core/engine.go:692.45,694.3 1 0
github.com/kubepulse/kubepulse/pkg/core/engine.go:696.2,708.3 1 0
github.com/kubepulse/kubepulse/pkg/core/errors.go:46.38,47.20 1 0
github.com/kubepulse/kubepulse/pkg/core/errors.go:47.20,50.3 1 0
github.com/kubepulse/kubepulse/pkg/core/errors.go:51.2,52.51 1 0
github.com/kubepulse/kubepulse/pkg/core/errors.go:56.38,58.2 1 0
github.com/kubepulse/kubepulse/pkg/core/errors.go:61.140,74.2 1 0
github.com/kubepulse/kubepulse/pkg/core/errors.go:77.79,80.2 2 0
github.com/kubepulse/kubepulse/pkg/core/errors.go:83.62,86.2 2 0
github.com/kubepulse/kubepulse/pkg/core/errors.go:89.44,91.2 1 0
github.com/kubepulse/kubepulse/pkg/core/errors.go:94.41,96.2 1 0
github.com/kubepulse/kubepulse/pkg/core/errors.go:106.79,112.2 1 0
github.com/kubepulse/kubepulse/pkg/core/errors.go:115.55,120.28 2 0
github.com/kubepulse/kubepulse/pkg/core/errors.go:120.28,122.3 1 0
github.com/kubepulse/kubepulse/pkg/core/errors.go:125.2,125.22 1 0
github.com/kubepulse/kubepulse/pkg/core/errors.go:125.22,127.3 1 0
github.com/kubepulse/kubepulse/pkg/core/errors.go:130.2,130.12 1 0
github.com/kubepulse/kubepulse/pkg/core/errors.go:134.65,135.27 1 0
github.com/kubepulse/kubepulse/pkg/core/errors.go:135.27,137.3 1 0
github.com/kubepulse/kubepulse/pkg/core/errors.go:139.2,140.15 2 0
github.com/kubepulse/kubepulse/pkg/core/errors.go:140.15,142.3 1 0
github.com/kubepulse/kubepulse/pkg/core/errors.go:144.2,144.25 1 0
github.com/kubepulse/kubepulse/pkg/core/errors.go:148.82,150.31 2 0
github.com/kubepulse/kubepulse/pkg/core/errors.go:150.31,151.31 1 0
github.com/kubepulse/kubepulse/pkg/core/errors.go:151.31,153.4 1 0
github.com/kubepulse/kubepulse/pkg/core/errors.go:155.2,155.17 1 0
github.com/kubepulse/kubepulse/pkg/core/errors.go:159.50,163.33 2 0
github.com/kubepulse/kubepulse/pkg/core/errors.go:163.33,165.3 1 0
github.com/kubepulse/kubepulse/pkg/core/errors.go:169.31,171.2 1 0
github.com/kubepulse/kubepulse/pkg/core/errors.go:176.90,185.2 1 0
github.com/kubepulse/kubepulse/pkg/core/errors.go:188.70,197.2 1 0
github.com/kubepulse/kubepulse/pkg/core/errors.go:200.78,209.2 1 0
github.com/kubepulse/kubepulse/pkg/core/errors.go:212.81,221.2 1 0
